2025-08-06 16:45:26 (BRT) - INFO - 
############################################################
INICIANDO PROCESSAMENTO DO ARQUIVO: cardapio_junho.pdf
############################################################
2025-08-06 16:45:26 (BRT) - INFO - Total de páginas no PDF: 4
2025-08-06 16:45:26 (BRT) - INFO - 
==================================================
Iniciando processamento da página 1
==================================================
2025-08-06 16:45:26 (BRT) - INFO - Texto extraído (primeiros 200 chars): Cardápio Mês de junho de 2025
segunda-feira, 2 de junho de terça-feira, 3 de junho de quarta-feira, 4 de junho quinta-feira, 5 de sexta-feira, 6 de junho
2025 2025 de 2025 junho de 2025 de 2025
Acelga...
2025-08-06 16:45:26 (BRT) - INFO - Encontradas 2 tabelas na página 1
2025-08-06 16:45:26 (BRT) - INFO - Procurando por dias de recesso...
2025-08-06 16:45:26 (BRT) - INFO - Processando cabeçalhos dos dias...
2025-08-06 16:45:26 (BRT) - DEBUG - Índice 1: segunda-feira, 2 de junho de 2025
2025-08-06 16:45:26 (BRT) - DEBUG - Índice 4: terça-feira, 3 de junho de 2025
2025-08-06 16:45:26 (BRT) - DEBUG - Índice 7: quarta-feira, 4 de junho de 2025
2025-08-06 16:45:26 (BRT) - DEBUG - Índice 10: quinta-feira, 5 de junho de 2025
2025-08-06 16:45:26 (BRT) - DEBUG - Índice 13: sexta-feira, 6 de junho de 2025
2025-08-06 16:45:26 (BRT) - INFO - Processando corpo da tabela...
2025-08-06 16:45:26 (BRT) - INFO - Encontradas 8 linhas de dados
2025-08-06 16:45:26 (BRT) - INFO - DataFrame criado com 8 linhas
2025-08-06 16:45:26 (BRT) - WARNING - Categorias duplicadas encontradas na página 1
2025-08-06 16:45:26 (BRT) - DEBUG - Categorias: ['Saladas' 'Acompanhamento' 'Guarnição' 'Vegetariano' 'Prato Principal']
2025-08-06 16:45:26 (BRT) - ERROR - ERRO no processamento da página 1: Index contains duplicate entries, cannot reshape
Traceback (most recent call last):
  File "/workspaces/AppRefeitorio/cardapio.py", line 89, in processar_pagina
    df_melted['Refeição'] = df_melted['Refeição'].apply(
           ^^^^^^^^^^^^^^^^^^^^^^^^^^^^^^^^^^^^^^^^^^^^^^
  File "/home/codespace/.local/lib/python3.12/site-packages/pandas/core/frame.py", line 9339, in pivot
    return pivot(self, index=index, columns=columns, values=values)
           ^^^^^^^^^^^^^^^^^^^^^^^^^^^^^^^^^^^^^^^^^^^^^^^^^^^^^^^^
  File "/home/codespace/.local/lib/python3.12/site-packages/pandas/core/reshape/pivot.py", line 570, in pivot
    result = indexed.unstack(columns_listlike)  # type: ignore[arg-type]
             ^^^^^^^^^^^^^^^^^^^^^^^^^^^^^^^^^
  File "/home/codespace/.local/lib/python3.12/site-packages/pandas/core/series.py", line 4615, in unstack
    return unstack(self, level, fill_value, sort)
           ^^^^^^^^^^^^^^^^^^^^^^^^^^^^^^^^^^^^^^
  File "/home/codespace/.local/lib/python3.12/site-packages/pandas/core/reshape/reshape.py", line 517, in unstack
    unstacker = _Unstacker(
                ^^^^^^^^^^^
  File "/home/codespace/.local/lib/python3.12/site-packages/pandas/core/reshape/reshape.py", line 154, in __init__
    self._make_selectors()
  File "/home/codespace/.local/lib/python3.12/site-packages/pandas/core/reshape/reshape.py", line 210, in _make_selectors
    raise ValueError("Index contains duplicate entries, cannot reshape")
ValueError: Index contains duplicate entries, cannot reshape
2025-08-06 16:45:26 (BRT) - WARNING - Página 1 retornou DataFrame vazio
2025-08-06 16:45:26 (BRT) - INFO - 
==================================================
Iniciando processamento da página 2
==================================================
2025-08-06 16:45:26 (BRT) - INFO - Texto extraído (primeiros 200 chars): Cardápio Mês de junho de 2025
segunda-feira, 9 de junho terça-feira, 10 de junho de quarta-feira, 11 de junho quinta-feira, 12 de sexta-feira, 13 de junho
de 2025 2025 de 2025 junho de 2025 de 2025
Ac...
2025-08-06 16:45:26 (BRT) - INFO - Encontradas 6 tabelas na página 2
2025-08-06 16:45:26 (BRT) - INFO - Procurando por dias de recesso...
2025-08-06 16:45:26 (BRT) - INFO - Processando cabeçalhos dos dias...
2025-08-06 16:45:26 (BRT) - DEBUG - Índice 1: segunda-feira, 9 de junho de 2025
2025-08-06 16:45:26 (BRT) - DEBUG - Índice 4: terça-feira, 10 de junho de 2025
2025-08-06 16:45:26 (BRT) - DEBUG - Índice 7: quarta-feira, 11 de junho de 2025
2025-08-06 16:45:26 (BRT) - DEBUG - Índice 10: quinta-feira, 12 de junho de 2025
2025-08-06 16:45:26 (BRT) - DEBUG - Índice 13: sexta-feira, 13 de junho de 2025
2025-08-06 16:45:26 (BRT) - INFO - Processando corpo da tabela...
2025-08-06 16:45:26 (BRT) - INFO - Encontradas 8 linhas de dados
2025-08-06 16:45:27 (BRT) - INFO - DataFrame criado com 8 linhas
2025-08-06 16:45:27 (BRT) - WARNING - Categorias duplicadas encontradas na página 2
2025-08-06 16:45:27 (BRT) - DEBUG - Categorias: ['Saladas' 'Acompanhamento' 'Guarnição' 'Vegetariano' 'Prato Principal']
2025-08-06 16:45:27 (BRT) - ERROR - ERRO no processamento da página 2: Index contains duplicate entries, cannot reshape
Traceback (most recent call last):
  File "/workspaces/AppRefeitorio/cardapio.py", line 89, in processar_pagina
    df_melted['Refeição'] = df_melted['Refeição'].apply(
           ^^^^^^^^^^^^^^^^^^^^^^^^^^^^^^^^^^^^^^^^^^^^^^
  File "/home/codespace/.local/lib/python3.12/site-packages/pandas/core/frame.py", line 9339, in pivot
    return pivot(self, index=index, columns=columns, values=values)
           ^^^^^^^^^^^^^^^^^^^^^^^^^^^^^^^^^^^^^^^^^^^^^^^^^^^^^^^^
  File "/home/codespace/.local/lib/python3.12/site-packages/pandas/core/reshape/pivot.py", line 570, in pivot
    result = indexed.unstack(columns_listlike)  # type: ignore[arg-type]
             ^^^^^^^^^^^^^^^^^^^^^^^^^^^^^^^^^
  File "/home/codespace/.local/lib/python3.12/site-packages/pandas/core/series.py", line 4615, in unstack
    return unstack(self, level, fill_value, sort)
           ^^^^^^^^^^^^^^^^^^^^^^^^^^^^^^^^^^^^^^
  File "/home/codespace/.local/lib/python3.12/site-packages/pandas/core/reshape/reshape.py", line 517, in unstack
    unstacker = _Unstacker(
                ^^^^^^^^^^^
  File "/home/codespace/.local/lib/python3.12/site-packages/pandas/core/reshape/reshape.py", line 154, in __init__
    self._make_selectors()
  File "/home/codespace/.local/lib/python3.12/site-packages/pandas/core/reshape/reshape.py", line 210, in _make_selectors
    raise ValueError("Index contains duplicate entries, cannot reshape")
ValueError: Index contains duplicate entries, cannot reshape
2025-08-06 16:45:27 (BRT) - WARNING - Página 2 retornou DataFrame vazio
2025-08-06 16:45:27 (BRT) - INFO - 
==================================================
Iniciando processamento da página 3
==================================================
2025-08-06 16:45:27 (BRT) - INFO - Texto extraído (primeiros 200 chars): Cardápio Mês de junho de 2025
quinta-feira, 19 de sexta-feira, 20 de junho
segunda-feira, 16 de junho terça-feira, 17 de junho quarta-feira, 18 de junho
junho de 2025 de 2025
de 2025 de 2025 de 2025
R...
2025-08-06 16:45:27 (BRT) - INFO - Encontradas 9 tabelas na página 3
2025-08-06 16:45:27 (BRT) - INFO - Procurando por dias de recesso...
2025-08-06 16:45:27 (BRT) - INFO - Processando cabeçalhos dos dias...
2025-08-06 16:45:27 (BRT) - DEBUG - Índice 1: terça-feira, 17 de junho
de 2025 None
2025-08-06 16:45:27 (BRT) - DEBUG - Índice 4: quinta-feira, 19 de junho de 2025
2025-08-06 16:45:27 (BRT) - DEBUG - Índice 7: sexta-feira, 20 de junho de 2025
2025-08-06 16:45:27 (BRT) - DEBUG - Índice 10: 
2025-08-06 16:45:27 (BRT) - DEBUG - Índice 13: 
2025-08-06 16:45:27 (BRT) - INFO - Processando corpo da tabela...
2025-08-06 16:45:27 (BRT) - INFO - Encontradas 13 linhas de dados
2025-08-06 16:45:27 (BRT) - INFO - DataFrame criado com 7 linhas
2025-08-06 16:45:27 (BRT) - WARNING - Categorias duplicadas encontradas na página 3
2025-08-06 16:45:27 (BRT) - DEBUG - Categorias: ['Saladas' 'Acompanhamento' 'Guarnição' 'Vegetariano' 'Prato Principal']
2025-08-06 16:45:27 (BRT) - ERROR - ERRO no processamento da página 3: Index contains duplicate entries, cannot reshape
Traceback (most recent call last):
  File "/workspaces/AppRefeitorio/cardapio.py", line 89, in processar_pagina
    df_melted['Refeição'] = df_melted['Refeição'].apply(
           ^^^^^^^^^^^^^^^^^^^^^^^^^^^^^^^^^^^^^^^^^^^^^^
  File "/home/codespace/.local/lib/python3.12/site-packages/pandas/core/frame.py", line 9339, in pivot
    return pivot(self, index=index, columns=columns, values=values)
           ^^^^^^^^^^^^^^^^^^^^^^^^^^^^^^^^^^^^^^^^^^^^^^^^^^^^^^^^
  File "/home/codespace/.local/lib/python3.12/site-packages/pandas/core/reshape/pivot.py", line 570, in pivot
    result = indexed.unstack(columns_listlike)  # type: ignore[arg-type]
             ^^^^^^^^^^^^^^^^^^^^^^^^^^^^^^^^^
  File "/home/codespace/.local/lib/python3.12/site-packages/pandas/core/series.py", line 4615, in unstack
    return unstack(self, level, fill_value, sort)
           ^^^^^^^^^^^^^^^^^^^^^^^^^^^^^^^^^^^^^^
  File "/home/codespace/.local/lib/python3.12/site-packages/pandas/core/reshape/reshape.py", line 517, in unstack
    unstacker = _Unstacker(
                ^^^^^^^^^^^
  File "/home/codespace/.local/lib/python3.12/site-packages/pandas/core/reshape/reshape.py", line 154, in __init__
    self._make_selectors()
  File "/home/codespace/.local/lib/python3.12/site-packages/pandas/core/reshape/reshape.py", line 210, in _make_selectors
    raise ValueError("Index contains duplicate entries, cannot reshape")
ValueError: Index contains duplicate entries, cannot reshape
2025-08-06 16:45:27 (BRT) - WARNING - Página 3 retornou DataFrame vazio
2025-08-06 16:45:27 (BRT) - INFO - 
==================================================
Iniciando processamento da página 4
==================================================
2025-08-06 16:45:27 (BRT) - INFO - Texto extraído (primeiros 200 chars): Cardápio Mês de junho de 2025
segunda-feira, 23 de junho terça-feira, 24 de junho quarta-feira, 25 de junho quinta-feira, 26 de sexta-feira, 27 de junho
de 2025 de 2025 de 2025 junho de 2025 de 2025
C...
2025-08-06 16:45:27 (BRT) - INFO - Encontradas 6 tabelas na página 4
2025-08-06 16:45:27 (BRT) - INFO - Procurando por dias de recesso...
2025-08-06 16:45:27 (BRT) - INFO - Processando cabeçalhos dos dias...
2025-08-06 16:45:27 (BRT) - DEBUG - Índice 1: segunda-feira, 23 de junho de 2025
2025-08-06 16:45:27 (BRT) - DEBUG - Índice 4: terça-feira, 24 de junho de 2025
2025-08-06 16:45:27 (BRT) - DEBUG - Índice 7: quarta-feira, 25 de junho de 2025
2025-08-06 16:45:27 (BRT) - DEBUG - Índice 10: quinta-feira, 26 de junho de 2025
2025-08-06 16:45:27 (BRT) - DEBUG - Índice 13: sexta-feira, 27 de junho de 2025
2025-08-06 16:45:27 (BRT) - INFO - Processando corpo da tabela...
2025-08-06 16:45:27 (BRT) - INFO - Encontradas 9 linhas de dados
2025-08-06 16:45:27 (BRT) - INFO - DataFrame criado com 9 linhas
2025-08-06 16:45:27 (BRT) - WARNING - Categorias duplicadas encontradas na página 4
2025-08-06 16:45:27 (BRT) - DEBUG - Categorias: ['Saladas' 'Acompanhamento' 'Guarnição' 'Vegetariano' 'Prato Principal']
2025-08-06 16:45:27 (BRT) - ERROR - ERRO no processamento da página 4: Index contains duplicate entries, cannot reshape
Traceback (most recent call last):
  File "/workspaces/AppRefeitorio/cardapio.py", line 89, in processar_pagina
    df_melted['Refeição'] = df_melted['Refeição'].apply(
           ^^^^^^^^^^^^^^^^^^^^^^^^^^^^^^^^^^^^^^^^^^^^^^
  File "/home/codespace/.local/lib/python3.12/site-packages/pandas/core/frame.py", line 9339, in pivot
    return pivot(self, index=index, columns=columns, values=values)
           ^^^^^^^^^^^^^^^^^^^^^^^^^^^^^^^^^^^^^^^^^^^^^^^^^^^^^^^^
  File "/home/codespace/.local/lib/python3.12/site-packages/pandas/core/reshape/pivot.py", line 570, in pivot
    result = indexed.unstack(columns_listlike)  # type: ignore[arg-type]
             ^^^^^^^^^^^^^^^^^^^^^^^^^^^^^^^^^
  File "/home/codespace/.local/lib/python3.12/site-packages/pandas/core/series.py", line 4615, in unstack
    return unstack(self, level, fill_value, sort)
           ^^^^^^^^^^^^^^^^^^^^^^^^^^^^^^^^^^^^^^
  File "/home/codespace/.local/lib/python3.12/site-packages/pandas/core/reshape/reshape.py", line 517, in unstack
    unstacker = _Unstacker(
                ^^^^^^^^^^^
  File "/home/codespace/.local/lib/python3.12/site-packages/pandas/core/reshape/reshape.py", line 154, in __init__
    self._make_selectors()
  File "/home/codespace/.local/lib/python3.12/site-packages/pandas/core/reshape/reshape.py", line 210, in _make_selectors
    raise ValueError("Index contains duplicate entries, cannot reshape")
ValueError: Index contains duplicate entries, cannot reshape
2025-08-06 16:45:27 (BRT) - WARNING - Página 4 retornou DataFrame vazio
2025-08-06 16:45:27 (BRT) - ERROR - Nenhum dado válido foi processado!
2025-08-06 16:45:27 (BRT) - WARNING - Nenhum dado foi salvo - DataFrame vazio
2025-08-06 16:45:38 (BRT) - INFO - 
############################################################
INICIANDO PROCESSAMENTO DO ARQUIVO: cardapio_junho.pdf
############################################################
2025-08-06 16:45:38 (BRT) - INFO - Total de páginas no PDF: 4
2025-08-06 16:45:38 (BRT) - INFO - 
==================================================
Iniciando processamento da página 1
==================================================
2025-08-06 16:45:38 (BRT) - INFO - Texto extraído (primeiros 200 chars): Cardápio Mês de junho de 2025
segunda-feira, 2 de junho de terça-feira, 3 de junho de quarta-feira, 4 de junho quinta-feira, 5 de sexta-feira, 6 de junho
2025 2025 de 2025 junho de 2025 de 2025
Acelga...
2025-08-06 16:45:38 (BRT) - INFO - Encontradas 2 tabelas na página 1
2025-08-06 16:45:38 (BRT) - INFO - Procurando por dias de recesso...
2025-08-06 16:45:38 (BRT) - INFO - Processando cabeçalhos dos dias...
2025-08-06 16:45:38 (BRT) - DEBUG - Índice 1: segunda-feira, 2 de junho de 2025
2025-08-06 16:45:38 (BRT) - DEBUG - Índice 4: terça-feira, 3 de junho de 2025
2025-08-06 16:45:39 (BRT) - DEBUG - Índice 7: quarta-feira, 4 de junho de 2025
2025-08-06 16:45:39 (BRT) - DEBUG - Índice 10: quinta-feira, 5 de junho de 2025
2025-08-06 16:45:39 (BRT) - DEBUG - Índice 13: sexta-feira, 6 de junho de 2025
2025-08-06 16:45:39 (BRT) - INFO - Processando corpo da tabela...
2025-08-06 16:45:39 (BRT) - INFO - Encontradas 8 linhas de dados
2025-08-06 16:45:39 (BRT) - INFO - DataFrame criado com 8 linhas
2025-08-06 16:45:39 (BRT) - WARNING - Categorias duplicadas encontradas na página 1
2025-08-06 16:45:39 (BRT) - DEBUG - Categorias: ['Saladas' 'Acompanhamento' 'Guarnição' 'Vegetariano' 'Prato Principal']
2025-08-06 16:45:39 (BRT) - ERROR - ERRO no processamento da página 1: Index contains duplicate entries, cannot reshape
Traceback (most recent call last):
  File "/workspaces/AppRefeitorio/cardapio.py", line 89, in processar_pagina
    df_melted['Refeição'] = df_melted['Refeição'].apply(
           ^^^^^^^^^^^^^^^^^^^^^^^^^^^^^^^^^^^^^^^^^^^^^^
  File "/home/codespace/.local/lib/python3.12/site-packages/pandas/core/frame.py", line 9339, in pivot
    return pivot(self, index=index, columns=columns, values=values)
           ^^^^^^^^^^^^^^^^^^^^^^^^^^^^^^^^^^^^^^^^^^^^^^^^^^^^^^^^
  File "/home/codespace/.local/lib/python3.12/site-packages/pandas/core/reshape/pivot.py", line 570, in pivot
    result = indexed.unstack(columns_listlike)  # type: ignore[arg-type]
             ^^^^^^^^^^^^^^^^^^^^^^^^^^^^^^^^^
  File "/home/codespace/.local/lib/python3.12/site-packages/pandas/core/series.py", line 4615, in unstack
    return unstack(self, level, fill_value, sort)
           ^^^^^^^^^^^^^^^^^^^^^^^^^^^^^^^^^^^^^^
  File "/home/codespace/.local/lib/python3.12/site-packages/pandas/core/reshape/reshape.py", line 517, in unstack
    unstacker = _Unstacker(
                ^^^^^^^^^^^
  File "/home/codespace/.local/lib/python3.12/site-packages/pandas/core/reshape/reshape.py", line 154, in __init__
    self._make_selectors()
  File "/home/codespace/.local/lib/python3.12/site-packages/pandas/core/reshape/reshape.py", line 210, in _make_selectors
    raise ValueError("Index contains duplicate entries, cannot reshape")
ValueError: Index contains duplicate entries, cannot reshape
2025-08-06 16:45:39 (BRT) - WARNING - Página 1 retornou DataFrame vazio
2025-08-06 16:45:39 (BRT) - INFO - 
==================================================
Iniciando processamento da página 2
==================================================
2025-08-06 16:45:39 (BRT) - INFO - Texto extraído (primeiros 200 chars): Cardápio Mês de junho de 2025
segunda-feira, 9 de junho terça-feira, 10 de junho de quarta-feira, 11 de junho quinta-feira, 12 de sexta-feira, 13 de junho
de 2025 2025 de 2025 junho de 2025 de 2025
Ac...
2025-08-06 16:45:39 (BRT) - INFO - Encontradas 6 tabelas na página 2
2025-08-06 16:45:39 (BRT) - INFO - Procurando por dias de recesso...
2025-08-06 16:45:39 (BRT) - INFO - Processando cabeçalhos dos dias...
2025-08-06 16:45:39 (BRT) - DEBUG - Índice 1: segunda-feira, 9 de junho de 2025
2025-08-06 16:45:39 (BRT) - DEBUG - Índice 4: terça-feira, 10 de junho de 2025
2025-08-06 16:45:39 (BRT) - DEBUG - Índice 7: quarta-feira, 11 de junho de 2025
2025-08-06 16:45:39 (BRT) - DEBUG - Índice 10: quinta-feira, 12 de junho de 2025
2025-08-06 16:45:39 (BRT) - DEBUG - Índice 13: sexta-feira, 13 de junho de 2025
2025-08-06 16:45:39 (BRT) - INFO - Processando corpo da tabela...
2025-08-06 16:45:39 (BRT) - INFO - Encontradas 8 linhas de dados
2025-08-06 16:45:39 (BRT) - INFO - DataFrame criado com 8 linhas
2025-08-06 16:45:39 (BRT) - WARNING - Categorias duplicadas encontradas na página 2
2025-08-06 16:45:39 (BRT) - DEBUG - Categorias: ['Saladas' 'Acompanhamento' 'Guarnição' 'Vegetariano' 'Prato Principal']
2025-08-06 16:45:39 (BRT) - ERROR - ERRO no processamento da página 2: Index contains duplicate entries, cannot reshape
Traceback (most recent call last):
  File "/workspaces/AppRefeitorio/cardapio.py", line 89, in processar_pagina
    df_melted['Refeição'] = df_melted['Refeição'].apply(
           ^^^^^^^^^^^^^^^^^^^^^^^^^^^^^^^^^^^^^^^^^^^^^^
  File "/home/codespace/.local/lib/python3.12/site-packages/pandas/core/frame.py", line 9339, in pivot
    return pivot(self, index=index, columns=columns, values=values)
           ^^^^^^^^^^^^^^^^^^^^^^^^^^^^^^^^^^^^^^^^^^^^^^^^^^^^^^^^
  File "/home/codespace/.local/lib/python3.12/site-packages/pandas/core/reshape/pivot.py", line 570, in pivot
    result = indexed.unstack(columns_listlike)  # type: ignore[arg-type]
             ^^^^^^^^^^^^^^^^^^^^^^^^^^^^^^^^^
  File "/home/codespace/.local/lib/python3.12/site-packages/pandas/core/series.py", line 4615, in unstack
    return unstack(self, level, fill_value, sort)
           ^^^^^^^^^^^^^^^^^^^^^^^^^^^^^^^^^^^^^^
  File "/home/codespace/.local/lib/python3.12/site-packages/pandas/core/reshape/reshape.py", line 517, in unstack
    unstacker = _Unstacker(
                ^^^^^^^^^^^
  File "/home/codespace/.local/lib/python3.12/site-packages/pandas/core/reshape/reshape.py", line 154, in __init__
    self._make_selectors()
  File "/home/codespace/.local/lib/python3.12/site-packages/pandas/core/reshape/reshape.py", line 210, in _make_selectors
    raise ValueError("Index contains duplicate entries, cannot reshape")
ValueError: Index contains duplicate entries, cannot reshape
2025-08-06 16:45:39 (BRT) - WARNING - Página 2 retornou DataFrame vazio
2025-08-06 16:45:39 (BRT) - INFO - 
==================================================
Iniciando processamento da página 3
==================================================
2025-08-06 16:45:39 (BRT) - INFO - Texto extraído (primeiros 200 chars): Cardápio Mês de junho de 2025
quinta-feira, 19 de sexta-feira, 20 de junho
segunda-feira, 16 de junho terça-feira, 17 de junho quarta-feira, 18 de junho
junho de 2025 de 2025
de 2025 de 2025 de 2025
R...
2025-08-06 16:45:39 (BRT) - INFO - Encontradas 9 tabelas na página 3
2025-08-06 16:45:39 (BRT) - INFO - Procurando por dias de recesso...
2025-08-06 16:45:39 (BRT) - INFO - Processando cabeçalhos dos dias...
2025-08-06 16:45:39 (BRT) - DEBUG - Índice 1: terça-feira, 17 de junho
de 2025 None
2025-08-06 16:45:39 (BRT) - DEBUG - Índice 4: quinta-feira, 19 de junho de 2025
2025-08-06 16:45:39 (BRT) - DEBUG - Índice 7: sexta-feira, 20 de junho de 2025
2025-08-06 16:45:39 (BRT) - DEBUG - Índice 10: 
2025-08-06 16:45:39 (BRT) - DEBUG - Índice 13: 
2025-08-06 16:45:39 (BRT) - INFO - Processando corpo da tabela...
2025-08-06 16:45:39 (BRT) - INFO - Encontradas 13 linhas de dados
2025-08-06 16:45:39 (BRT) - INFO - DataFrame criado com 7 linhas
2025-08-06 16:45:39 (BRT) - WARNING - Categorias duplicadas encontradas na página 3
2025-08-06 16:45:39 (BRT) - DEBUG - Categorias: ['Saladas' 'Acompanhamento' 'Guarnição' 'Vegetariano' 'Prato Principal']
2025-08-06 16:45:39 (BRT) - ERROR - ERRO no processamento da página 3: Index contains duplicate entries, cannot reshape
Traceback (most recent call last):
  File "/workspaces/AppRefeitorio/cardapio.py", line 89, in processar_pagina
    df_melted['Refeição'] = df_melted['Refeição'].apply(
           ^^^^^^^^^^^^^^^^^^^^^^^^^^^^^^^^^^^^^^^^^^^^^^
  File "/home/codespace/.local/lib/python3.12/site-packages/pandas/core/frame.py", line 9339, in pivot
    return pivot(self, index=index, columns=columns, values=values)
           ^^^^^^^^^^^^^^^^^^^^^^^^^^^^^^^^^^^^^^^^^^^^^^^^^^^^^^^^
  File "/home/codespace/.local/lib/python3.12/site-packages/pandas/core/reshape/pivot.py", line 570, in pivot
    result = indexed.unstack(columns_listlike)  # type: ignore[arg-type]
             ^^^^^^^^^^^^^^^^^^^^^^^^^^^^^^^^^
  File "/home/codespace/.local/lib/python3.12/site-packages/pandas/core/series.py", line 4615, in unstack
    return unstack(self, level, fill_value, sort)
           ^^^^^^^^^^^^^^^^^^^^^^^^^^^^^^^^^^^^^^
  File "/home/codespace/.local/lib/python3.12/site-packages/pandas/core/reshape/reshape.py", line 517, in unstack
    unstacker = _Unstacker(
                ^^^^^^^^^^^
  File "/home/codespace/.local/lib/python3.12/site-packages/pandas/core/reshape/reshape.py", line 154, in __init__
    self._make_selectors()
  File "/home/codespace/.local/lib/python3.12/site-packages/pandas/core/reshape/reshape.py", line 210, in _make_selectors
    raise ValueError("Index contains duplicate entries, cannot reshape")
ValueError: Index contains duplicate entries, cannot reshape
2025-08-06 16:45:39 (BRT) - WARNING - Página 3 retornou DataFrame vazio
2025-08-06 16:45:39 (BRT) - INFO - 
==================================================
Iniciando processamento da página 4
==================================================
2025-08-06 16:45:40 (BRT) - INFO - Texto extraído (primeiros 200 chars): Cardápio Mês de junho de 2025
segunda-feira, 23 de junho terça-feira, 24 de junho quarta-feira, 25 de junho quinta-feira, 26 de sexta-feira, 27 de junho
de 2025 de 2025 de 2025 junho de 2025 de 2025
C...
2025-08-06 16:45:40 (BRT) - INFO - Encontradas 6 tabelas na página 4
2025-08-06 16:45:40 (BRT) - INFO - Procurando por dias de recesso...
2025-08-06 16:45:40 (BRT) - INFO - Processando cabeçalhos dos dias...
2025-08-06 16:45:40 (BRT) - DEBUG - Índice 1: segunda-feira, 23 de junho de 2025
2025-08-06 16:45:40 (BRT) - DEBUG - Índice 4: terça-feira, 24 de junho de 2025
2025-08-06 16:45:40 (BRT) - DEBUG - Índice 7: quarta-feira, 25 de junho de 2025
2025-08-06 16:45:40 (BRT) - DEBUG - Índice 10: quinta-feira, 26 de junho de 2025
2025-08-06 16:45:40 (BRT) - DEBUG - Índice 13: sexta-feira, 27 de junho de 2025
2025-08-06 16:45:40 (BRT) - INFO - Processando corpo da tabela...
2025-08-06 16:45:40 (BRT) - INFO - Encontradas 9 linhas de dados
2025-08-06 16:45:40 (BRT) - INFO - DataFrame criado com 9 linhas
2025-08-06 16:45:40 (BRT) - WARNING - Categorias duplicadas encontradas na página 4
2025-08-06 16:45:40 (BRT) - DEBUG - Categorias: ['Saladas' 'Acompanhamento' 'Guarnição' 'Vegetariano' 'Prato Principal']
2025-08-06 16:45:40 (BRT) - ERROR - ERRO no processamento da página 4: Index contains duplicate entries, cannot reshape
Traceback (most recent call last):
  File "/workspaces/AppRefeitorio/cardapio.py", line 89, in processar_pagina
    df_melted['Refeição'] = df_melted['Refeição'].apply(
           ^^^^^^^^^^^^^^^^^^^^^^^^^^^^^^^^^^^^^^^^^^^^^^
  File "/home/codespace/.local/lib/python3.12/site-packages/pandas/core/frame.py", line 9339, in pivot
    return pivot(self, index=index, columns=columns, values=values)
           ^^^^^^^^^^^^^^^^^^^^^^^^^^^^^^^^^^^^^^^^^^^^^^^^^^^^^^^^
  File "/home/codespace/.local/lib/python3.12/site-packages/pandas/core/reshape/pivot.py", line 570, in pivot
    result = indexed.unstack(columns_listlike)  # type: ignore[arg-type]
             ^^^^^^^^^^^^^^^^^^^^^^^^^^^^^^^^^
  File "/home/codespace/.local/lib/python3.12/site-packages/pandas/core/series.py", line 4615, in unstack
    return unstack(self, level, fill_value, sort)
           ^^^^^^^^^^^^^^^^^^^^^^^^^^^^^^^^^^^^^^
  File "/home/codespace/.local/lib/python3.12/site-packages/pandas/core/reshape/reshape.py", line 517, in unstack
    unstacker = _Unstacker(
                ^^^^^^^^^^^
  File "/home/codespace/.local/lib/python3.12/site-packages/pandas/core/reshape/reshape.py", line 154, in __init__
    self._make_selectors()
  File "/home/codespace/.local/lib/python3.12/site-packages/pandas/core/reshape/reshape.py", line 210, in _make_selectors
    raise ValueError("Index contains duplicate entries, cannot reshape")
ValueError: Index contains duplicate entries, cannot reshape
2025-08-06 16:45:40 (BRT) - WARNING - Página 4 retornou DataFrame vazio
2025-08-06 16:45:40 (BRT) - ERROR - Nenhum dado válido foi processado!
2025-08-06 16:45:40 (BRT) - WARNING - Nenhum dado foi salvo - DataFrame vazio
