2025-09-03 15:14:18 (BRT) - INFO - ============================================================
2025-09-03 15:14:18 (BRT) - INFO - PROCESSAMENTO COMPLETO - TODAS AS SEMANAS
2025-09-03 15:14:18 (BRT) - INFO - ============================================================
2025-09-03 15:14:18 (BRT) - INFO - Processando tabela 1/2
2025-09-03 15:14:18 (BRT) - INFO - Linha de datas da tabela 0: ['', 'segunda-feira, 01 setembro de 2025', 'segunda-feira, 01 setembro de 2025', 'terça-feira, 02 setembro de 2025', 'quarta-feira, 03 setembro de 2025', 'quinta-feira, 04 setembro de 2025', 'sexta-feira, 05 setembro de 2025']
2025-09-03 15:14:18 (BRT) - INFO - Processando tabela 2/2
2025-09-03 15:14:18 (BRT) - INFO - Linha de datas da tabela 1: ['', 'segunda-feira, 22 setembro de 2025', 'terça-feira, 23 setembro de 2025', 'quarta-feira, 24 setembro de 2025', 'quinta-feira, 25 setembro de 2025', 'sexta-feira, 26 setembro de 2025']
2025-09-03 15:14:18 (BRT) - INFO - DataFrame final com 10 dias de 2 tabelas
2025-09-03 15:26:10 (BRT) - INFO - ============================================================
2025-09-03 15:26:10 (BRT) - INFO - PROCESSAMENTO VERTICAL - UM DIA POR LINHA
2025-09-03 15:26:10 (BRT) - INFO - ============================================================
2025-09-03 15:26:10 (BRT) - INFO - Iniciando leitura verticalizada da tabela: Cardápio de mes setembro.docx
2025-09-03 15:26:10 (BRT) - INFO - Tabela encontrada com 47 linhas
2025-09-03 15:26:10 (BRT) - DEBUG - Linha 0: ['', 'segunda-feira, 01 setembro de 2025', 'segunda-feira, 01 setembro de 2025', 'terça-feira, 02 setembro de 2025', 'quarta-feira, 03 setembro de 2025', 'quinta-feira, 04 setembro de 2025', 'sexta-feira, 05 setembro de 2025']
2025-09-03 15:26:10 (BRT) - DEBUG - Linha 1: ['', '', '', '', '', '', '']
2025-09-03 15:26:10 (BRT) - DEBUG - Linha 2: ['Saladas', 'Alface com cenoura', 'Alface com cenoura', 'Almeirão com pepino', 'Alface com rabanete', 'Acelga com tomate', 'Radite com pepino']
2025-09-03 15:26:10 (BRT) - DEBUG - Linha 3: ['Saladas', 'Mix grão (milho, ervilha, grão de bico)', 'Mix grão (milho, ervilha, grão de bico)', 'Chuchu   colorido\nFruta', 'Cenoura cozida', 'Repolho cozido\nFruta', 'Trigo e abobrinha  a vinagrete']
2025-09-03 15:26:10 (BRT) - DEBUG - Linha 4: ['', '', '', '', '', '', '']
2025-09-03 15:26:10 (BRT) - INFO - Cabeçalho encontrado na linha 0: ['', 'segunda-feira, 01 setembro de 2025', 'segunda-feira, 01 setembro de 2025', 'terça-feira, 02 setembro de 2025', 'quarta-feira, 03 setembro de 2025', 'quinta-feira, 04 setembro de 2025', 'sexta-feira, 05 setembro de 2025']
2025-09-03 15:26:10 (BRT) - INFO - Datas encontradas: ['segunda-feira, 01 setembro de 2025', 'segunda-feira, 01 setembro de 2025', 'terça-feira, 02 setembro de 2025', 'quarta-feira, 03 setembro de 2025', 'quinta-feira, 04 setembro de 2025', 'sexta-feira, 05 setembro de 2025']
2025-09-03 15:26:10 (BRT) - INFO - Dados após remover linhas vazias: 27 linhas
2025-09-03 15:26:10 (BRT) - INFO - Processando coluna 0: segunda-feira, 01 setembro de 2025
2025-09-03 15:26:10 (BRT) - INFO - Cardápio processado para segunda-feira, 01 setembro de 2025
2025-09-03 15:26:10 (BRT) - INFO - Processando coluna 1: segunda-feira, 01 setembro de 2025
2025-09-03 15:26:10 (BRT) - INFO - Cardápio processado para segunda-feira, 01 setembro de 2025
2025-09-03 15:26:10 (BRT) - INFO - Processando coluna 2: terça-feira, 02 setembro de 2025
2025-09-03 15:26:10 (BRT) - INFO - Cardápio processado para terça-feira, 02 setembro de 2025
2025-09-03 15:26:10 (BRT) - INFO - Processando coluna 3: quarta-feira, 03 setembro de 2025
2025-09-03 15:26:10 (BRT) - INFO - Cardápio processado para quarta-feira, 03 setembro de 2025
2025-09-03 15:26:10 (BRT) - INFO - Processando coluna 4: quinta-feira, 04 setembro de 2025
2025-09-03 15:26:10 (BRT) - INFO - Cardápio processado para quinta-feira, 04 setembro de 2025
2025-09-03 15:26:10 (BRT) - INFO - Processando coluna 5: sexta-feira, 05 setembro de 2025
2025-09-03 15:26:10 (BRT) - INFO - Cardápio processado para sexta-feira, 05 setembro de 2025
2025-09-03 15:26:10 (BRT) - INFO - DataFrame criado com 6 dias
2025-09-03 15:26:10 (BRT) - INFO - Processamento concluído com sucesso!
2025-09-03 15:26:10 (BRT) - INFO - Shape do DataFrame: (6, 6)
2025-09-03 15:26:10 (BRT) - INFO - Colunas: ['Data', 'Saladas', 'Acompanhamento', 'Guarnição', 'Prato Principal', 'Vegetariano']
2025-09-03 15:26:11 (BRT) - INFO - Dias processados: ['segunda-feira, 01 setembro de 2025', 'segunda-feira, 01 setembro de 2025', 'terça-feira, 02 setembro de 2025', 'quarta-feira, 03 setembro de 2025', 'quinta-feira, 04 setembro de 2025', 'sexta-feira, 05 setembro de 2025']
2025-09-03 15:26:11 (BRT) - INFO - Dia 0: segunda-feira, 01 setembro de 2025
2025-09-03 15:26:11 (BRT) - INFO -   Saladas: 
2025-09-03 15:26:11 (BRT) - INFO -   Acompanhamento: 
2025-09-03 15:26:11 (BRT) - INFO -   Prato Principal: 
2025-09-03 15:26:11 (BRT) - INFO - Dia 1: segunda-feira, 01 setembro de 2025
2025-09-03 15:26:11 (BRT) - INFO -   Saladas: Alface com cenoura
Mix grão (milho, ervilha, grão de bico)
Almeirão cenoura
Vinagrete de lentilha
Alface
Lentilha com tomate
2025-09-03 15:26:11 (BRT) - INFO -   Acompanhamento: Arroz Branco
Feijão Preto
Arroz Branco
Feijão Preto
Arroz Branco
Feijão Preto
2025-09-03 15:26:11 (BRT) - INFO -   Prato Principal: Iscas suínas aceboladas
segunda-feira,  08 setembro de 2025
Frango xadrez
segunda-feira, 15 setembro de 2025
Frango assado ao molho de mostarda
2025-09-03 15:26:11 (BRT) - INFO - Dia 2: terça-feira, 02 setembro de 2025
2025-09-03 15:26:11 (BRT) - INFO -   Saladas: Alface com cenoura
Mix grão (milho, ervilha, grão de bico)
Almeirão cenoura
Vinagrete de lentilha
Alface
Lentilha com tomate
2025-09-03 15:26:11 (BRT) - INFO -   Acompanhamento: Arroz Branco
Feijão Preto
Arroz Branco
Feijão Preto
Arroz Branco
Feijão Preto
2025-09-03 15:26:11 (BRT) - INFO -   Prato Principal: Iscas suínas aceboladas
segunda-feira,  08 setembro de 2025
Frango xadrez
segunda-feira, 15 setembro de 2025
Frango assado ao molho de mostarda
2025-09-03 15:26:11 (BRT) - INFO - Dia 3: quarta-feira, 03 setembro de 2025
2025-09-03 15:26:11 (BRT) - INFO -   Saladas: Almeirão com pepino
Chuchu   colorido
Fruta
Agrião com Cenoura
Beterraba cozida
Fruta
Acelga com rabanete
Grão de bico á vinagrete
Fruta
2025-09-03 15:26:11 (BRT) - INFO -   Acompanhamento: Arroz Branco
Feijão Preto
Arroz Branco
Feijão Preto
Arroz Branco
Feijão Preto
2025-09-03 15:26:11 (BRT) - INFO -   Prato Principal: Frango assado
terça-feira, 09 setembro de 2025
Bife ao molho escuro
terça-feira, 16 setembro de 2025
Strogonoff de frango
2025-09-03 15:26:11 (BRT) - INFO - Dia 4: quinta-feira, 04 setembro de 2025
2025-09-03 15:26:11 (BRT) - INFO -   Saladas: Alface com rabanete
Cenoura cozida
Mix de folhas com tomate
Chuchu cozido
Chicória com cebola
Beterraba cozida
2025-09-03 15:26:11 (BRT) - INFO -   Acompanhamento: Arroz Branco/arroz integral
Feijão Preto
Arroz Branco
Feijão carioca
Arroz Branco
Feijão carioca
2025-09-03 15:26:11 (BRT) - INFO -   Prato Principal: Rocambole de frango
quarta-feira, 10 setembro de 2025
Peixe á milanesa
quarta-feira, 16  setembro de 2025
Bife bovino acebolado
