2025-09-03 14:33:51 (BRT) - INFO - ============================================================
2025-09-03 14:33:51 (BRT) - INFO - INICIANDO PROCESSAMENTO DE CARDÁPIO
2025-09-03 14:33:51 (BRT) - INFO - ============================================================
2025-09-03 14:33:51 (BRT) - INFO - Iniciando processamento do arquivo: seu_arquivo.docx
2025-09-03 14:33:51 (BRT) - INFO - Índice da tabela: 0
2025-09-03 14:33:51 (BRT) - ERROR - Erro geral no processamento: Package not found at 'seu_arquivo.docx'
2025-09-03 14:33:51 (BRT) - ERROR - Erro na função principal: Package not found at 'seu_arquivo.docx'
2025-09-03 14:33:51 (BRT) - INFO - Iniciando processamento do arquivo: Cardápio de mes setembro.docx
2025-09-03 14:33:51 (BRT) - INFO - Índice da tabela: 0
2025-09-03 14:33:51 (BRT) - INFO - Tabela encontrada com 47 linhas
2025-09-03 14:33:51 (BRT) - DEBUG - Linha 0: ['', 'segunda-feira, 01 setembro de 2025', 'segunda-feira, 01 setembro de 2025', 'terça-feira, 02 setembro de 2025', 'quarta-feira, 03 setembro de 2025', 'quinta-feira, 04 setembro de 2025', 'sexta-feira, 05 setembro de 2025']
2025-09-03 14:33:51 (BRT) - DEBUG - Linha 1: ['', '', '', '', '', '', '']
2025-09-03 14:33:51 (BRT) - DEBUG - Linha 2: ['Saladas', 'Alface com cenoura', 'Alface com cenoura', 'Almeirão com pepino', 'Alface com rabanete', 'Acelga com tomate', 'Radite com pepino']
2025-09-03 14:33:51 (BRT) - DEBUG - Linha 3: ['Saladas', 'Mix grão (milho, ervilha, grão de bico)', 'Mix grão (milho, ervilha, grão de bico)', 'Chuchu   colorido\nFruta', 'Cenoura cozida', 'Repolho cozido\nFruta', 'Trigo e abobrinha  a vinagrete']
2025-09-03 14:33:51 (BRT) - DEBUG - Linha 4: ['', '', '', '', '', '', '']
2025-09-03 14:33:52 (BRT) - INFO - Data encontrada na linha 0: segunda-feira, 01 setembro de 2025
2025-09-03 14:33:52 (BRT) - INFO - Data encontrada na linha 17: segunda-feira,  08 setembro de 2025
2025-09-03 14:33:52 (BRT) - INFO - Data encontrada na linha 33: segunda-feira, 15 setembro de 2025
2025-09-03 14:33:52 (BRT) - INFO - Encontradas 3 datas no documento
2025-09-03 14:33:52 (BRT) - INFO - Processando dia: segunda-feira, 01 setembro de 2025
2025-09-03 14:33:52 (BRT) - DEBUG - Nova categoria 'Saladas' na linha 2
2025-09-03 14:33:52 (BRT) - DEBUG -   Prato 'Alface com cenoura' adicionado à categoria 'Saladas'
2025-09-03 14:33:52 (BRT) - DEBUG -   Prato 'Alface com cenoura' adicionado à categoria 'Saladas'
2025-09-03 14:33:52 (BRT) - DEBUG -   Prato 'Almeirão com pepino' adicionado à categoria 'Saladas'
2025-09-03 14:33:52 (BRT) - DEBUG -   Prato 'Alface com rabanete' adicionado à categoria 'Saladas'
2025-09-03 14:33:52 (BRT) - DEBUG -   Prato 'Acelga com tomate' adicionado à categoria 'Saladas'
2025-09-03 14:33:52 (BRT) - DEBUG -   Prato 'Radite com pepino' adicionado à categoria 'Saladas'
2025-09-03 14:33:52 (BRT) - DEBUG - Nova categoria 'Saladas' na linha 3
2025-09-03 14:33:52 (BRT) - DEBUG -   Prato 'Mix grão (milho, ervilha, grão de bico)' adicionado à categoria 'Saladas'
2025-09-03 14:33:52 (BRT) - DEBUG -   Prato 'Mix grão (milho, ervilha, grão de bico)' adicionado à categoria 'Saladas'
2025-09-03 14:33:52 (BRT) - DEBUG -   Prato 'Chuchu   colorido
Fruta' adicionado à categoria 'Saladas'
2025-09-03 14:33:52 (BRT) - DEBUG -   Prato 'Cenoura cozida' adicionado à categoria 'Saladas'
2025-09-03 14:33:52 (BRT) - DEBUG -   Prato 'Repolho cozido
Fruta' adicionado à categoria 'Saladas'
2025-09-03 14:33:52 (BRT) - DEBUG -   Prato 'Trigo e abobrinha  a vinagrete' adicionado à categoria 'Saladas'
2025-09-03 14:33:52 (BRT) - DEBUG - Nova categoria 'Acompanhamento' na linha 5
2025-09-03 14:33:52 (BRT) - DEBUG -   Prato 'Arroz Branco' adicionado à categoria 'Acompanhamento'
2025-09-03 14:33:52 (BRT) - DEBUG -   Prato 'Arroz Branco' adicionado à categoria 'Acompanhamento'
2025-09-03 14:33:52 (BRT) - DEBUG -   Prato 'Arroz Branco' adicionado à categoria 'Acompanhamento'
2025-09-03 14:33:52 (BRT) - DEBUG -   Prato 'Arroz Branco/arroz integral' adicionado à categoria 'Acompanhamento'
2025-09-03 14:33:52 (BRT) - DEBUG -   Prato 'Arroz Branco' adicionado à categoria 'Acompanhamento'
2025-09-03 14:33:52 (BRT) - DEBUG -   Prato 'Arroz Branco' adicionado à categoria 'Acompanhamento'
2025-09-03 14:33:52 (BRT) - DEBUG - Nova categoria 'Acompanhamento' na linha 6
2025-09-03 14:33:52 (BRT) - DEBUG -   Prato 'Feijão Preto' adicionado à categoria 'Acompanhamento'
2025-09-03 14:33:52 (BRT) - DEBUG -   Prato 'Feijão Preto' adicionado à categoria 'Acompanhamento'
2025-09-03 14:33:52 (BRT) - DEBUG -   Prato 'Feijão Preto' adicionado à categoria 'Acompanhamento'
2025-09-03 14:33:52 (BRT) - DEBUG -   Prato 'Feijão Preto' adicionado à categoria 'Acompanhamento'
2025-09-03 14:33:52 (BRT) - DEBUG -   Prato 'Feijão Preto' adicionado à categoria 'Acompanhamento'
2025-09-03 14:33:52 (BRT) - DEBUG -   Prato 'Feijão Preto' adicionado à categoria 'Acompanhamento'
2025-09-03 14:33:52 (BRT) - DEBUG - Nova categoria 'Guarnição' na linha 8
2025-09-03 14:33:52 (BRT) - DEBUG -   Prato 'Quirerinha temperada' adicionado à categoria 'Guarnição'
2025-09-03 14:33:52 (BRT) - DEBUG -   Prato 'Quirerinha temperada' adicionado à categoria 'Guarnição'
2025-09-03 14:33:52 (BRT) - DEBUG -   Prato 'Espaguete asso molho sugo' adicionado à categoria 'Guarnição'
2025-09-03 14:33:52 (BRT) - DEBUG -   Prato 'Legumes confitados' adicionado à categoria 'Guarnição'
2025-09-03 14:33:52 (BRT) - DEBUG -   Prato 'Aipim souté' adicionado à categoria 'Guarnição'
2025-09-03 14:33:52 (BRT) - DEBUG -   Prato 'Macarrão ao molho branco' adicionado à categoria 'Guarnição'
2025-09-03 14:33:52 (BRT) - DEBUG - Nova categoria 'Vegetariano' na linha 10
2025-09-03 14:33:52 (BRT) - DEBUG -   Prato 'Ovo mexido' adicionado à categoria 'Vegetariano'
2025-09-03 14:33:52 (BRT) - DEBUG -   Prato 'Ovo mexido' adicionado à categoria 'Vegetariano'
2025-09-03 14:33:52 (BRT) - DEBUG -   Prato 'Misto de legumes refogados' adicionado à categoria 'Vegetariano'
2025-09-03 14:33:52 (BRT) - DEBUG -   Prato 'Panqueca e proteína de soja' adicionado à categoria 'Vegetariano'
2025-09-03 14:33:52 (BRT) - DEBUG -   Prato 'Mini pizza de beringela' adicionado à categoria 'Vegetariano'
2025-09-03 14:33:52 (BRT) - DEBUG -   Prato 'Torta salgada' adicionado à categoria 'Vegetariano'
2025-09-03 14:33:52 (BRT) - DEBUG - Nova categoria 'Vegetariano' na linha 11
2025-09-03 14:33:52 (BRT) - DEBUG -   Prato 'Ovo mexido' adicionado à categoria 'Vegetariano'
2025-09-03 14:33:52 (BRT) - DEBUG -   Prato 'Ovo mexido' adicionado à categoria 'Vegetariano'
2025-09-03 14:33:52 (BRT) - DEBUG -   Prato 'Misto de legumes refogados' adicionado à categoria 'Vegetariano'
2025-09-03 14:33:52 (BRT) - DEBUG -   Prato 'Panqueca e proteína de soja' adicionado à categoria 'Vegetariano'
2025-09-03 14:33:52 (BRT) - DEBUG -   Prato 'Mini pizza de beringela' adicionado à categoria 'Vegetariano'
2025-09-03 14:33:52 (BRT) - DEBUG -   Prato 'Torta salgada' adicionado à categoria 'Vegetariano'
2025-09-03 14:33:52 (BRT) - DEBUG - Nova categoria 'Prato Principal' na linha 13
2025-09-03 14:33:52 (BRT) - DEBUG -   Prato 'Iscas suínas aceboladas' adicionado à categoria 'Prato Principal'
2025-09-03 14:33:52 (BRT) - DEBUG -   Prato 'Iscas suínas aceboladas' adicionado à categoria 'Prato Principal'
2025-09-03 14:33:52 (BRT) - DEBUG -   Prato 'Frango assado' adicionado à categoria 'Prato Principal'
2025-09-03 14:33:52 (BRT) - DEBUG -   Prato 'Rocambole de frango' adicionado à categoria 'Prato Principal'
2025-09-03 14:33:52 (BRT) - DEBUG -   Prato 'Bife ao molho vermelho' adicionado à categoria 'Prato Principal'
2025-09-03 14:33:52 (BRT) - DEBUG -   Prato 'Strogonoff de frango' adicionado à categoria 'Prato Principal'
2025-09-03 14:33:52 (BRT) - INFO - Cardápio processado para segunda-feira, 01 setembro de 2025:
2025-09-03 14:33:52 (BRT) - INFO -   Saladas: 6 pratos
2025-09-03 14:33:52 (BRT) - INFO -   Acompanhamento: 6 pratos
2025-09-03 14:33:52 (BRT) - INFO -   Guarnição: 6 pratos
2025-09-03 14:33:52 (BRT) - INFO -   Vegetariano: 6 pratos
2025-09-03 14:33:52 (BRT) - INFO -   Prato Principal: 6 pratos
2025-09-03 14:33:52 (BRT) - INFO - Processando dia: segunda-feira,  08 setembro de 2025
2025-09-03 14:33:52 (BRT) - DEBUG - Nova categoria 'Saladas' na linha 19
2025-09-03 14:33:52 (BRT) - DEBUG -   Prato 'Almeirão cenoura' adicionado à categoria 'Saladas'
2025-09-03 14:33:53 (BRT) - DEBUG -   Prato 'Almeirão cenoura' adicionado à categoria 'Saladas'
2025-09-03 14:33:53 (BRT) - DEBUG -   Prato 'Agrião com Cenoura' adicionado à categoria 'Saladas'
2025-09-03 14:33:53 (BRT) - DEBUG -   Prato 'Mix de folhas com tomate' adicionado à categoria 'Saladas'
2025-09-03 14:33:53 (BRT) - DEBUG -   Prato 'Alface com repolho' adicionado à categoria 'Saladas'
2025-09-03 14:33:53 (BRT) - DEBUG -   Prato 'Acelga com pepino' adicionado à categoria 'Saladas'
2025-09-03 14:33:53 (BRT) - DEBUG - Nova categoria 'Saladas' na linha 20
2025-09-03 14:33:53 (BRT) - DEBUG -   Prato 'Vinagrete de lentilha' adicionado à categoria 'Saladas'
2025-09-03 14:33:53 (BRT) - DEBUG -   Prato 'Vinagrete de lentilha' adicionado à categoria 'Saladas'
2025-09-03 14:33:53 (BRT) - DEBUG -   Prato 'Beterraba cozida
Fruta' adicionado à categoria 'Saladas'
2025-09-03 14:33:53 (BRT) - DEBUG -   Prato 'Chuchu cozido' adicionado à categoria 'Saladas'
2025-09-03 14:33:53 (BRT) - DEBUG -   Prato 'Cenoura cozida
Fruta' adicionado à categoria 'Saladas'
2025-09-03 14:33:53 (BRT) - DEBUG -   Prato 'Mix grão' adicionado à categoria 'Saladas'
2025-09-03 14:33:53 (BRT) - DEBUG - Nova categoria 'Acompanhamento' na linha 22
2025-09-03 14:33:53 (BRT) - DEBUG -   Prato 'Arroz Branco' adicionado à categoria 'Acompanhamento'
2025-09-03 14:33:53 (BRT) - DEBUG -   Prato 'Arroz Branco' adicionado à categoria 'Acompanhamento'
2025-09-03 14:33:53 (BRT) - DEBUG -   Prato 'Arroz Branco' adicionado à categoria 'Acompanhamento'
2025-09-03 14:33:53 (BRT) - DEBUG -   Prato 'Arroz Branco' adicionado à categoria 'Acompanhamento'
2025-09-03 14:33:53 (BRT) - DEBUG -   Prato 'Arroz Branco' adicionado à categoria 'Acompanhamento'
2025-09-03 14:33:53 (BRT) - DEBUG -   Prato 'Arroz Branco/ arroz colorido' adicionado à categoria 'Acompanhamento'
2025-09-03 14:33:53 (BRT) - DEBUG - Nova categoria 'Acompanhamento' na linha 23
2025-09-03 14:33:53 (BRT) - DEBUG -   Prato 'Feijão Preto' adicionado à categoria 'Acompanhamento'
2025-09-03 14:33:53 (BRT) - DEBUG -   Prato 'Feijão Preto' adicionado à categoria 'Acompanhamento'
2025-09-03 14:33:53 (BRT) - DEBUG -   Prato 'Feijão Preto' adicionado à categoria 'Acompanhamento'
2025-09-03 14:33:53 (BRT) - DEBUG -   Prato 'Feijão carioca' adicionado à categoria 'Acompanhamento'
2025-09-03 14:33:53 (BRT) - DEBUG -   Prato 'Feijão Preto' adicionado à categoria 'Acompanhamento'
2025-09-03 14:33:53 (BRT) - DEBUG -   Prato 'Feijão Preto' adicionado à categoria 'Acompanhamento'
2025-09-03 14:33:53 (BRT) - DEBUG - Nova categoria 'Guarnição' na linha 25
2025-09-03 14:33:53 (BRT) - DEBUG -   Prato 'Polenta cremosa' adicionado à categoria 'Guarnição'
2025-09-03 14:33:53 (BRT) - DEBUG -   Prato 'Polenta cremosa' adicionado à categoria 'Guarnição'
2025-09-03 14:33:53 (BRT) - DEBUG -   Prato 'Cabotiá caramelizada' adicionado à categoria 'Guarnição'
2025-09-03 14:33:53 (BRT) - DEBUG -   Prato 'Purê de batata ao molho sugo' adicionado à categoria 'Guarnição'
2025-09-03 14:33:53 (BRT) - DEBUG -   Prato 'Farofa de couve' adicionado à categoria 'Guarnição'
2025-09-03 14:33:53 (BRT) - DEBUG -   Prato 'Macarrão ao alho e óleo' adicionado à categoria 'Guarnição'
2025-09-03 14:33:53 (BRT) - DEBUG - Nova categoria 'Vegetariano' na linha 27
2025-09-03 14:33:53 (BRT) - DEBUG -   Prato 'Ovo ao molho caipira (com milho e ervilha)' adicionado à categoria 'Vegetariano'
2025-09-03 14:33:53 (BRT) - DEBUG -   Prato 'Ovo ao molho caipira (com milho e ervilha)' adicionado à categoria 'Vegetariano'
2025-09-03 14:33:53 (BRT) - DEBUG -   Prato 'Abobrinha recheada' adicionado à categoria 'Vegetariano'
2025-09-03 14:33:53 (BRT) - DEBUG -   Prato 'Escondidinho de batata com proteína de soja' adicionado à categoria 'Vegetariano'
2025-09-03 14:33:53 (BRT) - DEBUG -   Prato 'Espetinho de legumes' adicionado à categoria 'Vegetariano'
2025-09-03 14:33:53 (BRT) - DEBUG -   Prato 'Gratinado de chuchu' adicionado à categoria 'Vegetariano'
2025-09-03 14:33:53 (BRT) - DEBUG - Nova categoria 'Vegetariano' na linha 28
2025-09-03 14:33:53 (BRT) - DEBUG -   Prato 'Ovo ao molho caipira (com milho e ervilha)' adicionado à categoria 'Vegetariano'
2025-09-03 14:33:53 (BRT) - DEBUG -   Prato 'Ovo ao molho caipira (com milho e ervilha)' adicionado à categoria 'Vegetariano'
2025-09-03 14:33:53 (BRT) - DEBUG -   Prato 'Abobrinha recheada' adicionado à categoria 'Vegetariano'
2025-09-03 14:33:53 (BRT) - DEBUG -   Prato 'Escondidinho de batata com proteína de soja' adicionado à categoria 'Vegetariano'
2025-09-03 14:33:53 (BRT) - DEBUG -   Prato 'Espetinho de legumes' adicionado à categoria 'Vegetariano'
2025-09-03 14:33:53 (BRT) - DEBUG -   Prato 'Gratinado de chuchu' adicionado à categoria 'Vegetariano'
2025-09-03 14:33:53 (BRT) - DEBUG - Nova categoria 'Prato Principal' na linha 30
2025-09-03 14:33:53 (BRT) - DEBUG -   Prato 'Frango xadrez' adicionado à categoria 'Prato Principal'
2025-09-03 14:33:53 (BRT) - DEBUG -   Prato 'Frango xadrez' adicionado à categoria 'Prato Principal'
2025-09-03 14:33:53 (BRT) - DEBUG -   Prato 'Bife ao molho escuro' adicionado à categoria 'Prato Principal'
2025-09-03 14:33:53 (BRT) - DEBUG -   Prato 'Peixe á milanesa' adicionado à categoria 'Prato Principal'
2025-09-03 14:33:53 (BRT) - DEBUG -   Prato 'Frango ao molho' adicionado à categoria 'Prato Principal'
2025-09-03 14:33:53 (BRT) - DEBUG -   Prato 'Pernil grelhado' adicionado à categoria 'Prato Principal'
2025-09-03 14:33:53 (BRT) - INFO - Cardápio processado para segunda-feira,  08 setembro de 2025:
2025-09-03 14:33:53 (BRT) - INFO -   Saladas: 6 pratos
2025-09-03 14:33:53 (BRT) - INFO -   Acompanhamento: 6 pratos
2025-09-03 14:33:53 (BRT) - INFO -   Guarnição: 6 pratos
2025-09-03 14:33:53 (BRT) - INFO -   Vegetariano: 6 pratos
2025-09-03 14:33:53 (BRT) - INFO -   Prato Principal: 6 pratos
2025-09-03 14:33:53 (BRT) - INFO - Processando dia: segunda-feira, 15 setembro de 2025
2025-09-03 14:33:53 (BRT) - DEBUG - Nova categoria 'Saladas' na linha 35
2025-09-03 14:33:53 (BRT) - DEBUG -   Prato 'Alface' adicionado à categoria 'Saladas'
2025-09-03 14:33:53 (BRT) - DEBUG -   Prato 'Alface' adicionado à categoria 'Saladas'
2025-09-03 14:33:53 (BRT) - DEBUG -   Prato 'Acelga com rabanete' adicionado à categoria 'Saladas'
2025-09-03 14:33:53 (BRT) - DEBUG -   Prato 'Chicória com cebola' adicionado à categoria 'Saladas'
2025-09-03 14:33:53 (BRT) - DEBUG -   Prato 'Alface com cenoura' adicionado à categoria 'Saladas'
2025-09-03 14:33:53 (BRT) - DEBUG -   Prato 'Almeirão com tomate' adicionado à categoria 'Saladas'
2025-09-03 14:33:53 (BRT) - DEBUG - Nova categoria 'Saladas' na linha 36
2025-09-03 14:33:53 (BRT) - DEBUG -   Prato 'Lentilha com tomate' adicionado à categoria 'Saladas'
2025-09-03 14:33:53 (BRT) - DEBUG -   Prato 'Lentilha com tomate' adicionado à categoria 'Saladas'
2025-09-03 14:33:53 (BRT) - DEBUG -   Prato 'Grão de bico á vinagrete
Fruta' adicionado à categoria 'Saladas'
2025-09-03 14:33:53 (BRT) - DEBUG -   Prato 'Beterraba cozida' adicionado à categoria 'Saladas'
2025-09-03 14:33:53 (BRT) - DEBUG -   Prato 'Chuchu cozido
Fruta' adicionado à categoria 'Saladas'
2025-09-03 14:33:53 (BRT) - DEBUG -   Prato 'Repolho cozido' adicionado à categoria 'Saladas'
2025-09-03 14:33:53 (BRT) - DEBUG - Nova categoria 'Acompanhamento' na linha 38
2025-09-03 14:33:53 (BRT) - DEBUG -   Prato 'Arroz Branco' adicionado à categoria 'Acompanhamento'
2025-09-03 14:33:53 (BRT) - DEBUG -   Prato 'Arroz Branco' adicionado à categoria 'Acompanhamento'
2025-09-03 14:33:53 (BRT) - DEBUG -   Prato 'Arroz Branco' adicionado à categoria 'Acompanhamento'
2025-09-03 14:33:53 (BRT) - DEBUG -   Prato 'Arroz Branco' adicionado à categoria 'Acompanhamento'
2025-09-03 14:33:53 (BRT) - DEBUG -   Prato 'Arroz Branco' adicionado à categoria 'Acompanhamento'
2025-09-03 14:33:53 (BRT) - DEBUG -   Prato 'Arroz Branco' adicionado à categoria 'Acompanhamento'
2025-09-03 14:33:53 (BRT) - DEBUG - Nova categoria 'Acompanhamento' na linha 39
2025-09-03 14:33:53 (BRT) - DEBUG -   Prato 'Feijão Preto' adicionado à categoria 'Acompanhamento'
2025-09-03 14:33:53 (BRT) - DEBUG -   Prato 'Feijão Preto' adicionado à categoria 'Acompanhamento'
2025-09-03 14:33:53 (BRT) - DEBUG -   Prato 'Feijão Preto' adicionado à categoria 'Acompanhamento'
2025-09-03 14:33:53 (BRT) - DEBUG -   Prato 'Feijão carioca' adicionado à categoria 'Acompanhamento'
2025-09-03 14:33:53 (BRT) - DEBUG -   Prato 'Feijão Preto' adicionado à categoria 'Acompanhamento'
2025-09-03 14:33:53 (BRT) - DEBUG -   Prato 'Feijão Preto' adicionado à categoria 'Acompanhamento'
2025-09-03 14:33:53 (BRT) - DEBUG - Nova categoria 'Guarnição' na linha 41
2025-09-03 14:33:53 (BRT) - DEBUG -   Prato 'Aipim com ervas finas' adicionado à categoria 'Guarnição'
2025-09-03 14:33:53 (BRT) - DEBUG -   Prato 'Aipim com ervas finas' adicionado à categoria 'Guarnição'
2025-09-03 14:33:53 (BRT) - DEBUG -   Prato 'Macarrão á brasileira (com milho e ervilha)' adicionado à categoria 'Guarnição'
2025-09-03 14:33:53 (BRT) - DEBUG -   Prato 'Torta salgada' adicionado à categoria 'Guarnição'
2025-09-03 14:33:53 (BRT) - DEBUG -   Prato 'Batata doce confitada' adicionado à categoria 'Guarnição'
2025-09-03 14:33:53 (BRT) - DEBUG -   Prato 'Macarrão com ervas finas' adicionado à categoria 'Guarnição'
2025-09-03 14:33:53 (BRT) - DEBUG - Nova categoria 'Vegetariano' na linha 43
2025-09-03 14:33:53 (BRT) - DEBUG -   Prato 'Mini pizza de abobrinha' adicionado à categoria 'Vegetariano'
2025-09-03 14:33:53 (BRT) - DEBUG -   Prato 'Mini pizza de abobrinha' adicionado à categoria 'Vegetariano'
2025-09-03 14:33:53 (BRT) - DEBUG -   Prato 'Legumes ao molho branco' adicionado à categoria 'Vegetariano'
2025-09-03 14:33:53 (BRT) - DEBUG -   Prato 'Hambúrguer de aveia com legumes' adicionado à categoria 'Vegetariano'
2025-09-03 14:33:54 (BRT) - DEBUG -   Prato 'Refogado de proteína de soja' adicionado à categoria 'Vegetariano'
2025-09-03 14:33:54 (BRT) - DEBUG -   Prato 'Ovo cozido' adicionado à categoria 'Vegetariano'
2025-09-03 14:33:54 (BRT) - DEBUG - Nova categoria 'Vegetariano' na linha 44
2025-09-03 14:33:54 (BRT) - DEBUG -   Prato 'Mini pizza de abobrinha' adicionado à categoria 'Vegetariano'
2025-09-03 14:33:54 (BRT) - DEBUG -   Prato 'Mini pizza de abobrinha' adicionado à categoria 'Vegetariano'
2025-09-03 14:33:54 (BRT) - DEBUG -   Prato 'Legumes ao molho branco' adicionado à categoria 'Vegetariano'
2025-09-03 14:33:54 (BRT) - DEBUG -   Prato 'Hambúrguer de aveia com legumes' adicionado à categoria 'Vegetariano'
2025-09-03 14:33:54 (BRT) - DEBUG -   Prato 'Refogado de proteína de soja' adicionado à categoria 'Vegetariano'
2025-09-03 14:33:54 (BRT) - DEBUG -   Prato 'Ovo cozido' adicionado à categoria 'Vegetariano'
2025-09-03 14:33:54 (BRT) - DEBUG - Nova categoria 'Prato Principal' na linha 46
2025-09-03 14:33:54 (BRT) - DEBUG -   Prato 'Frango assado ao molho de mostarda' adicionado à categoria 'Prato Principal'
2025-09-03 14:33:54 (BRT) - DEBUG -   Prato 'Frango assado ao molho de mostarda' adicionado à categoria 'Prato Principal'
2025-09-03 14:33:54 (BRT) - DEBUG -   Prato 'Strogonoff de frango' adicionado à categoria 'Prato Principal'
2025-09-03 14:33:54 (BRT) - DEBUG -   Prato 'Bife bovino acebolado' adicionado à categoria 'Prato Principal'
2025-09-03 14:33:54 (BRT) - DEBUG -   Prato 'Hambúrguer suíno ao molho tomatelli' adicionado à categoria 'Prato Principal'
2025-09-03 14:33:54 (BRT) - DEBUG -   Prato 'Entreveiro (frango, suíno e bovino)' adicionado à categoria 'Prato Principal'
2025-09-03 14:33:54 (BRT) - INFO - Cardápio processado para segunda-feira, 15 setembro de 2025:
2025-09-03 14:33:54 (BRT) - INFO -   Saladas: 6 pratos
2025-09-03 14:33:54 (BRT) - INFO -   Acompanhamento: 6 pratos
2025-09-03 14:33:54 (BRT) - INFO -   Guarnição: 6 pratos
2025-09-03 14:33:54 (BRT) - INFO -   Vegetariano: 6 pratos
2025-09-03 14:33:54 (BRT) - INFO -   Prato Principal: 6 pratos
2025-09-03 14:33:54 (BRT) - INFO - Processamento concluído. Total de dias processados: 3
2025-09-03 14:33:54 (BRT) - INFO - Convertendo cardápios para DataFrame
2025-09-03 14:33:54 (BRT) - INFO - DataFrame criado com 90 linhas e 4 colunas
2025-09-03 14:33:54 (BRT) - INFO - Colunas: ['data', 'categoria', 'prato', 'ordem']
2025-09-03 14:33:54 (BRT) - INFO - Primeiras 5 linhas do DataFrame:
2025-09-03 14:33:54 (BRT) - INFO -   Linha 0: {'data': 'segunda-feira, 01 setembro de 2025', 'categoria': 'Saladas', 'prato': 'Mix grão (milho, ervilha, grão de bico)', 'ordem': 1}
2025-09-03 14:33:54 (BRT) - INFO -   Linha 1: {'data': 'segunda-feira, 01 setembro de 2025', 'categoria': 'Saladas', 'prato': 'Mix grão (milho, ervilha, grão de bico)', 'ordem': 2}
2025-09-03 14:33:54 (BRT) - INFO -   Linha 2: {'data': 'segunda-feira, 01 setembro de 2025', 'categoria': 'Saladas', 'prato': 'Chuchu   colorido\nFruta', 'ordem': 3}
2025-09-03 14:33:54 (BRT) - INFO -   Linha 3: {'data': 'segunda-feira, 01 setembro de 2025', 'categoria': 'Saladas', 'prato': 'Cenoura cozida', 'ordem': 4}
2025-09-03 14:33:54 (BRT) - INFO -   Linha 4: {'data': 'segunda-feira, 01 setembro de 2025', 'categoria': 'Saladas', 'prato': 'Repolho cozido\nFruta', 'ordem': 5}
2025-09-03 14:44:21 (BRT) - INFO - ============================================================
2025-09-03 14:44:21 (BRT) - INFO - INICIANDO PROCESSAMENTO DE CARDÁPIO
2025-09-03 14:44:21 (BRT) - INFO - ============================================================
2025-09-03 14:44:21 (BRT) - INFO - Iniciando processamento do arquivo: Cardápio de mes setembro.docx
2025-09-03 14:44:21 (BRT) - INFO - Índice da tabela: 0
2025-09-03 14:44:21 (BRT) - INFO - Tabela encontrada com 47 linhas
2025-09-03 14:44:21 (BRT) - DEBUG - Linha 0: ['', 'segunda-feira, 01 setembro de 2025', 'segunda-feira, 01 setembro de 2025', 'terça-feira, 02 setembro de 2025', 'quarta-feira, 03 setembro de 2025', 'quinta-feira, 04 setembro de 2025', 'sexta-feira, 05 setembro de 2025']
2025-09-03 14:44:21 (BRT) - DEBUG - Linha 1: ['', '', '', '', '', '', '']
2025-09-03 14:44:21 (BRT) - DEBUG - Linha 2: ['Saladas', 'Alface com cenoura', 'Alface com cenoura', 'Almeirão com pepino', 'Alface com rabanete', 'Acelga com tomate', 'Radite com pepino']
2025-09-03 14:44:21 (BRT) - DEBUG - Linha 3: ['Saladas', 'Mix grão (milho, ervilha, grão de bico)', 'Mix grão (milho, ervilha, grão de bico)', 'Chuchu   colorido\nFruta', 'Cenoura cozida', 'Repolho cozido\nFruta', 'Trigo e abobrinha  a vinagrete']
2025-09-03 14:44:21 (BRT) - DEBUG - Linha 4: ['', '', '', '', '', '', '']
2025-09-03 14:44:21 (BRT) - INFO - Data encontrada na linha 0: segunda-feira, 01 setembro de 2025
2025-09-03 14:44:21 (BRT) - INFO - Data encontrada na linha 17: segunda-feira,  08 setembro de 2025
2025-09-03 14:44:21 (BRT) - INFO - Data encontrada na linha 33: segunda-feira, 15 setembro de 2025
2025-09-03 14:44:21 (BRT) - INFO - Encontradas 3 datas no documento
2025-09-03 14:44:21 (BRT) - INFO - Processando dia: segunda-feira, 01 setembro de 2025
2025-09-03 14:44:21 (BRT) - DEBUG - Nova categoria 'Saladas' na linha 2
2025-09-03 14:44:21 (BRT) - DEBUG -   Prato 'Alface com cenoura' adicionado à categoria 'Saladas'
2025-09-03 14:44:21 (BRT) - DEBUG -   Prato 'Alface com cenoura' adicionado à categoria 'Saladas'
2025-09-03 14:44:21 (BRT) - DEBUG -   Prato 'Almeirão com pepino' adicionado à categoria 'Saladas'
2025-09-03 14:44:21 (BRT) - DEBUG -   Prato 'Alface com rabanete' adicionado à categoria 'Saladas'
2025-09-03 14:44:21 (BRT) - DEBUG -   Prato 'Acelga com tomate' adicionado à categoria 'Saladas'
2025-09-03 14:44:21 (BRT) - DEBUG -   Prato 'Radite com pepino' adicionado à categoria 'Saladas'
2025-09-03 14:44:21 (BRT) - DEBUG - Nova categoria 'Saladas' na linha 3
2025-09-03 14:44:21 (BRT) - DEBUG -   Prato 'Mix grão (milho, ervilha, grão de bico)' adicionado à categoria 'Saladas'
2025-09-03 14:44:21 (BRT) - DEBUG -   Prato 'Mix grão (milho, ervilha, grão de bico)' adicionado à categoria 'Saladas'
2025-09-03 14:44:21 (BRT) - DEBUG -   Prato 'Chuchu   colorido
Fruta' adicionado à categoria 'Saladas'
2025-09-03 14:44:21 (BRT) - DEBUG -   Prato 'Cenoura cozida' adicionado à categoria 'Saladas'
2025-09-03 14:44:21 (BRT) - DEBUG -   Prato 'Repolho cozido
Fruta' adicionado à categoria 'Saladas'
2025-09-03 14:44:21 (BRT) - DEBUG -   Prato 'Trigo e abobrinha  a vinagrete' adicionado à categoria 'Saladas'
2025-09-03 14:44:21 (BRT) - DEBUG - Nova categoria 'Acompanhamento' na linha 5
2025-09-03 14:44:21 (BRT) - DEBUG -   Prato 'Arroz Branco' adicionado à categoria 'Acompanhamento'
2025-09-03 14:44:21 (BRT) - DEBUG -   Prato 'Arroz Branco' adicionado à categoria 'Acompanhamento'
2025-09-03 14:44:21 (BRT) - DEBUG -   Prato 'Arroz Branco' adicionado à categoria 'Acompanhamento'
2025-09-03 14:44:21 (BRT) - DEBUG -   Prato 'Arroz Branco/arroz integral' adicionado à categoria 'Acompanhamento'
2025-09-03 14:44:21 (BRT) - DEBUG -   Prato 'Arroz Branco' adicionado à categoria 'Acompanhamento'
2025-09-03 14:44:21 (BRT) - DEBUG -   Prato 'Arroz Branco' adicionado à categoria 'Acompanhamento'
2025-09-03 14:44:21 (BRT) - DEBUG - Nova categoria 'Acompanhamento' na linha 6
2025-09-03 14:44:21 (BRT) - DEBUG -   Prato 'Feijão Preto' adicionado à categoria 'Acompanhamento'
2025-09-03 14:44:21 (BRT) - DEBUG -   Prato 'Feijão Preto' adicionado à categoria 'Acompanhamento'
2025-09-03 14:44:21 (BRT) - DEBUG -   Prato 'Feijão Preto' adicionado à categoria 'Acompanhamento'
2025-09-03 14:44:21 (BRT) - DEBUG -   Prato 'Feijão Preto' adicionado à categoria 'Acompanhamento'
2025-09-03 14:44:21 (BRT) - DEBUG -   Prato 'Feijão Preto' adicionado à categoria 'Acompanhamento'
2025-09-03 14:44:21 (BRT) - DEBUG -   Prato 'Feijão Preto' adicionado à categoria 'Acompanhamento'
2025-09-03 14:44:21 (BRT) - DEBUG - Nova categoria 'Guarnição' na linha 8
2025-09-03 14:44:21 (BRT) - DEBUG -   Prato 'Quirerinha temperada' adicionado à categoria 'Guarnição'
2025-09-03 14:44:21 (BRT) - DEBUG -   Prato 'Quirerinha temperada' adicionado à categoria 'Guarnição'
2025-09-03 14:44:21 (BRT) - DEBUG -   Prato 'Espaguete asso molho sugo' adicionado à categoria 'Guarnição'
2025-09-03 14:44:21 (BRT) - DEBUG -   Prato 'Legumes confitados' adicionado à categoria 'Guarnição'
2025-09-03 14:44:21 (BRT) - DEBUG -   Prato 'Aipim souté' adicionado à categoria 'Guarnição'
2025-09-03 14:44:21 (BRT) - DEBUG -   Prato 'Macarrão ao molho branco' adicionado à categoria 'Guarnição'
2025-09-03 14:44:21 (BRT) - DEBUG - Nova categoria 'Vegetariano' na linha 10
2025-09-03 14:44:21 (BRT) - DEBUG -   Prato 'Ovo mexido' adicionado à categoria 'Vegetariano'
2025-09-03 14:44:21 (BRT) - DEBUG -   Prato 'Ovo mexido' adicionado à categoria 'Vegetariano'
2025-09-03 14:44:21 (BRT) - DEBUG -   Prato 'Misto de legumes refogados' adicionado à categoria 'Vegetariano'
2025-09-03 14:44:21 (BRT) - DEBUG -   Prato 'Panqueca e proteína de soja' adicionado à categoria 'Vegetariano'
2025-09-03 14:44:21 (BRT) - DEBUG -   Prato 'Mini pizza de beringela' adicionado à categoria 'Vegetariano'
2025-09-03 14:44:21 (BRT) - DEBUG -   Prato 'Torta salgada' adicionado à categoria 'Vegetariano'
2025-09-03 14:44:21 (BRT) - DEBUG - Nova categoria 'Vegetariano' na linha 11
2025-09-03 14:44:21 (BRT) - DEBUG -   Prato 'Ovo mexido' adicionado à categoria 'Vegetariano'
2025-09-03 14:44:21 (BRT) - DEBUG -   Prato 'Ovo mexido' adicionado à categoria 'Vegetariano'
2025-09-03 14:44:21 (BRT) - DEBUG -   Prato 'Misto de legumes refogados' adicionado à categoria 'Vegetariano'
2025-09-03 14:44:21 (BRT) - DEBUG -   Prato 'Panqueca e proteína de soja' adicionado à categoria 'Vegetariano'
2025-09-03 14:44:21 (BRT) - DEBUG -   Prato 'Mini pizza de beringela' adicionado à categoria 'Vegetariano'
2025-09-03 14:44:21 (BRT) - DEBUG -   Prato 'Torta salgada' adicionado à categoria 'Vegetariano'
2025-09-03 14:44:21 (BRT) - DEBUG - Nova categoria 'Prato Principal' na linha 13
2025-09-03 14:44:21 (BRT) - DEBUG -   Prato 'Iscas suínas aceboladas' adicionado à categoria 'Prato Principal'
2025-09-03 14:44:21 (BRT) - DEBUG -   Prato 'Iscas suínas aceboladas' adicionado à categoria 'Prato Principal'
2025-09-03 14:44:21 (BRT) - DEBUG -   Prato 'Frango assado' adicionado à categoria 'Prato Principal'
2025-09-03 14:44:21 (BRT) - DEBUG -   Prato 'Rocambole de frango' adicionado à categoria 'Prato Principal'
2025-09-03 14:44:21 (BRT) - DEBUG -   Prato 'Bife ao molho vermelho' adicionado à categoria 'Prato Principal'
2025-09-03 14:44:21 (BRT) - DEBUG -   Prato 'Strogonoff de frango' adicionado à categoria 'Prato Principal'
2025-09-03 14:44:21 (BRT) - INFO - Cardápio processado para segunda-feira, 01 setembro de 2025:
2025-09-03 14:44:21 (BRT) - INFO -   Saladas: 6 pratos
2025-09-03 14:44:21 (BRT) - INFO -   Acompanhamento: 6 pratos
2025-09-03 14:44:21 (BRT) - INFO -   Guarnição: 6 pratos
2025-09-03 14:44:21 (BRT) - INFO -   Vegetariano: 6 pratos
2025-09-03 14:44:21 (BRT) - INFO -   Prato Principal: 6 pratos
2025-09-03 14:44:21 (BRT) - INFO - Processando dia: segunda-feira,  08 setembro de 2025
2025-09-03 14:44:21 (BRT) - DEBUG - Nova categoria 'Saladas' na linha 19
2025-09-03 14:44:21 (BRT) - DEBUG -   Prato 'Almeirão cenoura' adicionado à categoria 'Saladas'
2025-09-03 14:44:22 (BRT) - DEBUG -   Prato 'Almeirão cenoura' adicionado à categoria 'Saladas'
2025-09-03 14:44:22 (BRT) - DEBUG -   Prato 'Agrião com Cenoura' adicionado à categoria 'Saladas'
2025-09-03 14:44:22 (BRT) - DEBUG -   Prato 'Mix de folhas com tomate' adicionado à categoria 'Saladas'
2025-09-03 14:44:22 (BRT) - DEBUG -   Prato 'Alface com repolho' adicionado à categoria 'Saladas'
2025-09-03 14:44:22 (BRT) - DEBUG -   Prato 'Acelga com pepino' adicionado à categoria 'Saladas'
2025-09-03 14:44:22 (BRT) - DEBUG - Nova categoria 'Saladas' na linha 20
2025-09-03 14:44:22 (BRT) - DEBUG -   Prato 'Vinagrete de lentilha' adicionado à categoria 'Saladas'
2025-09-03 14:44:22 (BRT) - DEBUG -   Prato 'Vinagrete de lentilha' adicionado à categoria 'Saladas'
2025-09-03 14:44:22 (BRT) - DEBUG -   Prato 'Beterraba cozida
Fruta' adicionado à categoria 'Saladas'
2025-09-03 14:44:22 (BRT) - DEBUG -   Prato 'Chuchu cozido' adicionado à categoria 'Saladas'
2025-09-03 14:44:22 (BRT) - DEBUG -   Prato 'Cenoura cozida
Fruta' adicionado à categoria 'Saladas'
2025-09-03 14:44:22 (BRT) - DEBUG -   Prato 'Mix grão' adicionado à categoria 'Saladas'
2025-09-03 14:44:22 (BRT) - DEBUG - Nova categoria 'Acompanhamento' na linha 22
2025-09-03 14:44:22 (BRT) - DEBUG -   Prato 'Arroz Branco' adicionado à categoria 'Acompanhamento'
2025-09-03 14:44:22 (BRT) - DEBUG -   Prato 'Arroz Branco' adicionado à categoria 'Acompanhamento'
2025-09-03 14:44:22 (BRT) - DEBUG -   Prato 'Arroz Branco' adicionado à categoria 'Acompanhamento'
2025-09-03 14:44:22 (BRT) - DEBUG -   Prato 'Arroz Branco' adicionado à categoria 'Acompanhamento'
2025-09-03 14:44:22 (BRT) - DEBUG -   Prato 'Arroz Branco' adicionado à categoria 'Acompanhamento'
2025-09-03 14:44:22 (BRT) - DEBUG -   Prato 'Arroz Branco/ arroz colorido' adicionado à categoria 'Acompanhamento'
2025-09-03 14:44:22 (BRT) - DEBUG - Nova categoria 'Acompanhamento' na linha 23
2025-09-03 14:44:22 (BRT) - DEBUG -   Prato 'Feijão Preto' adicionado à categoria 'Acompanhamento'
2025-09-03 14:44:22 (BRT) - DEBUG -   Prato 'Feijão Preto' adicionado à categoria 'Acompanhamento'
2025-09-03 14:44:22 (BRT) - DEBUG -   Prato 'Feijão Preto' adicionado à categoria 'Acompanhamento'
2025-09-03 14:44:22 (BRT) - DEBUG -   Prato 'Feijão carioca' adicionado à categoria 'Acompanhamento'
2025-09-03 14:44:22 (BRT) - DEBUG -   Prato 'Feijão Preto' adicionado à categoria 'Acompanhamento'
2025-09-03 14:44:22 (BRT) - DEBUG -   Prato 'Feijão Preto' adicionado à categoria 'Acompanhamento'
2025-09-03 14:44:22 (BRT) - DEBUG - Nova categoria 'Guarnição' na linha 25
2025-09-03 14:44:22 (BRT) - DEBUG -   Prato 'Polenta cremosa' adicionado à categoria 'Guarnição'
2025-09-03 14:44:22 (BRT) - DEBUG -   Prato 'Polenta cremosa' adicionado à categoria 'Guarnição'
2025-09-03 14:44:22 (BRT) - DEBUG -   Prato 'Cabotiá caramelizada' adicionado à categoria 'Guarnição'
2025-09-03 14:44:22 (BRT) - DEBUG -   Prato 'Purê de batata ao molho sugo' adicionado à categoria 'Guarnição'
2025-09-03 14:44:22 (BRT) - DEBUG -   Prato 'Farofa de couve' adicionado à categoria 'Guarnição'
2025-09-03 14:44:22 (BRT) - DEBUG -   Prato 'Macarrão ao alho e óleo' adicionado à categoria 'Guarnição'
2025-09-03 14:44:22 (BRT) - DEBUG - Nova categoria 'Vegetariano' na linha 27
2025-09-03 14:44:22 (BRT) - DEBUG -   Prato 'Ovo ao molho caipira (com milho e ervilha)' adicionado à categoria 'Vegetariano'
2025-09-03 14:44:22 (BRT) - DEBUG -   Prato 'Ovo ao molho caipira (com milho e ervilha)' adicionado à categoria 'Vegetariano'
2025-09-03 14:44:22 (BRT) - DEBUG -   Prato 'Abobrinha recheada' adicionado à categoria 'Vegetariano'
2025-09-03 14:44:22 (BRT) - DEBUG -   Prato 'Escondidinho de batata com proteína de soja' adicionado à categoria 'Vegetariano'
2025-09-03 14:44:22 (BRT) - DEBUG -   Prato 'Espetinho de legumes' adicionado à categoria 'Vegetariano'
2025-09-03 14:44:22 (BRT) - DEBUG -   Prato 'Gratinado de chuchu' adicionado à categoria 'Vegetariano'
2025-09-03 14:44:22 (BRT) - DEBUG - Nova categoria 'Vegetariano' na linha 28
2025-09-03 14:44:22 (BRT) - DEBUG -   Prato 'Ovo ao molho caipira (com milho e ervilha)' adicionado à categoria 'Vegetariano'
2025-09-03 14:44:22 (BRT) - DEBUG -   Prato 'Ovo ao molho caipira (com milho e ervilha)' adicionado à categoria 'Vegetariano'
2025-09-03 14:44:22 (BRT) - DEBUG -   Prato 'Abobrinha recheada' adicionado à categoria 'Vegetariano'
2025-09-03 14:44:22 (BRT) - DEBUG -   Prato 'Escondidinho de batata com proteína de soja' adicionado à categoria 'Vegetariano'
2025-09-03 14:44:22 (BRT) - DEBUG -   Prato 'Espetinho de legumes' adicionado à categoria 'Vegetariano'
2025-09-03 14:44:22 (BRT) - DEBUG -   Prato 'Gratinado de chuchu' adicionado à categoria 'Vegetariano'
2025-09-03 14:44:22 (BRT) - DEBUG - Nova categoria 'Prato Principal' na linha 30
2025-09-03 14:44:22 (BRT) - DEBUG -   Prato 'Frango xadrez' adicionado à categoria 'Prato Principal'
2025-09-03 14:44:22 (BRT) - DEBUG -   Prato 'Frango xadrez' adicionado à categoria 'Prato Principal'
2025-09-03 14:44:22 (BRT) - DEBUG -   Prato 'Bife ao molho escuro' adicionado à categoria 'Prato Principal'
2025-09-03 14:44:22 (BRT) - DEBUG -   Prato 'Peixe á milanesa' adicionado à categoria 'Prato Principal'
2025-09-03 14:44:22 (BRT) - DEBUG -   Prato 'Frango ao molho' adicionado à categoria 'Prato Principal'
2025-09-03 14:44:22 (BRT) - DEBUG -   Prato 'Pernil grelhado' adicionado à categoria 'Prato Principal'
2025-09-03 14:44:22 (BRT) - INFO - Cardápio processado para segunda-feira,  08 setembro de 2025:
2025-09-03 14:44:22 (BRT) - INFO -   Saladas: 6 pratos
2025-09-03 14:44:22 (BRT) - INFO -   Acompanhamento: 6 pratos
2025-09-03 14:44:22 (BRT) - INFO -   Guarnição: 6 pratos
2025-09-03 14:44:22 (BRT) - INFO -   Vegetariano: 6 pratos
2025-09-03 14:44:22 (BRT) - INFO -   Prato Principal: 6 pratos
2025-09-03 14:44:22 (BRT) - INFO - Processando dia: segunda-feira, 15 setembro de 2025
2025-09-03 14:44:22 (BRT) - DEBUG - Nova categoria 'Saladas' na linha 35
2025-09-03 14:44:22 (BRT) - DEBUG -   Prato 'Alface' adicionado à categoria 'Saladas'
2025-09-03 14:44:22 (BRT) - DEBUG -   Prato 'Alface' adicionado à categoria 'Saladas'
2025-09-03 14:44:22 (BRT) - DEBUG -   Prato 'Acelga com rabanete' adicionado à categoria 'Saladas'
2025-09-03 14:44:23 (BRT) - DEBUG -   Prato 'Chicória com cebola' adicionado à categoria 'Saladas'
2025-09-03 14:44:23 (BRT) - DEBUG -   Prato 'Alface com cenoura' adicionado à categoria 'Saladas'
2025-09-03 14:44:23 (BRT) - DEBUG -   Prato 'Almeirão com tomate' adicionado à categoria 'Saladas'
2025-09-03 14:44:23 (BRT) - DEBUG - Nova categoria 'Saladas' na linha 36
2025-09-03 14:44:23 (BRT) - DEBUG -   Prato 'Lentilha com tomate' adicionado à categoria 'Saladas'
2025-09-03 14:44:23 (BRT) - DEBUG -   Prato 'Lentilha com tomate' adicionado à categoria 'Saladas'
2025-09-03 14:44:23 (BRT) - DEBUG -   Prato 'Grão de bico á vinagrete
Fruta' adicionado à categoria 'Saladas'
2025-09-03 14:44:23 (BRT) - DEBUG -   Prato 'Beterraba cozida' adicionado à categoria 'Saladas'
2025-09-03 14:44:23 (BRT) - DEBUG -   Prato 'Chuchu cozido
Fruta' adicionado à categoria 'Saladas'
2025-09-03 14:44:23 (BRT) - DEBUG -   Prato 'Repolho cozido' adicionado à categoria 'Saladas'
2025-09-03 14:44:23 (BRT) - DEBUG - Nova categoria 'Acompanhamento' na linha 38
2025-09-03 14:44:23 (BRT) - DEBUG -   Prato 'Arroz Branco' adicionado à categoria 'Acompanhamento'
2025-09-03 14:44:23 (BRT) - DEBUG -   Prato 'Arroz Branco' adicionado à categoria 'Acompanhamento'
2025-09-03 14:44:23 (BRT) - DEBUG -   Prato 'Arroz Branco' adicionado à categoria 'Acompanhamento'
2025-09-03 14:44:23 (BRT) - DEBUG -   Prato 'Arroz Branco' adicionado à categoria 'Acompanhamento'
2025-09-03 14:44:23 (BRT) - DEBUG -   Prato 'Arroz Branco' adicionado à categoria 'Acompanhamento'
2025-09-03 14:44:23 (BRT) - DEBUG -   Prato 'Arroz Branco' adicionado à categoria 'Acompanhamento'
2025-09-03 14:44:23 (BRT) - DEBUG - Nova categoria 'Acompanhamento' na linha 39
2025-09-03 14:44:23 (BRT) - DEBUG -   Prato 'Feijão Preto' adicionado à categoria 'Acompanhamento'
2025-09-03 14:44:23 (BRT) - DEBUG -   Prato 'Feijão Preto' adicionado à categoria 'Acompanhamento'
2025-09-03 14:44:23 (BRT) - DEBUG -   Prato 'Feijão Preto' adicionado à categoria 'Acompanhamento'
2025-09-03 14:44:23 (BRT) - DEBUG -   Prato 'Feijão carioca' adicionado à categoria 'Acompanhamento'
2025-09-03 14:44:23 (BRT) - DEBUG -   Prato 'Feijão Preto' adicionado à categoria 'Acompanhamento'
2025-09-03 14:44:23 (BRT) - DEBUG -   Prato 'Feijão Preto' adicionado à categoria 'Acompanhamento'
2025-09-03 14:44:23 (BRT) - DEBUG - Nova categoria 'Guarnição' na linha 41
2025-09-03 14:44:23 (BRT) - DEBUG -   Prato 'Aipim com ervas finas' adicionado à categoria 'Guarnição'
2025-09-03 14:44:23 (BRT) - DEBUG -   Prato 'Aipim com ervas finas' adicionado à categoria 'Guarnição'
2025-09-03 14:44:23 (BRT) - DEBUG -   Prato 'Macarrão á brasileira (com milho e ervilha)' adicionado à categoria 'Guarnição'
2025-09-03 14:44:23 (BRT) - DEBUG -   Prato 'Torta salgada' adicionado à categoria 'Guarnição'
2025-09-03 14:44:23 (BRT) - DEBUG -   Prato 'Batata doce confitada' adicionado à categoria 'Guarnição'
2025-09-03 14:44:23 (BRT) - DEBUG -   Prato 'Macarrão com ervas finas' adicionado à categoria 'Guarnição'
2025-09-03 14:44:23 (BRT) - DEBUG - Nova categoria 'Vegetariano' na linha 43
2025-09-03 14:44:23 (BRT) - DEBUG -   Prato 'Mini pizza de abobrinha' adicionado à categoria 'Vegetariano'
2025-09-03 14:44:23 (BRT) - DEBUG -   Prato 'Mini pizza de abobrinha' adicionado à categoria 'Vegetariano'
2025-09-03 14:44:23 (BRT) - DEBUG -   Prato 'Legumes ao molho branco' adicionado à categoria 'Vegetariano'
2025-09-03 14:44:23 (BRT) - DEBUG -   Prato 'Hambúrguer de aveia com legumes' adicionado à categoria 'Vegetariano'
2025-09-03 14:44:23 (BRT) - DEBUG -   Prato 'Refogado de proteína de soja' adicionado à categoria 'Vegetariano'
2025-09-03 14:44:23 (BRT) - DEBUG -   Prato 'Ovo cozido' adicionado à categoria 'Vegetariano'
2025-09-03 14:44:23 (BRT) - DEBUG - Nova categoria 'Vegetariano' na linha 44
2025-09-03 14:44:23 (BRT) - DEBUG -   Prato 'Mini pizza de abobrinha' adicionado à categoria 'Vegetariano'
2025-09-03 14:44:23 (BRT) - DEBUG -   Prato 'Mini pizza de abobrinha' adicionado à categoria 'Vegetariano'
2025-09-03 14:44:23 (BRT) - DEBUG -   Prato 'Legumes ao molho branco' adicionado à categoria 'Vegetariano'
2025-09-03 14:44:23 (BRT) - DEBUG -   Prato 'Hambúrguer de aveia com legumes' adicionado à categoria 'Vegetariano'
2025-09-03 14:44:23 (BRT) - DEBUG -   Prato 'Refogado de proteína de soja' adicionado à categoria 'Vegetariano'
2025-09-03 14:44:23 (BRT) - DEBUG -   Prato 'Ovo cozido' adicionado à categoria 'Vegetariano'
2025-09-03 14:44:23 (BRT) - DEBUG - Nova categoria 'Prato Principal' na linha 46
2025-09-03 14:44:23 (BRT) - DEBUG -   Prato 'Frango assado ao molho de mostarda' adicionado à categoria 'Prato Principal'
2025-09-03 14:44:23 (BRT) - DEBUG -   Prato 'Frango assado ao molho de mostarda' adicionado à categoria 'Prato Principal'
2025-09-03 14:44:23 (BRT) - DEBUG -   Prato 'Strogonoff de frango' adicionado à categoria 'Prato Principal'
2025-09-03 14:44:23 (BRT) - DEBUG -   Prato 'Bife bovino acebolado' adicionado à categoria 'Prato Principal'
2025-09-03 14:44:23 (BRT) - DEBUG -   Prato 'Hambúrguer suíno ao molho tomatelli' adicionado à categoria 'Prato Principal'
2025-09-03 14:44:23 (BRT) - DEBUG -   Prato 'Entreveiro (frango, suíno e bovino)' adicionado à categoria 'Prato Principal'
2025-09-03 14:44:23 (BRT) - INFO - Cardápio processado para segunda-feira, 15 setembro de 2025:
2025-09-03 14:44:23 (BRT) - INFO -   Saladas: 6 pratos
2025-09-03 14:44:23 (BRT) - INFO -   Acompanhamento: 6 pratos
2025-09-03 14:44:23 (BRT) - INFO -   Guarnição: 6 pratos
2025-09-03 14:44:23 (BRT) - INFO -   Vegetariano: 6 pratos
2025-09-03 14:44:23 (BRT) - INFO -   Prato Principal: 6 pratos
2025-09-03 14:44:23 (BRT) - INFO - Processamento concluído. Total de dias processados: 3
2025-09-03 14:44:23 (BRT) - INFO - Convertendo cardápios para DataFrame
2025-09-03 14:44:23 (BRT) - INFO - DataFrame criado com 90 linhas e 4 colunas
2025-09-03 14:44:23 (BRT) - INFO - Colunas: ['data', 'categoria', 'prato', 'ordem']
2025-09-03 14:44:23 (BRT) - INFO - Primeiras 5 linhas do DataFrame:
2025-09-03 14:44:23 (BRT) - INFO -   Linha 0: {'data': 'segunda-feira, 01 setembro de 2025', 'categoria': 'Saladas', 'prato': 'Mix grão (milho, ervilha, grão de bico)', 'ordem': 1}
2025-09-03 14:44:23 (BRT) - INFO -   Linha 1: {'data': 'segunda-feira, 01 setembro de 2025', 'categoria': 'Saladas', 'prato': 'Mix grão (milho, ervilha, grão de bico)', 'ordem': 2}
2025-09-03 14:44:23 (BRT) - INFO -   Linha 2: {'data': 'segunda-feira, 01 setembro de 2025', 'categoria': 'Saladas', 'prato': 'Chuchu   colorido\nFruta', 'ordem': 3}
2025-09-03 14:44:23 (BRT) - INFO -   Linha 3: {'data': 'segunda-feira, 01 setembro de 2025', 'categoria': 'Saladas', 'prato': 'Cenoura cozida', 'ordem': 4}
2025-09-03 14:44:23 (BRT) - INFO -   Linha 4: {'data': 'segunda-feira, 01 setembro de 2025', 'categoria': 'Saladas', 'prato': 'Repolho cozido\nFruta', 'ordem': 5}
2025-09-03 14:44:23 (BRT) - INFO - ============================================================
2025-09-03 14:44:23 (BRT) - INFO - PROCESSAMENTO CONCLUÍDO COM SUCESSO
2025-09-03 14:44:23 (BRT) - INFO - ============================================================
2025-09-03 14:44:23 (BRT) - INFO - Convertendo cardápios para DataFrame
2025-09-03 14:44:23 (BRT) - ERROR - Erro ao converter para DataFrame: string indices must be integers, not 'str'
2025-09-03 14:49:43 (BRT) - INFO - ============================================================
2025-09-03 14:49:43 (BRT) - INFO - INICIANDO PROCESSAMENTO DE CARDÁPIO
2025-09-03 14:49:43 (BRT) - INFO - ============================================================
2025-09-03 14:49:43 (BRT) - INFO - Iniciando processamento do arquivo: Cardápio de mes setembro.docx
2025-09-03 14:49:43 (BRT) - INFO - Índice da tabela: 0
2025-09-03 14:49:43 (BRT) - INFO - Tabela encontrada com 47 linhas
2025-09-03 14:49:43 (BRT) - DEBUG - Linha 0: ['', 'segunda-feira, 01 setembro de 2025', 'segunda-feira, 01 setembro de 2025', 'terça-feira, 02 setembro de 2025', 'quarta-feira, 03 setembro de 2025', 'quinta-feira, 04 setembro de 2025', 'sexta-feira, 05 setembro de 2025']
2025-09-03 14:49:44 (BRT) - DEBUG - Linha 1: ['', '', '', '', '', '', '']
2025-09-03 14:49:44 (BRT) - DEBUG - Linha 2: ['Saladas', 'Alface com cenoura', 'Alface com cenoura', 'Almeirão com pepino', 'Alface com rabanete', 'Acelga com tomate', 'Radite com pepino']
2025-09-03 14:49:44 (BRT) - DEBUG - Linha 3: ['Saladas', 'Mix grão (milho, ervilha, grão de bico)', 'Mix grão (milho, ervilha, grão de bico)', 'Chuchu   colorido\nFruta', 'Cenoura cozida', 'Repolho cozido\nFruta', 'Trigo e abobrinha  a vinagrete']
2025-09-03 14:49:44 (BRT) - DEBUG - Linha 4: ['', '', '', '', '', '', '']
2025-09-03 14:49:44 (BRT) - INFO - Data encontrada na linha 0: segunda-feira, 01 setembro de 2025
2025-09-03 14:49:44 (BRT) - INFO - Data encontrada na linha 17: segunda-feira,  08 setembro de 2025
2025-09-03 14:49:44 (BRT) - INFO - Data encontrada na linha 33: segunda-feira, 15 setembro de 2025
2025-09-03 14:49:44 (BRT) - INFO - Encontradas 3 datas no documento
2025-09-03 14:49:44 (BRT) - INFO - Processando dia: segunda-feira, 01 setembro de 2025
2025-09-03 14:49:44 (BRT) - DEBUG - Nova categoria 'Saladas' na linha 2
2025-09-03 14:49:44 (BRT) - DEBUG -   Prato 'Alface com cenoura' adicionado à categoria 'Saladas'
2025-09-03 14:49:44 (BRT) - DEBUG -   Prato 'Alface com cenoura' adicionado à categoria 'Saladas'
2025-09-03 14:49:44 (BRT) - DEBUG -   Prato 'Almeirão com pepino' adicionado à categoria 'Saladas'
2025-09-03 14:49:44 (BRT) - DEBUG -   Prato 'Alface com rabanete' adicionado à categoria 'Saladas'
2025-09-03 14:49:44 (BRT) - DEBUG -   Prato 'Acelga com tomate' adicionado à categoria 'Saladas'
2025-09-03 14:49:44 (BRT) - DEBUG -   Prato 'Radite com pepino' adicionado à categoria 'Saladas'
2025-09-03 14:49:44 (BRT) - DEBUG - Nova categoria 'Saladas' na linha 3
2025-09-03 14:49:44 (BRT) - DEBUG -   Prato 'Mix grão (milho, ervilha, grão de bico)' adicionado à categoria 'Saladas'
2025-09-03 14:49:44 (BRT) - DEBUG -   Prato 'Mix grão (milho, ervilha, grão de bico)' adicionado à categoria 'Saladas'
2025-09-03 14:49:44 (BRT) - DEBUG -   Prato 'Chuchu   colorido
Fruta' adicionado à categoria 'Saladas'
2025-09-03 14:49:44 (BRT) - DEBUG -   Prato 'Cenoura cozida' adicionado à categoria 'Saladas'
2025-09-03 14:49:44 (BRT) - DEBUG -   Prato 'Repolho cozido
Fruta' adicionado à categoria 'Saladas'
2025-09-03 14:49:44 (BRT) - DEBUG -   Prato 'Trigo e abobrinha  a vinagrete' adicionado à categoria 'Saladas'
2025-09-03 14:49:44 (BRT) - DEBUG - Nova categoria 'Acompanhamento' na linha 5
2025-09-03 14:49:44 (BRT) - DEBUG -   Prato 'Arroz Branco' adicionado à categoria 'Acompanhamento'
2025-09-03 14:49:44 (BRT) - DEBUG -   Prato 'Arroz Branco' adicionado à categoria 'Acompanhamento'
2025-09-03 14:49:44 (BRT) - DEBUG -   Prato 'Arroz Branco' adicionado à categoria 'Acompanhamento'
2025-09-03 14:49:44 (BRT) - DEBUG -   Prato 'Arroz Branco/arroz integral' adicionado à categoria 'Acompanhamento'
2025-09-03 14:49:44 (BRT) - DEBUG -   Prato 'Arroz Branco' adicionado à categoria 'Acompanhamento'
2025-09-03 14:49:44 (BRT) - DEBUG -   Prato 'Arroz Branco' adicionado à categoria 'Acompanhamento'
2025-09-03 14:49:44 (BRT) - DEBUG - Nova categoria 'Acompanhamento' na linha 6
2025-09-03 14:49:44 (BRT) - DEBUG -   Prato 'Feijão Preto' adicionado à categoria 'Acompanhamento'
2025-09-03 14:49:44 (BRT) - DEBUG -   Prato 'Feijão Preto' adicionado à categoria 'Acompanhamento'
2025-09-03 14:49:44 (BRT) - DEBUG -   Prato 'Feijão Preto' adicionado à categoria 'Acompanhamento'
2025-09-03 14:49:44 (BRT) - DEBUG -   Prato 'Feijão Preto' adicionado à categoria 'Acompanhamento'
2025-09-03 14:49:44 (BRT) - DEBUG -   Prato 'Feijão Preto' adicionado à categoria 'Acompanhamento'
2025-09-03 14:49:44 (BRT) - DEBUG -   Prato 'Feijão Preto' adicionado à categoria 'Acompanhamento'
2025-09-03 14:49:44 (BRT) - DEBUG - Nova categoria 'Guarnição' na linha 8
2025-09-03 14:49:44 (BRT) - DEBUG -   Prato 'Quirerinha temperada' adicionado à categoria 'Guarnição'
2025-09-03 14:49:44 (BRT) - DEBUG -   Prato 'Quirerinha temperada' adicionado à categoria 'Guarnição'
2025-09-03 14:49:44 (BRT) - DEBUG -   Prato 'Espaguete asso molho sugo' adicionado à categoria 'Guarnição'
2025-09-03 14:49:44 (BRT) - DEBUG -   Prato 'Legumes confitados' adicionado à categoria 'Guarnição'
2025-09-03 14:49:44 (BRT) - DEBUG -   Prato 'Aipim souté' adicionado à categoria 'Guarnição'
2025-09-03 14:49:44 (BRT) - DEBUG -   Prato 'Macarrão ao molho branco' adicionado à categoria 'Guarnição'
2025-09-03 14:49:44 (BRT) - DEBUG - Nova categoria 'Vegetariano' na linha 10
2025-09-03 14:49:44 (BRT) - DEBUG -   Prato 'Ovo mexido' adicionado à categoria 'Vegetariano'
2025-09-03 14:49:44 (BRT) - DEBUG -   Prato 'Ovo mexido' adicionado à categoria 'Vegetariano'
2025-09-03 14:49:44 (BRT) - DEBUG -   Prato 'Misto de legumes refogados' adicionado à categoria 'Vegetariano'
2025-09-03 14:49:44 (BRT) - DEBUG -   Prato 'Panqueca e proteína de soja' adicionado à categoria 'Vegetariano'
2025-09-03 14:49:44 (BRT) - DEBUG -   Prato 'Mini pizza de beringela' adicionado à categoria 'Vegetariano'
2025-09-03 14:49:44 (BRT) - DEBUG -   Prato 'Torta salgada' adicionado à categoria 'Vegetariano'
2025-09-03 14:49:44 (BRT) - DEBUG - Nova categoria 'Vegetariano' na linha 11
2025-09-03 14:49:44 (BRT) - DEBUG -   Prato 'Ovo mexido' adicionado à categoria 'Vegetariano'
2025-09-03 14:49:44 (BRT) - DEBUG -   Prato 'Ovo mexido' adicionado à categoria 'Vegetariano'
2025-09-03 14:49:44 (BRT) - DEBUG -   Prato 'Misto de legumes refogados' adicionado à categoria 'Vegetariano'
2025-09-03 14:49:44 (BRT) - DEBUG -   Prato 'Panqueca e proteína de soja' adicionado à categoria 'Vegetariano'
2025-09-03 14:49:44 (BRT) - DEBUG -   Prato 'Mini pizza de beringela' adicionado à categoria 'Vegetariano'
2025-09-03 14:49:44 (BRT) - DEBUG -   Prato 'Torta salgada' adicionado à categoria 'Vegetariano'
2025-09-03 14:49:44 (BRT) - DEBUG - Nova categoria 'Prato Principal' na linha 13
2025-09-03 14:49:44 (BRT) - DEBUG -   Prato 'Iscas suínas aceboladas' adicionado à categoria 'Prato Principal'
2025-09-03 14:49:44 (BRT) - DEBUG -   Prato 'Iscas suínas aceboladas' adicionado à categoria 'Prato Principal'
2025-09-03 14:49:45 (BRT) - DEBUG -   Prato 'Frango assado' adicionado à categoria 'Prato Principal'
2025-09-03 14:49:45 (BRT) - DEBUG -   Prato 'Rocambole de frango' adicionado à categoria 'Prato Principal'
2025-09-03 14:49:45 (BRT) - DEBUG -   Prato 'Bife ao molho vermelho' adicionado à categoria 'Prato Principal'
2025-09-03 14:49:45 (BRT) - DEBUG -   Prato 'Strogonoff de frango' adicionado à categoria 'Prato Principal'
2025-09-03 14:49:45 (BRT) - INFO - Cardápio processado para segunda-feira, 01 setembro de 2025:
2025-09-03 14:50:30 (BRT) - INFO - ============================================================
2025-09-03 14:50:30 (BRT) - INFO - INICIANDO PROCESSAMENTO DE CARDÁPIO
2025-09-03 14:50:30 (BRT) - INFO - ============================================================
2025-09-03 14:50:30 (BRT) - INFO - Iniciando processamento do arquivo: Cardápio de mes setembro.docx
2025-09-03 14:50:30 (BRT) - INFO - Índice da tabela: 0
2025-09-03 14:50:30 (BRT) - INFO - Tabela encontrada com 47 linhas
2025-09-03 14:50:30 (BRT) - DEBUG - Linha 0: ['', 'segunda-feira, 01 setembro de 2025', 'segunda-feira, 01 setembro de 2025', 'terça-feira, 02 setembro de 2025', 'quarta-feira, 03 setembro de 2025', 'quinta-feira, 04 setembro de 2025', 'sexta-feira, 05 setembro de 2025']
2025-09-03 14:50:30 (BRT) - DEBUG - Linha 1: ['', '', '', '', '', '', '']
2025-09-03 14:50:30 (BRT) - DEBUG - Linha 2: ['Saladas', 'Alface com cenoura', 'Alface com cenoura', 'Almeirão com pepino', 'Alface com rabanete', 'Acelga com tomate', 'Radite com pepino']
2025-09-03 14:50:30 (BRT) - DEBUG - Linha 3: ['Saladas', 'Mix grão (milho, ervilha, grão de bico)', 'Mix grão (milho, ervilha, grão de bico)', 'Chuchu   colorido\nFruta', 'Cenoura cozida', 'Repolho cozido\nFruta', 'Trigo e abobrinha  a vinagrete']
2025-09-03 14:50:30 (BRT) - DEBUG - Linha 4: ['', '', '', '', '', '', '']
2025-09-03 14:50:30 (BRT) - INFO - Data encontrada na linha 0: segunda-feira, 01 setembro de 2025
2025-09-03 14:50:30 (BRT) - INFO - Data encontrada na linha 17: segunda-feira,  08 setembro de 2025
2025-09-03 14:50:30 (BRT) - INFO - Data encontrada na linha 33: segunda-feira, 15 setembro de 2025
2025-09-03 14:50:30 (BRT) - INFO - Encontradas 3 datas no documento
2025-09-03 14:50:30 (BRT) - INFO - Processando dia: segunda-feira, 01 setembro de 2025
2025-09-03 14:50:30 (BRT) - DEBUG - Nova categoria 'Saladas' na linha 2
2025-09-03 14:50:30 (BRT) - DEBUG -   Prato 'Alface com cenoura' adicionado à categoria 'Saladas'
2025-09-03 14:50:30 (BRT) - DEBUG -   Prato 'Alface com cenoura' adicionado à categoria 'Saladas'
2025-09-03 14:50:30 (BRT) - DEBUG -   Prato 'Almeirão com pepino' adicionado à categoria 'Saladas'
2025-09-03 14:50:30 (BRT) - DEBUG -   Prato 'Alface com rabanete' adicionado à categoria 'Saladas'
2025-09-03 14:50:30 (BRT) - DEBUG -   Prato 'Acelga com tomate' adicionado à categoria 'Saladas'
2025-09-03 14:50:30 (BRT) - DEBUG -   Prato 'Radite com pepino' adicionado à categoria 'Saladas'
2025-09-03 14:50:30 (BRT) - DEBUG - Nova categoria 'Saladas' na linha 3
2025-09-03 14:50:30 (BRT) - DEBUG -   Prato 'Mix grão (milho, ervilha, grão de bico)' adicionado à categoria 'Saladas'
2025-09-03 14:50:30 (BRT) - DEBUG -   Prato 'Mix grão (milho, ervilha, grão de bico)' adicionado à categoria 'Saladas'
2025-09-03 14:50:30 (BRT) - DEBUG -   Prato 'Chuchu   colorido
Fruta' adicionado à categoria 'Saladas'
2025-09-03 14:50:30 (BRT) - DEBUG -   Prato 'Cenoura cozida' adicionado à categoria 'Saladas'
2025-09-03 14:50:30 (BRT) - DEBUG -   Prato 'Repolho cozido
Fruta' adicionado à categoria 'Saladas'
2025-09-03 14:50:30 (BRT) - DEBUG -   Prato 'Trigo e abobrinha  a vinagrete' adicionado à categoria 'Saladas'
2025-09-03 14:50:30 (BRT) - DEBUG - Nova categoria 'Acompanhamento' na linha 5
2025-09-03 14:50:30 (BRT) - DEBUG -   Prato 'Arroz Branco' adicionado à categoria 'Acompanhamento'
2025-09-03 14:50:30 (BRT) - DEBUG -   Prato 'Arroz Branco' adicionado à categoria 'Acompanhamento'
2025-09-03 14:50:30 (BRT) - DEBUG -   Prato 'Arroz Branco' adicionado à categoria 'Acompanhamento'
2025-09-03 14:50:30 (BRT) - DEBUG -   Prato 'Arroz Branco/arroz integral' adicionado à categoria 'Acompanhamento'
2025-09-03 14:50:30 (BRT) - DEBUG -   Prato 'Arroz Branco' adicionado à categoria 'Acompanhamento'
2025-09-03 14:50:30 (BRT) - DEBUG -   Prato 'Arroz Branco' adicionado à categoria 'Acompanhamento'
2025-09-03 14:50:30 (BRT) - DEBUG - Nova categoria 'Acompanhamento' na linha 6
2025-09-03 14:50:30 (BRT) - DEBUG -   Prato 'Feijão Preto' adicionado à categoria 'Acompanhamento'
2025-09-03 14:50:30 (BRT) - DEBUG -   Prato 'Feijão Preto' adicionado à categoria 'Acompanhamento'
2025-09-03 14:50:30 (BRT) - DEBUG -   Prato 'Feijão Preto' adicionado à categoria 'Acompanhamento'
2025-09-03 14:50:30 (BRT) - DEBUG -   Prato 'Feijão Preto' adicionado à categoria 'Acompanhamento'
2025-09-03 14:50:30 (BRT) - DEBUG -   Prato 'Feijão Preto' adicionado à categoria 'Acompanhamento'
2025-09-03 14:50:30 (BRT) - DEBUG -   Prato 'Feijão Preto' adicionado à categoria 'Acompanhamento'
2025-09-03 14:50:30 (BRT) - DEBUG - Nova categoria 'Guarnição' na linha 8
2025-09-03 14:50:30 (BRT) - DEBUG -   Prato 'Quirerinha temperada' adicionado à categoria 'Guarnição'
2025-09-03 14:50:30 (BRT) - DEBUG -   Prato 'Quirerinha temperada' adicionado à categoria 'Guarnição'
2025-09-03 14:50:30 (BRT) - DEBUG -   Prato 'Espaguete asso molho sugo' adicionado à categoria 'Guarnição'
2025-09-03 14:50:30 (BRT) - DEBUG -   Prato 'Legumes confitados' adicionado à categoria 'Guarnição'
2025-09-03 14:50:30 (BRT) - DEBUG -   Prato 'Aipim souté' adicionado à categoria 'Guarnição'
2025-09-03 14:50:30 (BRT) - DEBUG -   Prato 'Macarrão ao molho branco' adicionado à categoria 'Guarnição'
2025-09-03 14:50:30 (BRT) - DEBUG - Nova categoria 'Vegetariano' na linha 10
2025-09-03 14:50:30 (BRT) - DEBUG -   Prato 'Ovo mexido' adicionado à categoria 'Vegetariano'
2025-09-03 14:50:30 (BRT) - DEBUG -   Prato 'Ovo mexido' adicionado à categoria 'Vegetariano'
2025-09-03 14:50:30 (BRT) - DEBUG -   Prato 'Misto de legumes refogados' adicionado à categoria 'Vegetariano'
2025-09-03 14:50:30 (BRT) - DEBUG -   Prato 'Panqueca e proteína de soja' adicionado à categoria 'Vegetariano'
2025-09-03 14:50:30 (BRT) - DEBUG -   Prato 'Mini pizza de beringela' adicionado à categoria 'Vegetariano'
2025-09-03 14:50:30 (BRT) - DEBUG -   Prato 'Torta salgada' adicionado à categoria 'Vegetariano'
2025-09-03 14:50:30 (BRT) - DEBUG - Nova categoria 'Vegetariano' na linha 11
2025-09-03 14:50:31 (BRT) - DEBUG -   Prato 'Ovo mexido' adicionado à categoria 'Vegetariano'
2025-09-03 14:50:31 (BRT) - DEBUG -   Prato 'Ovo mexido' adicionado à categoria 'Vegetariano'
2025-09-03 14:50:31 (BRT) - DEBUG -   Prato 'Misto de legumes refogados' adicionado à categoria 'Vegetariano'
2025-09-03 14:50:31 (BRT) - DEBUG -   Prato 'Panqueca e proteína de soja' adicionado à categoria 'Vegetariano'
2025-09-03 14:50:31 (BRT) - DEBUG -   Prato 'Mini pizza de beringela' adicionado à categoria 'Vegetariano'
2025-09-03 14:50:31 (BRT) - DEBUG -   Prato 'Torta salgada' adicionado à categoria 'Vegetariano'
2025-09-03 14:50:31 (BRT) - DEBUG - Nova categoria 'Prato Principal' na linha 13
2025-09-03 14:50:31 (BRT) - DEBUG -   Prato 'Iscas suínas aceboladas' adicionado à categoria 'Prato Principal'
2025-09-03 14:50:31 (BRT) - DEBUG -   Prato 'Iscas suínas aceboladas' adicionado à categoria 'Prato Principal'
2025-09-03 14:50:31 (BRT) - DEBUG -   Prato 'Frango assado' adicionado à categoria 'Prato Principal'
2025-09-03 14:50:31 (BRT) - DEBUG -   Prato 'Rocambole de frango' adicionado à categoria 'Prato Principal'
2025-09-03 14:50:31 (BRT) - DEBUG -   Prato 'Bife ao molho vermelho' adicionado à categoria 'Prato Principal'
2025-09-03 14:50:31 (BRT) - DEBUG -   Prato 'Strogonoff de frango' adicionado à categoria 'Prato Principal'
2025-09-03 14:50:31 (BRT) - INFO - Cardápio processado para segunda-feira, 01 setembro de 2025:
2025-09-03 14:50:31 (BRT) - INFO -   Saladas: 6 pratos
2025-09-03 14:50:31 (BRT) - INFO -   Acompanhamento: 6 pratos
2025-09-03 14:50:31 (BRT) - INFO -   Guarnição: 6 pratos
2025-09-03 14:50:31 (BRT) - INFO -   Vegetariano: 6 pratos
2025-09-03 14:50:31 (BRT) - INFO -   Prato Principal: 6 pratos
2025-09-03 14:50:31 (BRT) - INFO - Processando dia: segunda-feira,  08 setembro de 2025
2025-09-03 14:50:31 (BRT) - DEBUG - Nova categoria 'Saladas' na linha 19
2025-09-03 14:50:31 (BRT) - DEBUG -   Prato 'Almeirão cenoura' adicionado à categoria 'Saladas'
2025-09-03 14:50:31 (BRT) - DEBUG -   Prato 'Almeirão cenoura' adicionado à categoria 'Saladas'
2025-09-03 14:50:31 (BRT) - DEBUG -   Prato 'Agrião com Cenoura' adicionado à categoria 'Saladas'
2025-09-03 14:50:31 (BRT) - DEBUG -   Prato 'Mix de folhas com tomate' adicionado à categoria 'Saladas'
2025-09-03 14:50:31 (BRT) - DEBUG -   Prato 'Alface com repolho' adicionado à categoria 'Saladas'
2025-09-03 14:50:31 (BRT) - DEBUG -   Prato 'Acelga com pepino' adicionado à categoria 'Saladas'
2025-09-03 14:50:31 (BRT) - DEBUG - Nova categoria 'Saladas' na linha 20
2025-09-03 14:50:31 (BRT) - DEBUG -   Prato 'Vinagrete de lentilha' adicionado à categoria 'Saladas'
2025-09-03 14:50:31 (BRT) - DEBUG -   Prato 'Vinagrete de lentilha' adicionado à categoria 'Saladas'
2025-09-03 14:50:31 (BRT) - DEBUG -   Prato 'Beterraba cozida
Fruta' adicionado à categoria 'Saladas'
2025-09-03 14:50:31 (BRT) - DEBUG -   Prato 'Chuchu cozido' adicionado à categoria 'Saladas'
2025-09-03 14:50:31 (BRT) - DEBUG -   Prato 'Cenoura cozida
Fruta' adicionado à categoria 'Saladas'
2025-09-03 14:50:31 (BRT) - DEBUG -   Prato 'Mix grão' adicionado à categoria 'Saladas'
2025-09-03 14:50:31 (BRT) - DEBUG - Nova categoria 'Acompanhamento' na linha 22
2025-09-03 14:50:31 (BRT) - DEBUG -   Prato 'Arroz Branco' adicionado à categoria 'Acompanhamento'
2025-09-03 14:50:31 (BRT) - DEBUG -   Prato 'Arroz Branco' adicionado à categoria 'Acompanhamento'
2025-09-03 14:50:31 (BRT) - DEBUG -   Prato 'Arroz Branco' adicionado à categoria 'Acompanhamento'
2025-09-03 14:50:31 (BRT) - DEBUG -   Prato 'Arroz Branco' adicionado à categoria 'Acompanhamento'
2025-09-03 14:50:31 (BRT) - DEBUG -   Prato 'Arroz Branco' adicionado à categoria 'Acompanhamento'
2025-09-03 14:50:31 (BRT) - DEBUG -   Prato 'Arroz Branco/ arroz colorido' adicionado à categoria 'Acompanhamento'
2025-09-03 14:50:31 (BRT) - DEBUG - Nova categoria 'Acompanhamento' na linha 23
2025-09-03 14:50:31 (BRT) - DEBUG -   Prato 'Feijão Preto' adicionado à categoria 'Acompanhamento'
2025-09-03 14:50:31 (BRT) - DEBUG -   Prato 'Feijão Preto' adicionado à categoria 'Acompanhamento'
2025-09-03 14:50:31 (BRT) - DEBUG -   Prato 'Feijão Preto' adicionado à categoria 'Acompanhamento'
2025-09-03 14:50:31 (BRT) - DEBUG -   Prato 'Feijão carioca' adicionado à categoria 'Acompanhamento'
2025-09-03 14:50:31 (BRT) - DEBUG -   Prato 'Feijão Preto' adicionado à categoria 'Acompanhamento'
2025-09-03 14:50:31 (BRT) - DEBUG -   Prato 'Feijão Preto' adicionado à categoria 'Acompanhamento'
2025-09-03 14:50:31 (BRT) - DEBUG - Nova categoria 'Guarnição' na linha 25
2025-09-03 14:50:31 (BRT) - DEBUG -   Prato 'Polenta cremosa' adicionado à categoria 'Guarnição'
2025-09-03 14:50:31 (BRT) - DEBUG -   Prato 'Polenta cremosa' adicionado à categoria 'Guarnição'
2025-09-03 14:50:31 (BRT) - DEBUG -   Prato 'Cabotiá caramelizada' adicionado à categoria 'Guarnição'
2025-09-03 14:50:31 (BRT) - DEBUG -   Prato 'Purê de batata ao molho sugo' adicionado à categoria 'Guarnição'
2025-09-03 14:50:31 (BRT) - DEBUG -   Prato 'Farofa de couve' adicionado à categoria 'Guarnição'
2025-09-03 14:50:31 (BRT) - DEBUG -   Prato 'Macarrão ao alho e óleo' adicionado à categoria 'Guarnição'
2025-09-03 14:50:31 (BRT) - DEBUG - Nova categoria 'Vegetariano' na linha 27
2025-09-03 14:50:31 (BRT) - DEBUG -   Prato 'Ovo ao molho caipira (com milho e ervilha)' adicionado à categoria 'Vegetariano'
2025-09-03 14:50:31 (BRT) - DEBUG -   Prato 'Ovo ao molho caipira (com milho e ervilha)' adicionado à categoria 'Vegetariano'
2025-09-03 14:50:31 (BRT) - DEBUG -   Prato 'Abobrinha recheada' adicionado à categoria 'Vegetariano'
2025-09-03 14:50:31 (BRT) - DEBUG -   Prato 'Escondidinho de batata com proteína de soja' adicionado à categoria 'Vegetariano'
2025-09-03 14:50:31 (BRT) - DEBUG -   Prato 'Espetinho de legumes' adicionado à categoria 'Vegetariano'
2025-09-03 14:50:31 (BRT) - DEBUG -   Prato 'Gratinado de chuchu' adicionado à categoria 'Vegetariano'
2025-09-03 14:50:31 (BRT) - DEBUG - Nova categoria 'Vegetariano' na linha 28
2025-09-03 14:50:31 (BRT) - DEBUG -   Prato 'Ovo ao molho caipira (com milho e ervilha)' adicionado à categoria 'Vegetariano'
2025-09-03 14:50:31 (BRT) - DEBUG -   Prato 'Ovo ao molho caipira (com milho e ervilha)' adicionado à categoria 'Vegetariano'
2025-09-03 14:50:31 (BRT) - DEBUG -   Prato 'Abobrinha recheada' adicionado à categoria 'Vegetariano'
2025-09-03 14:50:31 (BRT) - DEBUG -   Prato 'Escondidinho de batata com proteína de soja' adicionado à categoria 'Vegetariano'
2025-09-03 14:50:31 (BRT) - DEBUG -   Prato 'Espetinho de legumes' adicionado à categoria 'Vegetariano'
2025-09-03 14:50:31 (BRT) - DEBUG -   Prato 'Gratinado de chuchu' adicionado à categoria 'Vegetariano'
2025-09-03 14:50:31 (BRT) - DEBUG - Nova categoria 'Prato Principal' na linha 30
2025-09-03 14:50:31 (BRT) - DEBUG -   Prato 'Frango xadrez' adicionado à categoria 'Prato Principal'
2025-09-03 14:50:31 (BRT) - DEBUG -   Prato 'Frango xadrez' adicionado à categoria 'Prato Principal'
2025-09-03 14:50:31 (BRT) - DEBUG -   Prato 'Bife ao molho escuro' adicionado à categoria 'Prato Principal'
2025-09-03 14:50:31 (BRT) - DEBUG -   Prato 'Peixe á milanesa' adicionado à categoria 'Prato Principal'
2025-09-03 14:50:31 (BRT) - DEBUG -   Prato 'Frango ao molho' adicionado à categoria 'Prato Principal'
2025-09-03 14:50:31 (BRT) - DEBUG -   Prato 'Pernil grelhado' adicionado à categoria 'Prato Principal'
2025-09-03 14:50:31 (BRT) - INFO - Cardápio processado para segunda-feira,  08 setembro de 2025:
2025-09-03 14:50:31 (BRT) - INFO -   Saladas: 6 pratos
2025-09-03 14:50:31 (BRT) - INFO -   Acompanhamento: 6 pratos
2025-09-03 14:50:31 (BRT) - INFO -   Guarnição: 6 pratos
2025-09-03 14:50:31 (BRT) - INFO -   Vegetariano: 6 pratos
2025-09-03 14:50:31 (BRT) - INFO -   Prato Principal: 6 pratos
2025-09-03 14:50:31 (BRT) - INFO - Processando dia: segunda-feira, 15 setembro de 2025
2025-09-03 14:50:31 (BRT) - DEBUG - Nova categoria 'Saladas' na linha 35
2025-09-03 14:50:31 (BRT) - DEBUG -   Prato 'Alface' adicionado à categoria 'Saladas'
2025-09-03 14:50:31 (BRT) - DEBUG -   Prato 'Alface' adicionado à categoria 'Saladas'
2025-09-03 14:50:31 (BRT) - DEBUG -   Prato 'Acelga com rabanete' adicionado à categoria 'Saladas'
2025-09-03 14:50:31 (BRT) - DEBUG -   Prato 'Chicória com cebola' adicionado à categoria 'Saladas'
2025-09-03 14:50:31 (BRT) - DEBUG -   Prato 'Alface com cenoura' adicionado à categoria 'Saladas'
2025-09-03 14:50:31 (BRT) - DEBUG -   Prato 'Almeirão com tomate' adicionado à categoria 'Saladas'
2025-09-03 14:50:32 (BRT) - DEBUG - Nova categoria 'Saladas' na linha 36
2025-09-03 14:50:32 (BRT) - DEBUG -   Prato 'Lentilha com tomate' adicionado à categoria 'Saladas'
2025-09-03 14:50:32 (BRT) - DEBUG -   Prato 'Lentilha com tomate' adicionado à categoria 'Saladas'
2025-09-03 14:50:32 (BRT) - DEBUG -   Prato 'Grão de bico á vinagrete
Fruta' adicionado à categoria 'Saladas'
2025-09-03 14:50:32 (BRT) - DEBUG -   Prato 'Beterraba cozida' adicionado à categoria 'Saladas'
2025-09-03 14:50:32 (BRT) - DEBUG -   Prato 'Chuchu cozido
Fruta' adicionado à categoria 'Saladas'
2025-09-03 14:50:32 (BRT) - DEBUG -   Prato 'Repolho cozido' adicionado à categoria 'Saladas'
2025-09-03 14:50:32 (BRT) - DEBUG - Nova categoria 'Acompanhamento' na linha 38
2025-09-03 14:50:32 (BRT) - DEBUG -   Prato 'Arroz Branco' adicionado à categoria 'Acompanhamento'
2025-09-03 14:50:32 (BRT) - DEBUG -   Prato 'Arroz Branco' adicionado à categoria 'Acompanhamento'
2025-09-03 14:50:32 (BRT) - DEBUG -   Prato 'Arroz Branco' adicionado à categoria 'Acompanhamento'
2025-09-03 14:50:32 (BRT) - DEBUG -   Prato 'Arroz Branco' adicionado à categoria 'Acompanhamento'
2025-09-03 14:50:32 (BRT) - DEBUG -   Prato 'Arroz Branco' adicionado à categoria 'Acompanhamento'
2025-09-03 14:50:32 (BRT) - DEBUG -   Prato 'Arroz Branco' adicionado à categoria 'Acompanhamento'
2025-09-03 14:50:32 (BRT) - DEBUG - Nova categoria 'Acompanhamento' na linha 39
2025-09-03 14:50:32 (BRT) - DEBUG -   Prato 'Feijão Preto' adicionado à categoria 'Acompanhamento'
2025-09-03 14:50:32 (BRT) - DEBUG -   Prato 'Feijão Preto' adicionado à categoria 'Acompanhamento'
2025-09-03 14:50:32 (BRT) - DEBUG -   Prato 'Feijão Preto' adicionado à categoria 'Acompanhamento'
2025-09-03 14:50:32 (BRT) - DEBUG -   Prato 'Feijão carioca' adicionado à categoria 'Acompanhamento'
2025-09-03 14:50:32 (BRT) - DEBUG -   Prato 'Feijão Preto' adicionado à categoria 'Acompanhamento'
2025-09-03 14:50:32 (BRT) - DEBUG -   Prato 'Feijão Preto' adicionado à categoria 'Acompanhamento'
2025-09-03 14:50:32 (BRT) - DEBUG - Nova categoria 'Guarnição' na linha 41
2025-09-03 14:50:32 (BRT) - DEBUG -   Prato 'Aipim com ervas finas' adicionado à categoria 'Guarnição'
2025-09-03 14:50:32 (BRT) - DEBUG -   Prato 'Aipim com ervas finas' adicionado à categoria 'Guarnição'
2025-09-03 14:50:32 (BRT) - DEBUG -   Prato 'Macarrão á brasileira (com milho e ervilha)' adicionado à categoria 'Guarnição'
2025-09-03 14:50:32 (BRT) - DEBUG -   Prato 'Torta salgada' adicionado à categoria 'Guarnição'
2025-09-03 14:50:32 (BRT) - DEBUG -   Prato 'Batata doce confitada' adicionado à categoria 'Guarnição'
2025-09-03 14:50:32 (BRT) - DEBUG -   Prato 'Macarrão com ervas finas' adicionado à categoria 'Guarnição'
2025-09-03 14:50:32 (BRT) - DEBUG - Nova categoria 'Vegetariano' na linha 43
2025-09-03 14:50:32 (BRT) - DEBUG -   Prato 'Mini pizza de abobrinha' adicionado à categoria 'Vegetariano'
2025-09-03 14:50:32 (BRT) - DEBUG -   Prato 'Mini pizza de abobrinha' adicionado à categoria 'Vegetariano'
2025-09-03 14:50:32 (BRT) - DEBUG -   Prato 'Legumes ao molho branco' adicionado à categoria 'Vegetariano'
2025-09-03 14:50:32 (BRT) - DEBUG -   Prato 'Hambúrguer de aveia com legumes' adicionado à categoria 'Vegetariano'
2025-09-03 14:50:32 (BRT) - DEBUG -   Prato 'Refogado de proteína de soja' adicionado à categoria 'Vegetariano'
2025-09-03 14:50:32 (BRT) - DEBUG -   Prato 'Ovo cozido' adicionado à categoria 'Vegetariano'
2025-09-03 14:50:32 (BRT) - DEBUG - Nova categoria 'Vegetariano' na linha 44
2025-09-03 14:50:32 (BRT) - DEBUG -   Prato 'Mini pizza de abobrinha' adicionado à categoria 'Vegetariano'
2025-09-03 14:50:32 (BRT) - DEBUG -   Prato 'Mini pizza de abobrinha' adicionado à categoria 'Vegetariano'
2025-09-03 14:50:32 (BRT) - DEBUG -   Prato 'Legumes ao molho branco' adicionado à categoria 'Vegetariano'
2025-09-03 14:50:32 (BRT) - DEBUG -   Prato 'Hambúrguer de aveia com legumes' adicionado à categoria 'Vegetariano'
2025-09-03 14:50:32 (BRT) - DEBUG -   Prato 'Refogado de proteína de soja' adicionado à categoria 'Vegetariano'
2025-09-03 14:50:32 (BRT) - DEBUG -   Prato 'Ovo cozido' adicionado à categoria 'Vegetariano'
2025-09-03 14:50:32 (BRT) - DEBUG - Nova categoria 'Prato Principal' na linha 46
2025-09-03 14:50:32 (BRT) - DEBUG -   Prato 'Frango assado ao molho de mostarda' adicionado à categoria 'Prato Principal'
2025-09-03 14:50:32 (BRT) - DEBUG -   Prato 'Frango assado ao molho de mostarda' adicionado à categoria 'Prato Principal'
2025-09-03 14:50:32 (BRT) - DEBUG -   Prato 'Strogonoff de frango' adicionado à categoria 'Prato Principal'
2025-09-03 14:50:32 (BRT) - DEBUG -   Prato 'Bife bovino acebolado' adicionado à categoria 'Prato Principal'
2025-09-03 14:50:32 (BRT) - DEBUG -   Prato 'Hambúrguer suíno ao molho tomatelli' adicionado à categoria 'Prato Principal'
2025-09-03 14:50:32 (BRT) - DEBUG -   Prato 'Entreveiro (frango, suíno e bovino)' adicionado à categoria 'Prato Principal'
2025-09-03 14:50:32 (BRT) - INFO - Cardápio processado para segunda-feira, 15 setembro de 2025:
2025-09-03 14:50:32 (BRT) - INFO -   Saladas: 6 pratos
2025-09-03 14:50:32 (BRT) - INFO -   Acompanhamento: 6 pratos
2025-09-03 14:50:32 (BRT) - INFO -   Guarnição: 6 pratos
2025-09-03 14:50:32 (BRT) - INFO -   Vegetariano: 6 pratos
2025-09-03 14:50:32 (BRT) - INFO -   Prato Principal: 6 pratos
2025-09-03 14:50:32 (BRT) - INFO - Processamento concluído. Total de dias processados: 3
2025-09-03 14:50:32 (BRT) - INFO - Convertendo cardápios para DataFrame
2025-09-03 14:50:32 (BRT) - INFO - DataFrame criado com 90 linhas e 4 colunas
2025-09-03 14:50:32 (BRT) - INFO - Colunas: ['data', 'categoria', 'prato', 'ordem']
2025-09-03 14:50:32 (BRT) - INFO - Primeiras 5 linhas do DataFrame:
2025-09-03 14:50:32 (BRT) - INFO -   Linha 0: {'data': 'segunda-feira, 01 setembro de 2025', 'categoria': 'Saladas', 'prato': 'Mix grão (milho, ervilha, grão de bico)', 'ordem': 1}
2025-09-03 14:50:32 (BRT) - INFO -   Linha 1: {'data': 'segunda-feira, 01 setembro de 2025', 'categoria': 'Saladas', 'prato': 'Mix grão (milho, ervilha, grão de bico)', 'ordem': 2}
2025-09-03 14:50:32 (BRT) - INFO -   Linha 2: {'data': 'segunda-feira, 01 setembro de 2025', 'categoria': 'Saladas', 'prato': 'Chuchu   colorido\nFruta', 'ordem': 3}
2025-09-03 14:50:33 (BRT) - INFO -   Linha 3: {'data': 'segunda-feira, 01 setembro de 2025', 'categoria': 'Saladas', 'prato': 'Cenoura cozida', 'ordem': 4}
2025-09-03 14:50:33 (BRT) - INFO -   Linha 4: {'data': 'segunda-feira, 01 setembro de 2025', 'categoria': 'Saladas', 'prato': 'Repolho cozido\nFruta', 'ordem': 5}
2025-09-03 14:50:33 (BRT) - INFO - ============================================================
2025-09-03 14:50:33 (BRT) - INFO - PROCESSAMENTO CONCLUÍDO COM SUCESSO
2025-09-03 14:50:33 (BRT) - INFO - ============================================================
2025-09-03 15:02:00 (BRT) - INFO - ============================================================
2025-09-03 15:02:00 (BRT) - INFO - PROCESSAMENTO HORIZONTAL - UM DIA POR LINHA
2025-09-03 15:02:00 (BRT) - INFO - ============================================================
2025-09-03 15:02:00 (BRT) - INFO - Iniciando processamento horizontal do arquivo: Cardápio de mes setembro.docx
2025-09-03 15:02:00 (BRT) - INFO - Tabela encontrada com 47 linhas
2025-09-03 15:02:00 (BRT) - DEBUG - Linha 0: ['', 'segunda-feira, 01 setembro de 2025', 'segunda-feira, 01 setembro de 2025', 'terça-feira, 02 setembro de 2025', 'quarta-feira, 03 setembro de 2025', 'quinta-feira, 04 setembro de 2025', 'sexta-feira, 05 setembro de 2025']
2025-09-03 15:02:00 (BRT) - DEBUG - Linha 1: ['', '', '', '', '', '', '']
2025-09-03 15:02:00 (BRT) - DEBUG - Linha 2: ['Saladas', 'Alface com cenoura', 'Alface com cenoura', 'Almeirão com pepino', 'Alface com rabanete', 'Acelga com tomate', 'Radite com pepino']
2025-09-03 15:02:00 (BRT) - DEBUG - Linha 3: ['Saladas', 'Mix grão (milho, ervilha, grão de bico)', 'Mix grão (milho, ervilha, grão de bico)', 'Chuchu   colorido\nFruta', 'Cenoura cozida', 'Repolho cozido\nFruta', 'Trigo e abobrinha  a vinagrete']
2025-09-03 15:02:01 (BRT) - DEBUG - Linha 4: ['', '', '', '', '', '', '']
2025-09-03 15:02:01 (BRT) - DEBUG - Linha 5: ['Acompanhamento', 'Arroz Branco', 'Arroz Branco', 'Arroz Branco', 'Arroz Branco/arroz integral', 'Arroz Branco', 'Arroz Branco']
2025-09-03 15:02:01 (BRT) - DEBUG - Linha 6: ['Acompanhamento', 'Feijão Preto', 'Feijão Preto', 'Feijão Preto', 'Feijão Preto', 'Feijão Preto', 'Feijão Preto']
2025-09-03 15:02:01 (BRT) - DEBUG - Linha 7: ['', '', '', '', '', '', '']
2025-09-03 15:02:01 (BRT) - DEBUG - Linha 8: ['Guarnição', 'Quirerinha temperada', 'Quirerinha temperada', 'Espaguete asso molho sugo', 'Legumes confitados', 'Aipim souté', 'Macarrão ao molho branco']
2025-09-03 15:02:01 (BRT) - DEBUG - Linha 9: ['', '', '', '', '', '', '']
2025-09-03 15:02:01 (BRT) - INFO - Data encontrada na linha 0: segunda-feira, 01 setembro de 2025
2025-09-03 15:02:01 (BRT) - INFO - Data encontrada na linha 17: segunda-feira,  08 setembro de 2025
2025-09-03 15:02:01 (BRT) - INFO - Data encontrada na linha 33: segunda-feira, 15 setembro de 2025
2025-09-03 15:02:01 (BRT) - INFO - Processando: segunda-feira, 01 setembro de 2025
2025-09-03 15:02:01 (BRT) - INFO - Cardápio processado: {'Dia': 'segunda-feira, 01 setembro de 2025', 'Saladas': 'Mix grão (milho, ervilha, grão de bico)\nMix grão (milho, ervilha, grão de bico)\nChuchu   colorido\nFruta\nCenoura cozida\nRepolho cozido\nFruta\nTrigo e abobrinha  a vinagrete', 'Acompanhamento': 'Feijão Preto\nFeijão Preto\nFeijão Preto\nFeijão Preto\nFeijão Preto\nFeijão Preto', 'Guarnição': 'Quirerinha temperada\nQuirerinha temperada\nEspaguete asso molho sugo\nLegumes confitados\nAipim souté\nMacarrão ao molho branco', 'Vegetariano': 'Ovo mexido\nOvo mexido\nMisto de legumes refogados\nPanqueca e proteína de soja\nMini pizza de beringela\nTorta salgada', 'Prato Principal': 'Iscas suínas aceboladas\nIscas suínas aceboladas\nFrango assado\nRocambole de frango\nBife ao molho vermelho\nStrogonoff de frango'}
2025-09-03 15:02:01 (BRT) - INFO - Processando: segunda-feira,  08 setembro de 2025
2025-09-03 15:02:01 (BRT) - INFO - Cardápio processado: {'Dia': 'segunda-feira,  08 setembro de 2025', 'Saladas': 'Vinagrete de lentilha\nVinagrete de lentilha\nBeterraba cozida\nFruta\nChuchu cozido\nCenoura cozida\nFruta\nMix grão', 'Acompanhamento': 'Feijão Preto\nFeijão Preto\nFeijão Preto\nFeijão carioca\nFeijão Preto\nFeijão Preto', 'Guarnição': 'Polenta cremosa\nPolenta cremosa\nCabotiá caramelizada\nPurê de batata ao molho sugo\nFarofa de couve\nMacarrão ao alho e óleo', 'Vegetariano': 'Ovo ao molho caipira (com milho e ervilha)\nOvo ao molho caipira (com milho e ervilha)\nAbobrinha recheada\nEscondidinho de batata com proteína de soja\nEspetinho de legumes\nGratinado de chuchu', 'Prato Principal': 'Frango xadrez\nFrango xadrez\nBife ao molho escuro\nPeixe á milanesa\nFrango ao molho\nPernil grelhado'}
2025-09-03 15:02:01 (BRT) - INFO - Processando: segunda-feira, 15 setembro de 2025
2025-09-03 15:02:01 (BRT) - INFO - Cardápio processado: {'Dia': 'segunda-feira, 15 setembro de 2025', 'Saladas': 'Lentilha com tomate\nLentilha com tomate\nGrão de bico á vinagrete\nFruta\nBeterraba cozida\nChuchu cozido\nFruta\nRepolho cozido', 'Acompanhamento': 'Feijão Preto\nFeijão Preto\nFeijão Preto\nFeijão carioca\nFeijão Preto\nFeijão Preto', 'Guarnição': 'Aipim com ervas finas\nAipim com ervas finas\nMacarrão á brasileira (com milho e ervilha)\nTorta salgada\nBatata doce confitada\nMacarrão com ervas finas', 'Vegetariano': 'Mini pizza de abobrinha\nMini pizza de abobrinha\nLegumes ao molho branco\nHambúrguer de aveia com legumes\nRefogado de proteína de soja\nOvo cozido', 'Prato Principal': 'Frango assado ao molho de mostarda\nFrango assado ao molho de mostarda\nStrogonoff de frango\nBife bovino acebolado\nHambúrguer suíno ao molho tomatelli\nEntreveiro (frango, suíno e bovino)'}
2025-09-03 15:02:01 (BRT) - INFO - DataFrame criado com 3 dias
2025-09-03 15:02:01 (BRT) - INFO - Processamento concluído com sucesso!
2025-09-03 15:02:01 (BRT) - INFO - Shape do DataFrame: (3, 6)
2025-09-03 15:02:01 (BRT) - INFO - Colunas: ['Dia', 'Saladas', 'Acompanhamento', 'Guarnição', 'Prato Principal', 'Vegetariano']
2025-09-03 15:02:01 (BRT) - INFO - Dia 0: segunda-feira, 01 setembro de 2025
2025-09-03 15:02:01 (BRT) - INFO -   Saladas: Mix grão (milho, ervilha, grão de bico)
Mix grão (milho, ervilha, grão de bico)
Chuchu   colorido
Fruta
Cenoura cozida
Repolho cozido
Fruta
Trigo e abobrinha  a vinagrete
2025-09-03 15:02:01 (BRT) - INFO -   Acompanhamento: Feijão Preto
Feijão Preto
Feijão Preto
Feijão Preto
Feijão Preto
Feijão Preto
2025-09-03 15:02:01 (BRT) - INFO -   Prato Principal: Iscas suínas aceboladas
Iscas suínas aceboladas
Frango assado
Rocambole de frango
Bife ao molho vermelho
Strogonoff de frango
2025-09-03 15:02:01 (BRT) - INFO - Dia 1: segunda-feira,  08 setembro de 2025
2025-09-03 15:02:01 (BRT) - INFO -   Saladas: Vinagrete de lentilha
Vinagrete de lentilha
Beterraba cozida
Fruta
Chuchu cozido
Cenoura cozida
Fruta
Mix grão
2025-09-03 15:02:01 (BRT) - INFO -   Acompanhamento: Feijão Preto
Feijão Preto
Feijão Preto
Feijão carioca
Feijão Preto
Feijão Preto
2025-09-03 15:02:01 (BRT) - INFO -   Prato Principal: Frango xadrez
Frango xadrez
Bife ao molho escuro
Peixe á milanesa
Frango ao molho
Pernil grelhado
2025-09-03 15:02:01 (BRT) - INFO - Dia 2: segunda-feira, 15 setembro de 2025
2025-09-03 15:02:01 (BRT) - INFO -   Saladas: Lentilha com tomate
Lentilha com tomate
Grão de bico á vinagrete
Fruta
Beterraba cozida
Chuchu cozido
Fruta
Repolho cozido
2025-09-03 15:02:01 (BRT) - INFO -   Acompanhamento: Feijão Preto
Feijão Preto
Feijão Preto
Feijão carioca
Feijão Preto
Feijão Preto
2025-09-03 15:02:01 (BRT) - INFO -   Prato Principal: Frango assado ao molho de mostarda
Frango assado ao molho de mostarda
Strogonoff de frango
Bife bovino acebolado
Hambúrguer suíno ao molho tomatelli
Entreveiro (frango, suíno e bovino)
2025-09-03 15:08:03 (BRT) - INFO - ============================================================
2025-09-03 15:08:03 (BRT) - INFO - PROCESSAMENTO HORIZONTAL CORRIGIDO - UM DIA POR COLUNA
2025-09-03 15:08:03 (BRT) - INFO - ============================================================
2025-09-03 15:08:03 (BRT) - INFO - Iniciando processamento horizontal corrigido do arquivo: Cardápio de mes setembro.docx
2025-09-03 15:08:03 (BRT) - INFO - Tabela encontrada com 47 linhas
2025-09-03 15:08:03 (BRT) - DEBUG - Linha 0: ['', 'segunda-feira, 01 setembro de 2025', 'segunda-feira, 01 setembro de 2025', 'terça-feira, 02 setembro de 2025', 'quarta-feira, 03 setembro de 2025', 'quinta-feira, 04 setembro de 2025', 'sexta-feira, 05 setembro de 2025']
2025-09-03 15:08:03 (BRT) - DEBUG - Linha 1: ['', '', '', '', '', '', '']
2025-09-03 15:08:03 (BRT) - DEBUG - Linha 2: ['Saladas', 'Alface com cenoura', 'Alface com cenoura', 'Almeirão com pepino', 'Alface com rabanete', 'Acelga com tomate', 'Radite com pepino']
2025-09-03 15:08:03 (BRT) - DEBUG - Linha 3: ['Saladas', 'Mix grão (milho, ervilha, grão de bico)', 'Mix grão (milho, ervilha, grão de bico)', 'Chuchu   colorido\nFruta', 'Cenoura cozida', 'Repolho cozido\nFruta', 'Trigo e abobrinha  a vinagrete']
2025-09-03 15:08:03 (BRT) - DEBUG - Linha 4: ['', '', '', '', '', '', '']
2025-09-03 15:08:03 (BRT) - INFO - Linha de datas: ['', 'segunda-feira, 01 setembro de 2025', 'segunda-feira, 01 setembro de 2025', 'terça-feira, 02 setembro de 2025', 'quarta-feira, 03 setembro de 2025', 'quinta-feira, 04 setembro de 2025', 'sexta-feira, 05 setembro de 2025']
2025-09-03 15:08:03 (BRT) - INFO - Data encontrada na coluna 1: segunda-feira, 01 setembro de 2025
2025-09-03 15:08:03 (BRT) - INFO - Data encontrada na coluna 2: segunda-feira, 01 setembro de 2025
2025-09-03 15:08:03 (BRT) - INFO - Data encontrada na coluna 3: terça-feira, 02 setembro de 2025
2025-09-03 15:08:03 (BRT) - INFO - Data encontrada na coluna 4: quarta-feira, 03 setembro de 2025
2025-09-03 15:08:03 (BRT) - INFO - Data encontrada na coluna 5: quinta-feira, 04 setembro de 2025
2025-09-03 15:08:03 (BRT) - INFO - Data encontrada na coluna 6: sexta-feira, 05 setembro de 2025
2025-09-03 15:08:03 (BRT) - INFO - Processando coluna 1: segunda-feira, 01 setembro de 2025
2025-09-03 15:08:03 (BRT) - INFO - Cardápio processado para segunda-feira, 01 setembro de 2025: {'Dia': 'segunda-feira, 01 setembro de 2025', 'Saladas': 'Lentilha com tomate', 'Acompanhamento': 'Feijão Preto', 'Guarnição': 'Aipim com ervas finas', 'Vegetariano': 'Mini pizza de abobrinha', 'Prato Principal': 'Frango assado ao molho de mostarda'}
2025-09-03 15:08:03 (BRT) - INFO - Processando coluna 2: segunda-feira, 01 setembro de 2025
2025-09-03 15:08:03 (BRT) - INFO - Cardápio processado para segunda-feira, 01 setembro de 2025: {'Dia': 'segunda-feira, 01 setembro de 2025', 'Saladas': 'Lentilha com tomate', 'Acompanhamento': 'Feijão Preto', 'Guarnição': 'Aipim com ervas finas', 'Vegetariano': 'Mini pizza de abobrinha', 'Prato Principal': 'Frango assado ao molho de mostarda'}
2025-09-03 15:08:03 (BRT) - INFO - Processando coluna 3: terça-feira, 02 setembro de 2025
2025-09-03 15:08:03 (BRT) - INFO - Cardápio processado para terça-feira, 02 setembro de 2025: {'Dia': 'terça-feira, 02 setembro de 2025', 'Saladas': 'Grão de bico á vinagrete\nFruta', 'Acompanhamento': 'Feijão Preto', 'Guarnição': 'Macarrão á brasileira (com milho e ervilha)', 'Vegetariano': 'Legumes ao molho branco', 'Prato Principal': 'Strogonoff de frango'}
2025-09-03 15:08:03 (BRT) - INFO - Processando coluna 4: quarta-feira, 03 setembro de 2025
2025-09-03 15:08:03 (BRT) - INFO - Cardápio processado para quarta-feira, 03 setembro de 2025: {'Dia': 'quarta-feira, 03 setembro de 2025', 'Saladas': 'Beterraba cozida', 'Acompanhamento': 'Feijão carioca', 'Guarnição': 'Torta salgada', 'Vegetariano': 'Hambúrguer de aveia com legumes', 'Prato Principal': 'Bife bovino acebolado'}
2025-09-03 15:08:03 (BRT) - INFO - Processando coluna 5: quinta-feira, 04 setembro de 2025
2025-09-03 15:08:03 (BRT) - INFO - Cardápio processado para quinta-feira, 04 setembro de 2025: {'Dia': 'quinta-feira, 04 setembro de 2025', 'Saladas': 'Chuchu cozido\nFruta', 'Acompanhamento': 'Feijão Preto', 'Guarnição': 'Batata doce confitada', 'Vegetariano': 'Refogado de proteína de soja', 'Prato Principal': 'Hambúrguer suíno ao molho tomatelli'}
2025-09-03 15:08:03 (BRT) - INFO - Processando coluna 6: sexta-feira, 05 setembro de 2025
2025-09-03 15:08:03 (BRT) - INFO - Cardápio processado para sexta-feira, 05 setembro de 2025: {'Dia': 'sexta-feira, 05 setembro de 2025', 'Saladas': 'Repolho cozido', 'Acompanhamento': 'Feijão Preto', 'Guarnição': 'Macarrão com ervas finas', 'Vegetariano': 'Ovo cozido', 'Prato Principal': 'Entreveiro (frango, suíno e bovino)'}
2025-09-03 15:08:03 (BRT) - INFO - DataFrame criado com 6 dias
2025-09-03 15:08:03 (BRT) - INFO - Processamento concluído com sucesso!
2025-09-03 15:08:03 (BRT) - INFO - Shape do DataFrame: (6, 6)
2025-09-03 15:08:03 (BRT) - INFO - Colunas: ['Dia', 'Saladas', 'Acompanhamento', 'Guarnição', 'Prato Principal', 'Vegetariano']
2025-09-03 15:08:03 (BRT) - INFO - Dias processados: ['segunda-feira, 01 setembro de 2025', 'segunda-feira, 01 setembro de 2025', 'terça-feira, 02 setembro de 2025', 'quarta-feira, 03 setembro de 2025', 'quinta-feira, 04 setembro de 2025', 'sexta-feira, 05 setembro de 2025']
2025-09-03 15:08:03 (BRT) - INFO - Dia 0: segunda-feira, 01 setembro de 2025
2025-09-03 15:08:03 (BRT) - INFO -   Saladas: Lentilha com tomate
2025-09-03 15:08:03 (BRT) - INFO -   Acompanhamento: Feijão Preto
2025-09-03 15:08:03 (BRT) - INFO -   Prato Principal: Frango assado ao molho de mostarda
2025-09-03 15:08:03 (BRT) - INFO - Dia 1: segunda-feira, 01 setembro de 2025
2025-09-03 15:08:04 (BRT) - INFO -   Saladas: Lentilha com tomate
2025-09-03 15:08:04 (BRT) - INFO -   Acompanhamento: Feijão Preto
2025-09-03 15:08:04 (BRT) - INFO -   Prato Principal: Frango assado ao molho de mostarda
2025-09-03 15:08:04 (BRT) - INFO - Dia 2: terça-feira, 02 setembro de 2025
2025-09-03 15:08:04 (BRT) - INFO -   Saladas: Grão de bico á vinagrete
Fruta
2025-09-03 15:08:04 (BRT) - INFO -   Acompanhamento: Feijão Preto
2025-09-03 15:08:04 (BRT) - INFO -   Prato Principal: Strogonoff de frango
2025-09-03 15:08:04 (BRT) - INFO - Dia 3: quarta-feira, 03 setembro de 2025
2025-09-03 15:08:04 (BRT) - INFO -   Saladas: Beterraba cozida
2025-09-03 15:08:04 (BRT) - INFO -   Acompanhamento: Feijão carioca
2025-09-03 15:08:04 (BRT) - INFO -   Prato Principal: Bife bovino acebolado
2025-09-03 15:08:04 (BRT) - INFO - Dia 4: quinta-feira, 04 setembro de 2025
2025-09-03 15:08:04 (BRT) - INFO -   Saladas: Chuchu cozido
Fruta
2025-09-03 15:08:04 (BRT) - INFO -   Acompanhamento: Feijão Preto
2025-09-03 15:08:04 (BRT) - INFO -   Prato Principal: Hambúrguer suíno ao molho tomatelli
2025-09-03 15:08:04 (BRT) - INFO - Dia 5: sexta-feira, 05 setembro de 2025
2025-09-03 15:08:04 (BRT) - INFO -   Saladas: Repolho cozido
2025-09-03 15:08:04 (BRT) - INFO -   Acompanhamento: Feijão Preto
2025-09-03 15:08:04 (BRT) - INFO -   Prato Principal: Entreveiro (frango, suíno e bovino)
2025-09-03 15:14:18 (BRT) - INFO - ============================================================
2025-09-03 15:14:18 (BRT) - INFO - PROCESSAMENTO COMPLETO - TODAS AS SEMANAS
2025-09-03 15:14:18 (BRT) - INFO - ============================================================
2025-09-03 15:14:18 (BRT) - INFO - Processando tabela 1/2
2025-09-03 15:14:18 (BRT) - INFO - Linha de datas da tabela 0: ['', 'segunda-feira, 01 setembro de 2025', 'segunda-feira, 01 setembro de 2025', 'terça-feira, 02 setembro de 2025', 'quarta-feira, 03 setembro de 2025', 'quinta-feira, 04 setembro de 2025', 'sexta-feira, 05 setembro de 2025']
2025-09-03 15:14:18 (BRT) - INFO - Processando tabela 2/2
2025-09-03 15:14:18 (BRT) - INFO - Linha de datas da tabela 1: ['', 'segunda-feira, 22 setembro de 2025', 'terça-feira, 23 setembro de 2025', 'quarta-feira, 24 setembro de 2025', 'quinta-feira, 25 setembro de 2025', 'sexta-feira, 26 setembro de 2025']
2025-09-03 15:14:18 (BRT) - INFO - DataFrame final com 10 dias de 2 tabelas
2025-09-03 15:26:10 (BRT) - INFO - ============================================================
2025-09-03 15:26:10 (BRT) - INFO - PROCESSAMENTO VERTICAL - UM DIA POR LINHA
2025-09-03 15:26:10 (BRT) - INFO - ============================================================
2025-09-03 15:26:10 (BRT) - INFO - Iniciando leitura verticalizada da tabela: Cardápio de mes setembro.docx
2025-09-03 15:26:10 (BRT) - INFO - Tabela encontrada com 47 linhas
2025-09-03 15:26:10 (BRT) - DEBUG - Linha 0: ['', 'segunda-feira, 01 setembro de 2025', 'segunda-feira, 01 setembro de 2025', 'terça-feira, 02 setembro de 2025', 'quarta-feira, 03 setembro de 2025', 'quinta-feira, 04 setembro de 2025', 'sexta-feira, 05 setembro de 2025']
2025-09-03 15:26:10 (BRT) - DEBUG - Linha 1: ['', '', '', '', '', '', '']
2025-09-03 15:26:10 (BRT) - DEBUG - Linha 2: ['Saladas', 'Alface com cenoura', 'Alface com cenoura', 'Almeirão com pepino', 'Alface com rabanete', 'Acelga com tomate', 'Radite com pepino']
2025-09-03 15:26:10 (BRT) - DEBUG - Linha 3: ['Saladas', 'Mix grão (milho, ervilha, grão de bico)', 'Mix grão (milho, ervilha, grão de bico)', 'Chuchu   colorido\nFruta', 'Cenoura cozida', 'Repolho cozido\nFruta', 'Trigo e abobrinha  a vinagrete']
2025-09-03 15:26:10 (BRT) - DEBUG - Linha 4: ['', '', '', '', '', '', '']
2025-09-03 15:26:10 (BRT) - INFO - Cabeçalho encontrado na linha 0: ['', 'segunda-feira, 01 setembro de 2025', 'segunda-feira, 01 setembro de 2025', 'terça-feira, 02 setembro de 2025', 'quarta-feira, 03 setembro de 2025', 'quinta-feira, 04 setembro de 2025', 'sexta-feira, 05 setembro de 2025']
2025-09-03 15:26:10 (BRT) - INFO - Datas encontradas: ['segunda-feira, 01 setembro de 2025', 'segunda-feira, 01 setembro de 2025', 'terça-feira, 02 setembro de 2025', 'quarta-feira, 03 setembro de 2025', 'quinta-feira, 04 setembro de 2025', 'sexta-feira, 05 setembro de 2025']
2025-09-03 15:26:10 (BRT) - INFO - Dados após remover linhas vazias: 27 linhas
2025-09-03 15:26:10 (BRT) - INFO - Processando coluna 0: segunda-feira, 01 setembro de 2025
2025-09-03 15:26:10 (BRT) - INFO - Cardápio processado para segunda-feira, 01 setembro de 2025
2025-09-03 15:26:10 (BRT) - INFO - Processando coluna 1: segunda-feira, 01 setembro de 2025
2025-09-03 15:26:10 (BRT) - INFO - Cardápio processado para segunda-feira, 01 setembro de 2025
2025-09-03 15:26:10 (BRT) - INFO - Processando coluna 2: terça-feira, 02 setembro de 2025
2025-09-03 15:26:10 (BRT) - INFO - Cardápio processado para terça-feira, 02 setembro de 2025
2025-09-03 15:26:10 (BRT) - INFO - Processando coluna 3: quarta-feira, 03 setembro de 2025
2025-09-03 15:26:10 (BRT) - INFO - Cardápio processado para quarta-feira, 03 setembro de 2025
2025-09-03 15:26:10 (BRT) - INFO - Processando coluna 4: quinta-feira, 04 setembro de 2025
2025-09-03 15:26:10 (BRT) - INFO - Cardápio processado para quinta-feira, 04 setembro de 2025
2025-09-03 15:26:10 (BRT) - INFO - Processando coluna 5: sexta-feira, 05 setembro de 2025
2025-09-03 15:26:10 (BRT) - INFO - Cardápio processado para sexta-feira, 05 setembro de 2025
2025-09-03 15:26:10 (BRT) - INFO - DataFrame criado com 6 dias
2025-09-03 15:26:10 (BRT) - INFO - Processamento concluído com sucesso!
2025-09-03 15:26:10 (BRT) - INFO - Shape do DataFrame: (6, 6)
2025-09-03 15:26:10 (BRT) - INFO - Colunas: ['Data', 'Saladas', 'Acompanhamento', 'Guarnição', 'Prato Principal', 'Vegetariano']
2025-09-03 15:26:11 (BRT) - INFO - Dias processados: ['segunda-feira, 01 setembro de 2025', 'segunda-feira, 01 setembro de 2025', 'terça-feira, 02 setembro de 2025', 'quarta-feira, 03 setembro de 2025', 'quinta-feira, 04 setembro de 2025', 'sexta-feira, 05 setembro de 2025']
2025-09-03 15:26:11 (BRT) - INFO - Dia 0: segunda-feira, 01 setembro de 2025
2025-09-03 15:26:11 (BRT) - INFO -   Saladas: 
2025-09-03 15:26:11 (BRT) - INFO -   Acompanhamento: 
2025-09-03 15:26:11 (BRT) - INFO -   Prato Principal: 
2025-09-03 15:26:11 (BRT) - INFO - Dia 1: segunda-feira, 01 setembro de 2025
2025-09-03 15:26:11 (BRT) - INFO -   Saladas: Alface com cenoura
Mix grão (milho, ervilha, grão de bico)
Almeirão cenoura
Vinagrete de lentilha
Alface
Lentilha com tomate
2025-09-03 15:26:11 (BRT) - INFO -   Acompanhamento: Arroz Branco
Feijão Preto
Arroz Branco
Feijão Preto
Arroz Branco
Feijão Preto
2025-09-03 15:26:11 (BRT) - INFO -   Prato Principal: Iscas suínas aceboladas
segunda-feira,  08 setembro de 2025
Frango xadrez
segunda-feira, 15 setembro de 2025
Frango assado ao molho de mostarda
2025-09-03 15:26:11 (BRT) - INFO - Dia 2: terça-feira, 02 setembro de 2025
2025-09-03 15:26:11 (BRT) - INFO -   Saladas: Alface com cenoura
Mix grão (milho, ervilha, grão de bico)
Almeirão cenoura
Vinagrete de lentilha
Alface
Lentilha com tomate
2025-09-03 15:26:11 (BRT) - INFO -   Acompanhamento: Arroz Branco
Feijão Preto
Arroz Branco
Feijão Preto
Arroz Branco
Feijão Preto
2025-09-03 15:26:11 (BRT) - INFO -   Prato Principal: Iscas suínas aceboladas
segunda-feira,  08 setembro de 2025
Frango xadrez
segunda-feira, 15 setembro de 2025
Frango assado ao molho de mostarda
2025-09-03 15:26:11 (BRT) - INFO - Dia 3: quarta-feira, 03 setembro de 2025
2025-09-03 15:26:11 (BRT) - INFO -   Saladas: Almeirão com pepino
Chuchu   colorido
Fruta
Agrião com Cenoura
Beterraba cozida
Fruta
Acelga com rabanete
Grão de bico á vinagrete
Fruta
2025-09-03 15:26:11 (BRT) - INFO -   Acompanhamento: Arroz Branco
Feijão Preto
Arroz Branco
Feijão Preto
Arroz Branco
Feijão Preto
2025-09-03 15:26:11 (BRT) - INFO -   Prato Principal: Frango assado
terça-feira, 09 setembro de 2025
Bife ao molho escuro
terça-feira, 16 setembro de 2025
Strogonoff de frango
2025-09-03 15:26:11 (BRT) - INFO - Dia 4: quinta-feira, 04 setembro de 2025
2025-09-03 15:26:11 (BRT) - INFO -   Saladas: Alface com rabanete
Cenoura cozida
Mix de folhas com tomate
Chuchu cozido
Chicória com cebola
Beterraba cozida
2025-09-03 15:26:11 (BRT) - INFO -   Acompanhamento: Arroz Branco/arroz integral
Feijão Preto
Arroz Branco
Feijão carioca
Arroz Branco
Feijão carioca
2025-09-03 15:26:11 (BRT) - INFO -   Prato Principal: Rocambole de frango
quarta-feira, 10 setembro de 2025
Peixe á milanesa
quarta-feira, 16  setembro de 2025
Bife bovino acebolado
