2025-08-06 15:44:31 (BRT) - INFO - 
############################################################
INICIANDO PROCESSAMENTO DO ARQUIVO: cardapio_junho.pdf
############################################################
2025-08-06 15:44:31 (BRT) - INFO - Total de páginas no PDF: 4
2025-08-06 15:44:31 (BRT) - INFO - 
==================================================
Iniciando processamento da página 1
==================================================
2025-08-06 15:44:31 (BRT) - INFO - Texto extraído (primeiros 200 chars): Cardápio Mês de junho de 2025
segunda-feira, 2 de junho de terça-feira, 3 de junho de quarta-feira, 4 de junho quinta-feira, 5 de sexta-feira, 6 de junho
2025 2025 de 2025 junho de 2025 de 2025
Acelga...
2025-08-06 15:44:31 (BRT) - INFO - Encontradas 2 tabelas na página 1
2025-08-06 15:44:31 (BRT) - INFO - Procurando por dias de recesso...
2025-08-06 15:44:31 (BRT) - INFO - Processando cabeçalhos dos dias...
2025-08-06 15:44:31 (BRT) - DEBUG - Índice 1: segunda-feira, 2 de junho de 2025
2025-08-06 15:44:31 (BRT) - DEBUG - Índice 4: terça-feira, 3 de junho de 2025
2025-08-06 15:44:31 (BRT) - DEBUG - Índice 7: quarta-feira, 4 de junho de 2025
2025-08-06 15:44:31 (BRT) - DEBUG - Índice 10: quinta-feira, 5 de junho de 2025
2025-08-06 15:44:31 (BRT) - DEBUG - Índice 13: sexta-feira, 6 de junho de 2025
2025-08-06 15:44:31 (BRT) - INFO - Processando corpo da tabela...
2025-08-06 15:44:31 (BRT) - INFO - Encontradas 8 linhas de dados
2025-08-06 15:44:31 (BRT) - INFO - DataFrame criado com 8 linhas
2025-08-06 15:44:31 (BRT) - INFO - Aplicando recessos...
2025-08-06 15:44:31 (BRT) - INFO - Processamento da página 1 concluído com sucesso!
2025-08-06 15:44:31 (BRT) - INFO - 
==================================================
Iniciando processamento da página 2
==================================================
2025-08-06 15:44:31 (BRT) - INFO - Texto extraído (primeiros 200 chars): Cardápio Mês de junho de 2025
segunda-feira, 9 de junho terça-feira, 10 de junho de quarta-feira, 11 de junho quinta-feira, 12 de sexta-feira, 13 de junho
de 2025 2025 de 2025 junho de 2025 de 2025
Ac...
2025-08-06 15:44:31 (BRT) - INFO - Encontradas 6 tabelas na página 2
2025-08-06 15:44:31 (BRT) - INFO - Procurando por dias de recesso...
2025-08-06 15:44:31 (BRT) - INFO - Processando cabeçalhos dos dias...
2025-08-06 15:44:31 (BRT) - DEBUG - Índice 1: segunda-feira, 9 de junho de 2025
2025-08-06 15:44:31 (BRT) - DEBUG - Índice 4: terça-feira, 10 de junho de 2025
2025-08-06 15:44:31 (BRT) - DEBUG - Índice 7: quarta-feira, 11 de junho de 2025
2025-08-06 15:44:31 (BRT) - DEBUG - Índice 10: quinta-feira, 12 de junho de 2025
2025-08-06 15:44:31 (BRT) - DEBUG - Índice 13: sexta-feira, 13 de junho de 2025
2025-08-06 15:44:31 (BRT) - INFO - Processando corpo da tabela...
2025-08-06 15:44:31 (BRT) - INFO - Encontradas 8 linhas de dados
2025-08-06 15:44:31 (BRT) - INFO - DataFrame criado com 8 linhas
2025-08-06 15:44:31 (BRT) - INFO - Aplicando recessos...
2025-08-06 15:44:31 (BRT) - INFO - Processamento da página 2 concluído com sucesso!
2025-08-06 15:44:31 (BRT) - INFO - 
==================================================
Iniciando processamento da página 3
==================================================
2025-08-06 15:44:31 (BRT) - INFO - Texto extraído (primeiros 200 chars): Cardápio Mês de junho de 2025
quinta-feira, 19 de sexta-feira, 20 de junho
segunda-feira, 16 de junho terça-feira, 17 de junho quarta-feira, 18 de junho
junho de 2025 de 2025
de 2025 de 2025 de 2025
R...
2025-08-06 15:44:32 (BRT) - INFO - Encontradas 9 tabelas na página 3
2025-08-06 15:44:32 (BRT) - INFO - Procurando por dias de recesso...
2025-08-06 15:44:32 (BRT) - INFO - Processando cabeçalhos dos dias...
2025-08-06 15:44:32 (BRT) - DEBUG - Índice 1: terça-feira, 17 de junho
de 2025 None
2025-08-06 15:44:32 (BRT) - DEBUG - Índice 4: quinta-feira, 19 de junho de 2025
2025-08-06 15:44:32 (BRT) - DEBUG - Índice 7: sexta-feira, 20 de junho de 2025
2025-08-06 15:44:32 (BRT) - DEBUG - Índice 10: 
2025-08-06 15:44:32 (BRT) - DEBUG - Índice 13: 
2025-08-06 15:44:32 (BRT) - INFO - Processando corpo da tabela...
2025-08-06 15:44:32 (BRT) - INFO - Encontradas 13 linhas de dados
2025-08-06 15:44:32 (BRT) - INFO - DataFrame criado com 7 linhas
2025-08-06 15:44:32 (BRT) - INFO - Aplicando recessos...
2025-08-06 15:44:32 (BRT) - INFO - Processamento da página 3 concluído com sucesso!
2025-08-06 15:44:32 (BRT) - INFO - 
==================================================
Iniciando processamento da página 4
==================================================
2025-08-06 15:44:32 (BRT) - INFO - Texto extraído (primeiros 200 chars): Cardápio Mês de junho de 2025
segunda-feira, 23 de junho terça-feira, 24 de junho quarta-feira, 25 de junho quinta-feira, 26 de sexta-feira, 27 de junho
de 2025 de 2025 de 2025 junho de 2025 de 2025
C...
2025-08-06 15:44:32 (BRT) - INFO - Encontradas 6 tabelas na página 4
2025-08-06 15:44:32 (BRT) - INFO - Procurando por dias de recesso...
2025-08-06 15:44:32 (BRT) - INFO - Processando cabeçalhos dos dias...
2025-08-06 15:44:32 (BRT) - DEBUG - Índice 1: segunda-feira, 23 de junho de 2025
2025-08-06 15:44:32 (BRT) - DEBUG - Índice 4: terça-feira, 24 de junho de 2025
2025-08-06 15:44:32 (BRT) - DEBUG - Índice 7: quarta-feira, 25 de junho de 2025
2025-08-06 15:44:32 (BRT) - DEBUG - Índice 10: quinta-feira, 26 de junho de 2025
2025-08-06 15:44:32 (BRT) - DEBUG - Índice 13: sexta-feira, 27 de junho de 2025
2025-08-06 15:44:32 (BRT) - INFO - Processando corpo da tabela...
2025-08-06 15:44:32 (BRT) - INFO - Encontradas 9 linhas de dados
2025-08-06 15:44:32 (BRT) - INFO - DataFrame criado com 9 linhas
2025-08-06 15:44:32 (BRT) - INFO - Aplicando recessos...
2025-08-06 15:44:32 (BRT) - INFO - Processamento da página 4 concluído com sucesso!
2025-08-06 15:44:32 (BRT) - ERROR - Falha no processamento do PDF: Reindexing only valid with uniquely valued Index objects
Traceback (most recent call last):
  File "/tmp/ipykernel_42653/1122356406.py", line 3, in <module>
    df_final = ptable.processar_pdf("cardapio_junho.pdf")
               ^^^^^^^^^^^^^^^^^^^^^^^^^^^^^^^^^^^^^^^^^^
  File "/workspaces/AppRefeitorio/cardapio.py", line 120, in processar_pdf
    logger.info("\nResumo do DataFrame Final:\n" + str(df_final.head()))
               ^^^^^^^^^^^^^^^^^^^^^^^^^^^^^^^^^
  File "/home/codespace/.local/lib/python3.12/site-packages/pandas/core/reshape/concat.py", line 395, in concat
    return op.get_result()
           ^^^^^^^^^^^^^^^
  File "/home/codespace/.local/lib/python3.12/site-packages/pandas/core/reshape/concat.py", line 680, in get_result
    indexers[ax] = obj_labels.get_indexer(new_labels)
                   ^^^^^^^^^^^^^^^^^^^^^^^^^^^^^^^^^^
  File "/home/codespace/.local/lib/python3.12/site-packages/pandas/core/indexes/base.py", line 3885, in get_indexer
    raise InvalidIndexError(self._requires_unique_msg)
pandas.errors.InvalidIndexError: Reindexing only valid with uniquely valued Index objects
