2025-09-03 15:02:00 (BRT) - INFO - ============================================================
2025-09-03 15:02:00 (BRT) - INFO - PROCESSAMENTO HORIZONTAL - UM DIA POR LINHA
2025-09-03 15:02:00 (BRT) - INFO - ============================================================
2025-09-03 15:02:00 (BRT) - INFO - Iniciando processamento horizontal do arquivo: Cardápio de mes setembro.docx
2025-09-03 15:02:00 (BRT) - INFO - Tabela encontrada com 47 linhas
2025-09-03 15:02:00 (BRT) - DEBUG - Linha 0: ['', 'segunda-feira, 01 setembro de 2025', 'segunda-feira, 01 setembro de 2025', 'terça-feira, 02 setembro de 2025', 'quarta-feira, 03 setembro de 2025', 'quinta-feira, 04 setembro de 2025', 'sexta-feira, 05 setembro de 2025']
2025-09-03 15:02:00 (BRT) - DEBUG - Linha 1: ['', '', '', '', '', '', '']
2025-09-03 15:02:00 (BRT) - DEBUG - Linha 2: ['Saladas', 'Alface com cenoura', 'Alface com cenoura', 'Almeirão com pepino', 'Alface com rabanete', 'Acelga com tomate', 'Radite com pepino']
2025-09-03 15:02:00 (BRT) - DEBUG - Linha 3: ['Saladas', 'Mix grão (milho, ervilha, grão de bico)', 'Mix grão (milho, ervilha, grão de bico)', 'Chuchu   colorido\nFruta', 'Cenoura cozida', 'Repolho cozido\nFruta', 'Trigo e abobrinha  a vinagrete']
2025-09-03 15:02:01 (BRT) - DEBUG - Linha 4: ['', '', '', '', '', '', '']
2025-09-03 15:02:01 (BRT) - DEBUG - Linha 5: ['Acompanhamento', 'Arroz Branco', 'Arroz Branco', 'Arroz Branco', 'Arroz Branco/arroz integral', 'Arroz Branco', 'Arroz Branco']
2025-09-03 15:02:01 (BRT) - DEBUG - Linha 6: ['Acompanhamento', 'Feijão Preto', 'Feijão Preto', 'Feijão Preto', 'Feijão Preto', 'Feijão Preto', 'Feijão Preto']
2025-09-03 15:02:01 (BRT) - DEBUG - Linha 7: ['', '', '', '', '', '', '']
2025-09-03 15:02:01 (BRT) - DEBUG - Linha 8: ['Guarnição', 'Quirerinha temperada', 'Quirerinha temperada', 'Espaguete asso molho sugo', 'Legumes confitados', 'Aipim souté', 'Macarrão ao molho branco']
2025-09-03 15:02:01 (BRT) - DEBUG - Linha 9: ['', '', '', '', '', '', '']
2025-09-03 15:02:01 (BRT) - INFO - Data encontrada na linha 0: segunda-feira, 01 setembro de 2025
2025-09-03 15:02:01 (BRT) - INFO - Data encontrada na linha 17: segunda-feira,  08 setembro de 2025
2025-09-03 15:02:01 (BRT) - INFO - Data encontrada na linha 33: segunda-feira, 15 setembro de 2025
2025-09-03 15:02:01 (BRT) - INFO - Processando: segunda-feira, 01 setembro de 2025
2025-09-03 15:02:01 (BRT) - INFO - Cardápio processado: {'Dia': 'segunda-feira, 01 setembro de 2025', 'Saladas': 'Mix grão (milho, ervilha, grão de bico)\nMix grão (milho, ervilha, grão de bico)\nChuchu   colorido\nFruta\nCenoura cozida\nRepolho cozido\nFruta\nTrigo e abobrinha  a vinagrete', 'Acompanhamento': 'Feijão Preto\nFeijão Preto\nFeijão Preto\nFeijão Preto\nFeijão Preto\nFeijão Preto', 'Guarnição': 'Quirerinha temperada\nQuirerinha temperada\nEspaguete asso molho sugo\nLegumes confitados\nAipim souté\nMacarrão ao molho branco', 'Vegetariano': 'Ovo mexido\nOvo mexido\nMisto de legumes refogados\nPanqueca e proteína de soja\nMini pizza de beringela\nTorta salgada', 'Prato Principal': 'Iscas suínas aceboladas\nIscas suínas aceboladas\nFrango assado\nRocambole de frango\nBife ao molho vermelho\nStrogonoff de frango'}
2025-09-03 15:02:01 (BRT) - INFO - Processando: segunda-feira,  08 setembro de 2025
2025-09-03 15:02:01 (BRT) - INFO - Cardápio processado: {'Dia': 'segunda-feira,  08 setembro de 2025', 'Saladas': 'Vinagrete de lentilha\nVinagrete de lentilha\nBeterraba cozida\nFruta\nChuchu cozido\nCenoura cozida\nFruta\nMix grão', 'Acompanhamento': 'Feijão Preto\nFeijão Preto\nFeijão Preto\nFeijão carioca\nFeijão Preto\nFeijão Preto', 'Guarnição': 'Polenta cremosa\nPolenta cremosa\nCabotiá caramelizada\nPurê de batata ao molho sugo\nFarofa de couve\nMacarrão ao alho e óleo', 'Vegetariano': 'Ovo ao molho caipira (com milho e ervilha)\nOvo ao molho caipira (com milho e ervilha)\nAbobrinha recheada\nEscondidinho de batata com proteína de soja\nEspetinho de legumes\nGratinado de chuchu', 'Prato Principal': 'Frango xadrez\nFrango xadrez\nBife ao molho escuro\nPeixe á milanesa\nFrango ao molho\nPernil grelhado'}
2025-09-03 15:02:01 (BRT) - INFO - Processando: segunda-feira, 15 setembro de 2025
2025-09-03 15:02:01 (BRT) - INFO - Cardápio processado: {'Dia': 'segunda-feira, 15 setembro de 2025', 'Saladas': 'Lentilha com tomate\nLentilha com tomate\nGrão de bico á vinagrete\nFruta\nBeterraba cozida\nChuchu cozido\nFruta\nRepolho cozido', 'Acompanhamento': 'Feijão Preto\nFeijão Preto\nFeijão Preto\nFeijão carioca\nFeijão Preto\nFeijão Preto', 'Guarnição': 'Aipim com ervas finas\nAipim com ervas finas\nMacarrão á brasileira (com milho e ervilha)\nTorta salgada\nBatata doce confitada\nMacarrão com ervas finas', 'Vegetariano': 'Mini pizza de abobrinha\nMini pizza de abobrinha\nLegumes ao molho branco\nHambúrguer de aveia com legumes\nRefogado de proteína de soja\nOvo cozido', 'Prato Principal': 'Frango assado ao molho de mostarda\nFrango assado ao molho de mostarda\nStrogonoff de frango\nBife bovino acebolado\nHambúrguer suíno ao molho tomatelli\nEntreveiro (frango, suíno e bovino)'}
2025-09-03 15:02:01 (BRT) - INFO - DataFrame criado com 3 dias
2025-09-03 15:02:01 (BRT) - INFO - Processamento concluído com sucesso!
2025-09-03 15:02:01 (BRT) - INFO - Shape do DataFrame: (3, 6)
2025-09-03 15:02:01 (BRT) - INFO - Colunas: ['Dia', 'Saladas', 'Acompanhamento', 'Guarnição', 'Prato Principal', 'Vegetariano']
2025-09-03 15:02:01 (BRT) - INFO - Dia 0: segunda-feira, 01 setembro de 2025
2025-09-03 15:02:01 (BRT) - INFO -   Saladas: Mix grão (milho, ervilha, grão de bico)
Mix grão (milho, ervilha, grão de bico)
Chuchu   colorido
Fruta
Cenoura cozida
Repolho cozido
Fruta
Trigo e abobrinha  a vinagrete
2025-09-03 15:02:01 (BRT) - INFO -   Acompanhamento: Feijão Preto
Feijão Preto
Feijão Preto
Feijão Preto
Feijão Preto
Feijão Preto
2025-09-03 15:02:01 (BRT) - INFO -   Prato Principal: Iscas suínas aceboladas
Iscas suínas aceboladas
Frango assado
Rocambole de frango
Bife ao molho vermelho
Strogonoff de frango
2025-09-03 15:02:01 (BRT) - INFO - Dia 1: segunda-feira,  08 setembro de 2025
2025-09-03 15:02:01 (BRT) - INFO -   Saladas: Vinagrete de lentilha
Vinagrete de lentilha
Beterraba cozida
Fruta
Chuchu cozido
Cenoura cozida
Fruta
Mix grão
2025-09-03 15:02:01 (BRT) - INFO -   Acompanhamento: Feijão Preto
Feijão Preto
Feijão Preto
Feijão carioca
Feijão Preto
Feijão Preto
2025-09-03 15:02:01 (BRT) - INFO -   Prato Principal: Frango xadrez
Frango xadrez
Bife ao molho escuro
Peixe á milanesa
Frango ao molho
Pernil grelhado
2025-09-03 15:02:01 (BRT) - INFO - Dia 2: segunda-feira, 15 setembro de 2025
2025-09-03 15:02:01 (BRT) - INFO -   Saladas: Lentilha com tomate
Lentilha com tomate
Grão de bico á vinagrete
Fruta
Beterraba cozida
Chuchu cozido
Fruta
Repolho cozido
2025-09-03 15:02:01 (BRT) - INFO -   Acompanhamento: Feijão Preto
Feijão Preto
Feijão Preto
Feijão carioca
Feijão Preto
Feijão Preto
2025-09-03 15:02:01 (BRT) - INFO -   Prato Principal: Frango assado ao molho de mostarda
Frango assado ao molho de mostarda
Strogonoff de frango
Bife bovino acebolado
Hambúrguer suíno ao molho tomatelli
Entreveiro (frango, suíno e bovino)
2025-09-03 15:08:03 (BRT) - INFO - ============================================================
2025-09-03 15:08:03 (BRT) - INFO - PROCESSAMENTO HORIZONTAL CORRIGIDO - UM DIA POR COLUNA
2025-09-03 15:08:03 (BRT) - INFO - ============================================================
2025-09-03 15:08:03 (BRT) - INFO - Iniciando processamento horizontal corrigido do arquivo: Cardápio de mes setembro.docx
2025-09-03 15:08:03 (BRT) - INFO - Tabela encontrada com 47 linhas
2025-09-03 15:08:03 (BRT) - DEBUG - Linha 0: ['', 'segunda-feira, 01 setembro de 2025', 'segunda-feira, 01 setembro de 2025', 'terça-feira, 02 setembro de 2025', 'quarta-feira, 03 setembro de 2025', 'quinta-feira, 04 setembro de 2025', 'sexta-feira, 05 setembro de 2025']
2025-09-03 15:08:03 (BRT) - DEBUG - Linha 1: ['', '', '', '', '', '', '']
2025-09-03 15:08:03 (BRT) - DEBUG - Linha 2: ['Saladas', 'Alface com cenoura', 'Alface com cenoura', 'Almeirão com pepino', 'Alface com rabanete', 'Acelga com tomate', 'Radite com pepino']
2025-09-03 15:08:03 (BRT) - DEBUG - Linha 3: ['Saladas', 'Mix grão (milho, ervilha, grão de bico)', 'Mix grão (milho, ervilha, grão de bico)', 'Chuchu   colorido\nFruta', 'Cenoura cozida', 'Repolho cozido\nFruta', 'Trigo e abobrinha  a vinagrete']
2025-09-03 15:08:03 (BRT) - DEBUG - Linha 4: ['', '', '', '', '', '', '']
2025-09-03 15:08:03 (BRT) - INFO - Linha de datas: ['', 'segunda-feira, 01 setembro de 2025', 'segunda-feira, 01 setembro de 2025', 'terça-feira, 02 setembro de 2025', 'quarta-feira, 03 setembro de 2025', 'quinta-feira, 04 setembro de 2025', 'sexta-feira, 05 setembro de 2025']
2025-09-03 15:08:03 (BRT) - INFO - Data encontrada na coluna 1: segunda-feira, 01 setembro de 2025
2025-09-03 15:08:03 (BRT) - INFO - Data encontrada na coluna 2: segunda-feira, 01 setembro de 2025
2025-09-03 15:08:03 (BRT) - INFO - Data encontrada na coluna 3: terça-feira, 02 setembro de 2025
2025-09-03 15:08:03 (BRT) - INFO - Data encontrada na coluna 4: quarta-feira, 03 setembro de 2025
2025-09-03 15:08:03 (BRT) - INFO - Data encontrada na coluna 5: quinta-feira, 04 setembro de 2025
2025-09-03 15:08:03 (BRT) - INFO - Data encontrada na coluna 6: sexta-feira, 05 setembro de 2025
2025-09-03 15:08:03 (BRT) - INFO - Processando coluna 1: segunda-feira, 01 setembro de 2025
2025-09-03 15:08:03 (BRT) - INFO - Cardápio processado para segunda-feira, 01 setembro de 2025: {'Dia': 'segunda-feira, 01 setembro de 2025', 'Saladas': 'Lentilha com tomate', 'Acompanhamento': 'Feijão Preto', 'Guarnição': 'Aipim com ervas finas', 'Vegetariano': 'Mini pizza de abobrinha', 'Prato Principal': 'Frango assado ao molho de mostarda'}
2025-09-03 15:08:03 (BRT) - INFO - Processando coluna 2: segunda-feira, 01 setembro de 2025
2025-09-03 15:08:03 (BRT) - INFO - Cardápio processado para segunda-feira, 01 setembro de 2025: {'Dia': 'segunda-feira, 01 setembro de 2025', 'Saladas': 'Lentilha com tomate', 'Acompanhamento': 'Feijão Preto', 'Guarnição': 'Aipim com ervas finas', 'Vegetariano': 'Mini pizza de abobrinha', 'Prato Principal': 'Frango assado ao molho de mostarda'}
2025-09-03 15:08:03 (BRT) - INFO - Processando coluna 3: terça-feira, 02 setembro de 2025
2025-09-03 15:08:03 (BRT) - INFO - Cardápio processado para terça-feira, 02 setembro de 2025: {'Dia': 'terça-feira, 02 setembro de 2025', 'Saladas': 'Grão de bico á vinagrete\nFruta', 'Acompanhamento': 'Feijão Preto', 'Guarnição': 'Macarrão á brasileira (com milho e ervilha)', 'Vegetariano': 'Legumes ao molho branco', 'Prato Principal': 'Strogonoff de frango'}
2025-09-03 15:08:03 (BRT) - INFO - Processando coluna 4: quarta-feira, 03 setembro de 2025
2025-09-03 15:08:03 (BRT) - INFO - Cardápio processado para quarta-feira, 03 setembro de 2025: {'Dia': 'quarta-feira, 03 setembro de 2025', 'Saladas': 'Beterraba cozida', 'Acompanhamento': 'Feijão carioca', 'Guarnição': 'Torta salgada', 'Vegetariano': 'Hambúrguer de aveia com legumes', 'Prato Principal': 'Bife bovino acebolado'}
2025-09-03 15:08:03 (BRT) - INFO - Processando coluna 5: quinta-feira, 04 setembro de 2025
2025-09-03 15:08:03 (BRT) - INFO - Cardápio processado para quinta-feira, 04 setembro de 2025: {'Dia': 'quinta-feira, 04 setembro de 2025', 'Saladas': 'Chuchu cozido\nFruta', 'Acompanhamento': 'Feijão Preto', 'Guarnição': 'Batata doce confitada', 'Vegetariano': 'Refogado de proteína de soja', 'Prato Principal': 'Hambúrguer suíno ao molho tomatelli'}
2025-09-03 15:08:03 (BRT) - INFO - Processando coluna 6: sexta-feira, 05 setembro de 2025
2025-09-03 15:08:03 (BRT) - INFO - Cardápio processado para sexta-feira, 05 setembro de 2025: {'Dia': 'sexta-feira, 05 setembro de 2025', 'Saladas': 'Repolho cozido', 'Acompanhamento': 'Feijão Preto', 'Guarnição': 'Macarrão com ervas finas', 'Vegetariano': 'Ovo cozido', 'Prato Principal': 'Entreveiro (frango, suíno e bovino)'}
2025-09-03 15:08:03 (BRT) - INFO - DataFrame criado com 6 dias
2025-09-03 15:08:03 (BRT) - INFO - Processamento concluído com sucesso!
2025-09-03 15:08:03 (BRT) - INFO - Shape do DataFrame: (6, 6)
2025-09-03 15:08:03 (BRT) - INFO - Colunas: ['Dia', 'Saladas', 'Acompanhamento', 'Guarnição', 'Prato Principal', 'Vegetariano']
2025-09-03 15:08:03 (BRT) - INFO - Dias processados: ['segunda-feira, 01 setembro de 2025', 'segunda-feira, 01 setembro de 2025', 'terça-feira, 02 setembro de 2025', 'quarta-feira, 03 setembro de 2025', 'quinta-feira, 04 setembro de 2025', 'sexta-feira, 05 setembro de 2025']
2025-09-03 15:08:03 (BRT) - INFO - Dia 0: segunda-feira, 01 setembro de 2025
2025-09-03 15:08:03 (BRT) - INFO -   Saladas: Lentilha com tomate
2025-09-03 15:08:03 (BRT) - INFO -   Acompanhamento: Feijão Preto
2025-09-03 15:08:03 (BRT) - INFO -   Prato Principal: Frango assado ao molho de mostarda
2025-09-03 15:08:03 (BRT) - INFO - Dia 1: segunda-feira, 01 setembro de 2025
2025-09-03 15:08:04 (BRT) - INFO -   Saladas: Lentilha com tomate
2025-09-03 15:08:04 (BRT) - INFO -   Acompanhamento: Feijão Preto
2025-09-03 15:08:04 (BRT) - INFO -   Prato Principal: Frango assado ao molho de mostarda
2025-09-03 15:08:04 (BRT) - INFO - Dia 2: terça-feira, 02 setembro de 2025
2025-09-03 15:08:04 (BRT) - INFO -   Saladas: Grão de bico á vinagrete
Fruta
2025-09-03 15:08:04 (BRT) - INFO -   Acompanhamento: Feijão Preto
2025-09-03 15:08:04 (BRT) - INFO -   Prato Principal: Strogonoff de frango
2025-09-03 15:08:04 (BRT) - INFO - Dia 3: quarta-feira, 03 setembro de 2025
2025-09-03 15:08:04 (BRT) - INFO -   Saladas: Beterraba cozida
2025-09-03 15:08:04 (BRT) - INFO -   Acompanhamento: Feijão carioca
2025-09-03 15:08:04 (BRT) - INFO -   Prato Principal: Bife bovino acebolado
2025-09-03 15:08:04 (BRT) - INFO - Dia 4: quinta-feira, 04 setembro de 2025
2025-09-03 15:08:04 (BRT) - INFO -   Saladas: Chuchu cozido
Fruta
2025-09-03 15:08:04 (BRT) - INFO -   Acompanhamento: Feijão Preto
2025-09-03 15:08:04 (BRT) - INFO -   Prato Principal: Hambúrguer suíno ao molho tomatelli
2025-09-03 15:08:04 (BRT) - INFO - Dia 5: sexta-feira, 05 setembro de 2025
2025-09-03 15:08:04 (BRT) - INFO -   Saladas: Repolho cozido
2025-09-03 15:08:04 (BRT) - INFO -   Acompanhamento: Feijão Preto
2025-09-03 15:08:04 (BRT) - INFO -   Prato Principal: Entreveiro (frango, suíno e bovino)
2025-09-03 15:14:18 (BRT) - INFO - ============================================================
2025-09-03 15:14:18 (BRT) - INFO - PROCESSAMENTO COMPLETO - TODAS AS SEMANAS
2025-09-03 15:14:18 (BRT) - INFO - ============================================================
2025-09-03 15:14:18 (BRT) - INFO - Processando tabela 1/2
2025-09-03 15:14:18 (BRT) - INFO - Linha de datas da tabela 0: ['', 'segunda-feira, 01 setembro de 2025', 'segunda-feira, 01 setembro de 2025', 'terça-feira, 02 setembro de 2025', 'quarta-feira, 03 setembro de 2025', 'quinta-feira, 04 setembro de 2025', 'sexta-feira, 05 setembro de 2025']
2025-09-03 15:14:18 (BRT) - INFO - Processando tabela 2/2
2025-09-03 15:14:18 (BRT) - INFO - Linha de datas da tabela 1: ['', 'segunda-feira, 22 setembro de 2025', 'terça-feira, 23 setembro de 2025', 'quarta-feira, 24 setembro de 2025', 'quinta-feira, 25 setembro de 2025', 'sexta-feira, 26 setembro de 2025']
2025-09-03 15:14:18 (BRT) - INFO - DataFrame final com 10 dias de 2 tabelas
2025-09-03 15:26:10 (BRT) - INFO - ============================================================
2025-09-03 15:26:10 (BRT) - INFO - PROCESSAMENTO VERTICAL - UM DIA POR LINHA
2025-09-03 15:26:10 (BRT) - INFO - ============================================================
2025-09-03 15:26:10 (BRT) - INFO - Iniciando leitura verticalizada da tabela: Cardápio de mes setembro.docx
2025-09-03 15:26:10 (BRT) - INFO - Tabela encontrada com 47 linhas
2025-09-03 15:26:10 (BRT) - DEBUG - Linha 0: ['', 'segunda-feira, 01 setembro de 2025', 'segunda-feira, 01 setembro de 2025', 'terça-feira, 02 setembro de 2025', 'quarta-feira, 03 setembro de 2025', 'quinta-feira, 04 setembro de 2025', 'sexta-feira, 05 setembro de 2025']
2025-09-03 15:26:10 (BRT) - DEBUG - Linha 1: ['', '', '', '', '', '', '']
2025-09-03 15:26:10 (BRT) - DEBUG - Linha 2: ['Saladas', 'Alface com cenoura', 'Alface com cenoura', 'Almeirão com pepino', 'Alface com rabanete', 'Acelga com tomate', 'Radite com pepino']
2025-09-03 15:26:10 (BRT) - DEBUG - Linha 3: ['Saladas', 'Mix grão (milho, ervilha, grão de bico)', 'Mix grão (milho, ervilha, grão de bico)', 'Chuchu   colorido\nFruta', 'Cenoura cozida', 'Repolho cozido\nFruta', 'Trigo e abobrinha  a vinagrete']
2025-09-03 15:26:10 (BRT) - DEBUG - Linha 4: ['', '', '', '', '', '', '']
2025-09-03 15:26:10 (BRT) - INFO - Cabeçalho encontrado na linha 0: ['', 'segunda-feira, 01 setembro de 2025', 'segunda-feira, 01 setembro de 2025', 'terça-feira, 02 setembro de 2025', 'quarta-feira, 03 setembro de 2025', 'quinta-feira, 04 setembro de 2025', 'sexta-feira, 05 setembro de 2025']
2025-09-03 15:26:10 (BRT) - INFO - Datas encontradas: ['segunda-feira, 01 setembro de 2025', 'segunda-feira, 01 setembro de 2025', 'terça-feira, 02 setembro de 2025', 'quarta-feira, 03 setembro de 2025', 'quinta-feira, 04 setembro de 2025', 'sexta-feira, 05 setembro de 2025']
2025-09-03 15:26:10 (BRT) - INFO - Dados após remover linhas vazias: 27 linhas
2025-09-03 15:26:10 (BRT) - INFO - Processando coluna 0: segunda-feira, 01 setembro de 2025
2025-09-03 15:26:10 (BRT) - INFO - Cardápio processado para segunda-feira, 01 setembro de 2025
2025-09-03 15:26:10 (BRT) - INFO - Processando coluna 1: segunda-feira, 01 setembro de 2025
2025-09-03 15:26:10 (BRT) - INFO - Cardápio processado para segunda-feira, 01 setembro de 2025
2025-09-03 15:26:10 (BRT) - INFO - Processando coluna 2: terça-feira, 02 setembro de 2025
2025-09-03 15:26:10 (BRT) - INFO - Cardápio processado para terça-feira, 02 setembro de 2025
2025-09-03 15:26:10 (BRT) - INFO - Processando coluna 3: quarta-feira, 03 setembro de 2025
2025-09-03 15:26:10 (BRT) - INFO - Cardápio processado para quarta-feira, 03 setembro de 2025
2025-09-03 15:26:10 (BRT) - INFO - Processando coluna 4: quinta-feira, 04 setembro de 2025
2025-09-03 15:26:10 (BRT) - INFO - Cardápio processado para quinta-feira, 04 setembro de 2025
2025-09-03 15:26:10 (BRT) - INFO - Processando coluna 5: sexta-feira, 05 setembro de 2025
2025-09-03 15:26:10 (BRT) - INFO - Cardápio processado para sexta-feira, 05 setembro de 2025
2025-09-03 15:26:10 (BRT) - INFO - DataFrame criado com 6 dias
2025-09-03 15:26:10 (BRT) - INFO - Processamento concluído com sucesso!
2025-09-03 15:26:10 (BRT) - INFO - Shape do DataFrame: (6, 6)
2025-09-03 15:26:10 (BRT) - INFO - Colunas: ['Data', 'Saladas', 'Acompanhamento', 'Guarnição', 'Prato Principal', 'Vegetariano']
2025-09-03 15:26:11 (BRT) - INFO - Dias processados: ['segunda-feira, 01 setembro de 2025', 'segunda-feira, 01 setembro de 2025', 'terça-feira, 02 setembro de 2025', 'quarta-feira, 03 setembro de 2025', 'quinta-feira, 04 setembro de 2025', 'sexta-feira, 05 setembro de 2025']
2025-09-03 15:26:11 (BRT) - INFO - Dia 0: segunda-feira, 01 setembro de 2025
2025-09-03 15:26:11 (BRT) - INFO -   Saladas: 
2025-09-03 15:26:11 (BRT) - INFO -   Acompanhamento: 
2025-09-03 15:26:11 (BRT) - INFO -   Prato Principal: 
2025-09-03 15:26:11 (BRT) - INFO - Dia 1: segunda-feira, 01 setembro de 2025
2025-09-03 15:26:11 (BRT) - INFO -   Saladas: Alface com cenoura
Mix grão (milho, ervilha, grão de bico)
Almeirão cenoura
Vinagrete de lentilha
Alface
Lentilha com tomate
2025-09-03 15:26:11 (BRT) - INFO -   Acompanhamento: Arroz Branco
Feijão Preto
Arroz Branco
Feijão Preto
Arroz Branco
Feijão Preto
2025-09-03 15:26:11 (BRT) - INFO -   Prato Principal: Iscas suínas aceboladas
segunda-feira,  08 setembro de 2025
Frango xadrez
segunda-feira, 15 setembro de 2025
Frango assado ao molho de mostarda
2025-09-03 15:26:11 (BRT) - INFO - Dia 2: terça-feira, 02 setembro de 2025
2025-09-03 15:26:11 (BRT) - INFO -   Saladas: Alface com cenoura
Mix grão (milho, ervilha, grão de bico)
Almeirão cenoura
Vinagrete de lentilha
Alface
Lentilha com tomate
2025-09-03 15:26:11 (BRT) - INFO -   Acompanhamento: Arroz Branco
Feijão Preto
Arroz Branco
Feijão Preto
Arroz Branco
Feijão Preto
2025-09-03 15:26:11 (BRT) - INFO -   Prato Principal: Iscas suínas aceboladas
segunda-feira,  08 setembro de 2025
Frango xadrez
segunda-feira, 15 setembro de 2025
Frango assado ao molho de mostarda
2025-09-03 15:26:11 (BRT) - INFO - Dia 3: quarta-feira, 03 setembro de 2025
2025-09-03 15:26:11 (BRT) - INFO -   Saladas: Almeirão com pepino
Chuchu   colorido
Fruta
Agrião com Cenoura
Beterraba cozida
Fruta
Acelga com rabanete
Grão de bico á vinagrete
Fruta
2025-09-03 15:26:11 (BRT) - INFO -   Acompanhamento: Arroz Branco
Feijão Preto
Arroz Branco
Feijão Preto
Arroz Branco
Feijão Preto
2025-09-03 15:26:11 (BRT) - INFO -   Prato Principal: Frango assado
terça-feira, 09 setembro de 2025
Bife ao molho escuro
terça-feira, 16 setembro de 2025
Strogonoff de frango
2025-09-03 15:26:11 (BRT) - INFO - Dia 4: quinta-feira, 04 setembro de 2025
2025-09-03 15:26:11 (BRT) - INFO -   Saladas: Alface com rabanete
Cenoura cozida
Mix de folhas com tomate
Chuchu cozido
Chicória com cebola
Beterraba cozida
2025-09-03 15:26:11 (BRT) - INFO -   Acompanhamento: Arroz Branco/arroz integral
Feijão Preto
Arroz Branco
Feijão carioca
Arroz Branco
Feijão carioca
2025-09-03 15:26:11 (BRT) - INFO -   Prato Principal: Rocambole de frango
quarta-feira, 10 setembro de 2025
Peixe á milanesa
quarta-feira, 16  setembro de 2025
Bife bovino acebolado
